{"/Users/theblooming/Documents/OpenClassRooms/projet_4_opc/Datashare/frontend/src/App.tsx": {"path":"/Users/theblooming/Documents/OpenClassRooms/projet_4_opc/Datashare/frontend/src/App.tsx","statementMap":{"0":{"start":{"line":7,"column":4},"end":{"line":12,"column":null}},"1":{"start":{"line":14,"column":1},"end":{"line":6,"column":27}},"2":{"start":{"line":6,"column":27},"end":{"line":6,"column":30}}},"fnMap":{"0":{"name":"App","decl":{"start":{"line":6,"column":24},"end":{"line":6,"column":27}},"loc":{"start":{"line":6,"column":30},"end":{"line":14,"column":1}}}},"branchMap":{},"s":{"0":16,"1":24,"2":24},"f":{"0":16},"b":{}}
,"/Users/theblooming/Documents/OpenClassRooms/projet_4_opc/Datashare/frontend/src/main.tsx": {"path":"/Users/theblooming/Documents/OpenClassRooms/projet_4_opc/Datashare/frontend/src/main.tsx","statementMap":{"0":{"start":{"line":7,"column":0},"end":{"line":13,"column":null}}},"fnMap":{},"branchMap":{},"s":{"0":16},"f":{},"b":{}}
,"/Users/theblooming/Documents/OpenClassRooms/projet_4_opc/Datashare/frontend/src/components/Button/Button.tsx": {"path":"/Users/theblooming/Documents/OpenClassRooms/projet_4_opc/Datashare/frontend/src/components/Button/Button.tsx","statementMap":{"0":{"start":{"line":12,"column":4},"end":{"line":20,"column":null}},"1":{"start":{"line":22,"column":1},"end":{"line":11,"column":30}},"2":{"start":{"line":11,"column":30},"end":{"line":11,"column":31}}},"fnMap":{"0":{"name":"Button","decl":{"start":{"line":11,"column":24},"end":{"line":11,"column":30}},"loc":{"start":{"line":11,"column":118},"end":{"line":22,"column":1}}}},"branchMap":{"0":{"loc":{"start":{"line":11,"column":49},"end":{"line":11,"column":68}},"type":"default-arg","locations":[{"start":{"line":11,"column":61},"end":{"line":11,"column":68}}]},"1":{"loc":{"start":{"line":11,"column":68},"end":{"line":11,"column":85}},"type":"default-arg","locations":[{"start":{"line":11,"column":75},"end":{"line":11,"column":85}}]},"2":{"loc":{"start":{"line":11,"column":85},"end":{"line":11,"column":115}},"type":"default-arg","locations":[{"start":{"line":11,"column":96},"end":{"line":11,"column":115}}]}},"s":{"0":628,"1":16,"2":16},"f":{"0":628},"b":{"0":[372],"1":[8],"2":[628]}}
,"/Users/theblooming/Documents/OpenClassRooms/projet_4_opc/Datashare/frontend/src/components/Callout/Callout.tsx": {"path":"/Users/theblooming/Documents/OpenClassRooms/projet_4_opc/Datashare/frontend/src/components/Callout/Callout.tsx","statementMap":{"0":{"start":{"line":12,"column":43},"end":{"line":16,"column":null}},"1":{"start":{"line":19,"column":4},"end":{"line":23,"column":null}},"2":{"start":{"line":25,"column":1},"end":{"line":18,"column":31}},"3":{"start":{"line":18,"column":31},"end":{"line":18,"column":32}}},"fnMap":{"0":{"name":"Callout","decl":{"start":{"line":18,"column":24},"end":{"line":18,"column":31}},"loc":{"start":{"line":18,"column":76},"end":{"line":25,"column":1}}}},"branchMap":{},"s":{"0":16,"1":36,"2":16,"3":16},"f":{"0":36},"b":{}}
,"/Users/theblooming/Documents/OpenClassRooms/projet_4_opc/Datashare/frontend/src/components/Header/Header.tsx": {"path":"/Users/theblooming/Documents/OpenClassRooms/projet_4_opc/Datashare/frontend/src/components/Header/Header.tsx","statementMap":{"0":{"start":{"line":8,"column":4},"end":{"line":19,"column":null}},"1":{"start":{"line":21,"column":1},"end":{"line":7,"column":30}},"2":{"start":{"line":7,"column":30},"end":{"line":7,"column":31}}},"fnMap":{"0":{"name":"Header","decl":{"start":{"line":7,"column":24},"end":{"line":7,"column":30}},"loc":{"start":{"line":7,"column":67},"end":{"line":21,"column":1}}}},"branchMap":{"0":{"loc":{"start":{"line":7,"column":33},"end":{"line":7,"column":64}},"type":"default-arg","locations":[{"start":{"line":7,"column":43},"end":{"line":7,"column":64}}]},"1":{"loc":{"start":{"line":11,"column":13},"end":{"line":17,"column":null}},"type":"cond-expr","locations":[{"start":{"line":12,"column":16},"end":{"line":12,"column":null}},{"start":{"line":14,"column":16},"end":{"line":17,"column":null}}]}},"s":{"0":664,"1":16,"2":16},"f":{"0":664},"b":{"0":[0],"1":[664,0]}}
,"/Users/theblooming/Documents/OpenClassRooms/projet_4_opc/Datashare/frontend/src/components/Input/Input.tsx": {"path":"/Users/theblooming/Documents/OpenClassRooms/projet_4_opc/Datashare/frontend/src/components/Input/Input.tsx","statementMap":{"0":{"start":{"line":15,"column":4},"end":{"line":28,"column":null}},"1":{"start":{"line":30,"column":1},"end":{"line":14,"column":29}},"2":{"start":{"line":14,"column":29},"end":{"line":14,"column":30}}},"fnMap":{"0":{"name":"Input","decl":{"start":{"line":14,"column":24},"end":{"line":14,"column":29}},"loc":{"start":{"line":14,"column":123},"end":{"line":30,"column":1}}}},"branchMap":{"0":{"loc":{"start":{"line":14,"column":43},"end":{"line":14,"column":58}},"type":"default-arg","locations":[{"start":{"line":14,"column":50},"end":{"line":14,"column":58}}]}},"s":{"0":1604,"1":16,"2":16},"f":{"0":1604},"b":{"0":[0]}}
,"/Users/theblooming/Documents/OpenClassRooms/projet_4_opc/Datashare/frontend/src/pages/Download/Download.tsx": {"path":"/Users/theblooming/Documents/OpenClassRooms/projet_4_opc/Datashare/frontend/src/pages/Download/Download.tsx","statementMap":{"0":{"start":{"line":11,"column":35},"end":{"line":11,"column":null}},"1":{"start":{"line":12,"column":22},"end":{"line":12,"column":null}},"2":{"start":{"line":13,"column":28},"end":{"line":13,"column":null}},"3":{"start":{"line":14,"column":36},"end":{"line":14,"column":null}},"4":{"start":{"line":15,"column":30},"end":{"line":15,"column":null}},"5":{"start":{"line":17,"column":4},"end":{"line":24,"column":null}},"6":{"start":{"line":18,"column":8},"end":{"line":18,"column":null}},"7":{"start":{"line":18,"column":20},"end":{"line":18,"column":null}},"8":{"start":{"line":20,"column":8},"end":{"line":22,"column":null}},"9":{"start":{"line":22,"column":35},"end":{"line":22,"column":56}},"10":{"start":{"line":26,"column":21},"end":{"line":26,"column":null}},"11":{"start":{"line":28,"column":27},"end":{"line":35,"column":null}},"12":{"start":{"line":29,"column":8},"end":{"line":29,"column":null}},"13":{"start":{"line":29,"column":20},"end":{"line":29,"column":null}},"14":{"start":{"line":30,"column":8},"end":{"line":34,"column":null}},"15":{"start":{"line":31,"column":12},"end":{"line":31,"column":null}},"16":{"start":{"line":33,"column":12},"end":{"line":33,"column":null}},"17":{"start":{"line":33,"column":38},"end":{"line":33,"column":null}},"18":{"start":{"line":37,"column":4},"end":{"line":76,"column":null}},"19":{"start":{"line":60,"column":53},"end":{"line":60,"column":81}},"20":{"start":{"line":67,"column":40},"end":{"line":67,"column":null}},"21":{"start":{"line":68,"column":24},"end":{"line":68,"column":null}},"22":{"start":{"line":78,"column":1},"end":{"line":12,"column":51}},"23":{"start":{"line":11,"column":32},"end":{"line":12,"column":51}},"24":{"start":{"line":12,"column":31},"end":{"line":11,"column":32}},"25":{"start":{"line":11,"column":32},"end":{"line":11,"column":35}}},"fnMap":{"0":{"name":"Download","decl":{"start":{"line":11,"column":24},"end":{"line":11,"column":32}},"loc":{"start":{"line":11,"column":35},"end":{"line":78,"column":1}}},"1":{"name":"(anonymous_1)","decl":{"start":{"line":17,"column":14},"end":{"line":17,"column":20}},"loc":{"start":{"line":17,"column":20},"end":{"line":24,"column":7}}},"2":{"name":"(anonymous_2)","decl":{"start":{"line":22,"column":19},"end":{"line":22,"column":20}},"loc":{"start":{"line":22,"column":35},"end":{"line":22,"column":56}}},"3":{"name":"(anonymous_3)","decl":{"start":{"line":28,"column":27},"end":{"line":28,"column":39}},"loc":{"start":{"line":28,"column":39},"end":{"line":35,"column":null}}},"4":{"name":"(anonymous_4)","decl":{"start":{"line":60,"column":46},"end":{"line":60,"column":47}},"loc":{"start":{"line":60,"column":53},"end":{"line":60,"column":81}}},"5":{"name":"(anonymous_5)","decl":{"start":{"line":66,"column":30},"end":{"line":66,"column":36}},"loc":{"start":{"line":66,"column":36},"end":{"line":69,"column":23}}},"6":{"name":"(anonymous_6)","decl":{"start":{"line":11,"column":32},"end":{"line":11,"column":35}},"loc":{"start":{"line":11,"column":32},"end":{"line":12,"column":51}}}},"branchMap":{"0":{"loc":{"start":{"line":18,"column":8},"end":{"line":18,"column":null}},"type":"if","locations":[{"start":{"line":18,"column":8},"end":{"line":18,"column":null}}]},"1":{"loc":{"start":{"line":26,"column":21},"end":{"line":26,"column":null}},"type":"cond-expr","locations":[{"start":{"line":26,"column":28},"end":{"line":26,"column":65}},{"start":{"line":26,"column":65},"end":{"line":26,"column":null}}]},"2":{"loc":{"start":{"line":29,"column":8},"end":{"line":29,"column":null}},"type":"if","locations":[{"start":{"line":29,"column":8},"end":{"line":29,"column":null}}]},"3":{"loc":{"start":{"line":33,"column":12},"end":{"line":33,"column":null}},"type":"if","locations":[{"start":{"line":33,"column":12},"end":{"line":33,"column":null}}]},"4":{"loc":{"start":{"line":43,"column":21},"end":{"line":63,"column":null}},"type":"binary-expr","locations":[{"start":{"line":43,"column":21},"end":{"line":43,"column":null}},{"start":{"line":44,"column":24},"end":{"line":63,"column":null}}]},"5":{"loc":{"start":{"line":53,"column":29},"end":{"line":60,"column":null}},"type":"binary-expr","locations":[{"start":{"line":53,"column":29},"end":{"line":53,"column":null}},{"start":{"line":54,"column":32},"end":{"line":60,"column":null}}]},"6":{"loc":{"start":{"line":66,"column":21},"end":{"line":69,"column":null}},"type":"binary-expr","locations":[{"start":{"line":66,"column":21},"end":{"line":66,"column":30}},{"start":{"line":66,"column":21},"end":{"line":69,"column":null}}]},"7":{"loc":{"start":{"line":68,"column":31},"end":{"line":68,"column":null}},"type":"cond-expr","locations":[{"start":{"line":68,"column":41},"end":{"line":68,"column":112}},{"start":{"line":68,"column":112},"end":{"line":68,"column":null}}]},"8":{"loc":{"start":{"line":71,"column":21},"end":{"line":71,"column":null}},"type":"binary-expr","locations":[{"start":{"line":71,"column":21},"end":{"line":71,"column":30}},{"start":{"line":71,"column":30},"end":{"line":71,"column":null}}]},"9":{"loc":{"start":{"line":73,"column":21},"end":{"line":73,"column":null}},"type":"binary-expr","locations":[{"start":{"line":73,"column":21},"end":{"line":73,"column":37}},{"start":{"line":73,"column":37},"end":{"line":73,"column":null}}]}},"s":{"0":48,"1":48,"2":48,"3":48,"4":48,"5":48,"6":16,"7":0,"8":16,"9":4,"10":48,"11":48,"12":0,"13":0,"14":0,"15":0,"16":0,"17":0,"18":48,"19":0,"20":24,"21":24,"22":16,"23":8,"24":16,"25":16},"f":{"0":48,"1":16,"2":4,"3":0,"4":0,"5":24,"6":8},"b":{"0":[0],"1":[24,24],"2":[0],"3":[0],"4":[48,24],"5":[24,0],"6":[48,24],"7":[24,0],"8":[48,8],"9":[48,8]}}
,"/Users/theblooming/Documents/OpenClassRooms/projet_4_opc/Datashare/frontend/src/pages/Home/Home.tsx": {"path":"/Users/theblooming/Documents/OpenClassRooms/projet_4_opc/Datashare/frontend/src/pages/Home/Home.tsx","statementMap":{"0":{"start":{"line":6,"column":31},"end":{"line":6,"column":null}},"1":{"start":{"line":7,"column":21},"end":{"line":7,"column":null}},"2":{"start":{"line":8,"column":21},"end":{"line":8,"column":null}},"3":{"start":{"line":10,"column":29},"end":{"line":14,"column":null}},"4":{"start":{"line":11,"column":21},"end":{"line":11,"column":null}},"5":{"start":{"line":12,"column":8},"end":{"line":12,"column":null}},"6":{"start":{"line":12,"column":19},"end":{"line":12,"column":null}},"7":{"start":{"line":13,"column":8},"end":{"line":13,"column":null}},"8":{"start":{"line":16,"column":4},"end":{"line":32,"column":null}},"9":{"start":{"line":21,"column":68},"end":{"line":21,"column":94}},"10":{"start":{"line":34,"column":1},"end":{"line":8,"column":33}},"11":{"start":{"line":6,"column":28},"end":{"line":8,"column":33}},"12":{"start":{"line":8,"column":32},"end":{"line":6,"column":28}},"13":{"start":{"line":6,"column":28},"end":{"line":6,"column":31}}},"fnMap":{"0":{"name":"Home","decl":{"start":{"line":6,"column":24},"end":{"line":6,"column":28}},"loc":{"start":{"line":6,"column":31},"end":{"line":34,"column":1}}},"1":{"name":"(anonymous_1)","decl":{"start":{"line":10,"column":29},"end":{"line":10,"column":30}},"loc":{"start":{"line":10,"column":73},"end":{"line":14,"column":null}}},"2":{"name":"(anonymous_2)","decl":{"start":{"line":21,"column":62},"end":{"line":21,"column":68}},"loc":{"start":{"line":21,"column":68},"end":{"line":21,"column":94}}},"3":{"name":"(anonymous_3)","decl":{"start":{"line":6,"column":28},"end":{"line":6,"column":31}},"loc":{"start":{"line":6,"column":28},"end":{"line":8,"column":33}}}},"branchMap":{"0":{"loc":{"start":{"line":12,"column":8},"end":{"line":12,"column":null}},"type":"if","locations":[{"start":{"line":12,"column":8},"end":{"line":12,"column":null}}]}},"s":{"0":0,"1":0,"2":0,"3":0,"4":0,"5":0,"6":0,"7":0,"8":0,"9":0,"10":8,"11":0,"12":8,"13":8},"f":{"0":0,"1":0,"2":0,"3":0},"b":{"0":[0]}}
,"/Users/theblooming/Documents/OpenClassRooms/projet_4_opc/Datashare/frontend/src/pages/Login/Login.tsx": {"path":"/Users/theblooming/Documents/OpenClassRooms/projet_4_opc/Datashare/frontend/src/pages/Login/Login.tsx","statementMap":{"0":{"start":{"line":9,"column":32},"end":{"line":9,"column":null}},"1":{"start":{"line":10,"column":30},"end":{"line":10,"column":null}},"2":{"start":{"line":11,"column":36},"end":{"line":11,"column":null}},"3":{"start":{"line":12,"column":30},"end":{"line":12,"column":null}},"4":{"start":{"line":14,"column":25},"end":{"line":24,"column":null}},"5":{"start":{"line":15,"column":8},"end":{"line":15,"column":null}},"6":{"start":{"line":16,"column":8},"end":{"line":16,"column":null}},"7":{"start":{"line":18,"column":8},"end":{"line":23,"column":null}},"8":{"start":{"line":19,"column":24},"end":{"line":19,"column":null}},"9":{"start":{"line":20,"column":12},"end":{"line":20,"column":null}},"10":{"start":{"line":22,"column":12},"end":{"line":22,"column":null}},"11":{"start":{"line":26,"column":4},"end":{"line":65,"column":null}},"12":{"start":{"line":43,"column":49},"end":{"line":43,"column":null}},"13":{"start":{"line":53,"column":49},"end":{"line":53,"column":null}},"14":{"start":{"line":67,"column":1},"end":{"line":9,"column":32}},"15":{"start":{"line":9,"column":29},"end":{"line":null,"column":-1}},"16":{"start":{"line":9,"column":29},"end":{"line":9,"column":32}},"17":{"start":{"line":14,"column":25},"end":{"line":22,"column":null}},"18":{"start":{"line":18,"column":8},"end":{"line":22,"column":21}},"19":{"start":{"line":19,"column":12},"end":{"line":19,"column":43}},"20":{"start":{"line":21,"column":8},"end":{"line":21,"column":null}},"21":{"start":{"line":24,"column":4},"end":{"line":27,"column":9}},"22":{"start":{"line":42,"column":39},"end":{"line":42,"column":null}},"23":{"start":{"line":52,"column":39},"end":{"line":52,"column":null}},"24":{"start":{"line":67,"column":0},"end":{"line":67,"column":1}}},"fnMap":{"0":{"name":"Login","decl":{"start":{"line":9,"column":24},"end":{"line":9,"column":29}},"loc":{"start":{"line":9,"column":32},"end":{"line":67,"column":1}}},"1":{"name":"(anonymous_1)","decl":{"start":{"line":14,"column":25},"end":{"line":14,"column":32}},"loc":{"start":{"line":14,"column":57},"end":{"line":24,"column":null}}},"2":{"name":"(anonymous_2)","decl":{"start":{"line":43,"column":42},"end":{"line":43,"column":43}},"loc":{"start":{"line":43,"column":49},"end":{"line":43,"column":null}}},"3":{"name":"(anonymous_3)","decl":{"start":{"line":53,"column":42},"end":{"line":53,"column":43}},"loc":{"start":{"line":53,"column":49},"end":{"line":53,"column":null}}},"4":{"name":"(anonymous_2)","decl":{"start":{"line":42,"column":39},"end":{"line":42,"column":null}},"loc":{"start":{"line":42,"column":39},"end":{"line":42,"column":null}}},"5":{"name":"(anonymous_3)","decl":{"start":{"line":52,"column":39},"end":{"line":52,"column":null}},"loc":{"start":{"line":52,"column":39},"end":{"line":52,"column":null}}}},"branchMap":{"0":{"loc":{"start":{"line":58,"column":29},"end":{"line":58,"column":null}},"type":"binary-expr","locations":[{"start":{"line":58,"column":29},"end":{"line":58,"column":38}},{"start":{"line":58,"column":38},"end":{"line":58,"column":null}}]},"1":{"loc":{"start":{"line":55,"column":45},"end":{"line":58,"column":39}},"type":"binary-expr","locations":[{"start":{"line":55,"column":45},"end":{"line":55,"column":null}},{"start":{"line":55,"column":45},"end":{"line":58,"column":39}}]}},"s":{"0":264,"1":264,"2":264,"3":264,"4":132,"5":4,"6":4,"7":2,"8":4,"9":2,"10":133,"11":132,"12":167,"13":158,"14":24,"15":8,"16":16,"17":264,"18":4,"19":4,"20":3,"21":132,"22":167,"23":158,"24":8},"f":{"0":396,"1":138,"2":167,"3":158,"4":167,"5":158},"b":{"0":[132,2],"1":[132,2]}}
,"/Users/theblooming/Documents/OpenClassRooms/projet_4_opc/Datashare/frontend/src/pages/Register/Register.tsx": {"path":"/Users/theblooming/Documents/OpenClassRooms/projet_4_opc/Datashare/frontend/src/pages/Register/Register.tsx","statementMap":{"0":{"start":{"line":9,"column":35},"end":{"line":9,"column":null}},"1":{"start":{"line":10,"column":30},"end":{"line":10,"column":null}},"2":{"start":{"line":11,"column":36},"end":{"line":11,"column":null}},"3":{"start":{"line":12,"column":50},"end":{"line":12,"column":null}},"4":{"start":{"line":13,"column":30},"end":{"line":13,"column":null}},"5":{"start":{"line":15,"column":25},"end":{"line":30,"column":null}},"6":{"start":{"line":16,"column":8},"end":{"line":16,"column":null}},"7":{"start":{"line":17,"column":8},"end":{"line":17,"column":null}},"8":{"start":{"line":19,"column":8},"end":{"line":22,"column":null}},"9":{"start":{"line":20,"column":12},"end":{"line":20,"column":null}},"10":{"start":{"line":21,"column":12},"end":{"line":21,"column":null}},"11":{"start":{"line":24,"column":8},"end":{"line":29,"column":null}},"12":{"start":{"line":25,"column":24},"end":{"line":25,"column":null}},"13":{"start":{"line":26,"column":12},"end":{"line":26,"column":null}},"14":{"start":{"line":28,"column":12},"end":{"line":28,"column":null}},"15":{"start":{"line":32,"column":4},"end":{"line":80,"column":null}},"16":{"start":{"line":49,"column":45},"end":{"line":49,"column":null}},"17":{"start":{"line":58,"column":45},"end":{"line":58,"column":null}},"18":{"start":{"line":68,"column":45},"end":{"line":68,"column":null}},"19":{"start":{"line":82,"column":1},"end":{"line":9,"column":35}},"20":{"start":{"line":9,"column":32},"end":{"line":null,"column":-1}},"21":{"start":{"line":9,"column":32},"end":{"line":9,"column":35}},"22":{"start":{"line":15,"column":25},"end":{"line":28,"column":null}},"23":{"start":{"line":24,"column":8},"end":{"line":28,"column":21}},"24":{"start":{"line":25,"column":12},"end":{"line":25,"column":46}},"25":{"start":{"line":27,"column":8},"end":{"line":27,"column":null}},"26":{"start":{"line":30,"column":4},"end":{"line":33,"column":9}},"27":{"start":{"line":48,"column":35},"end":{"line":48,"column":null}},"28":{"start":{"line":57,"column":35},"end":{"line":57,"column":null}},"29":{"start":{"line":67,"column":35},"end":{"line":67,"column":null}},"30":{"start":{"line":82,"column":0},"end":{"line":82,"column":1}}},"fnMap":{"0":{"name":"Register","decl":{"start":{"line":9,"column":24},"end":{"line":9,"column":32}},"loc":{"start":{"line":9,"column":35},"end":{"line":82,"column":1}}},"1":{"name":"(anonymous_1)","decl":{"start":{"line":15,"column":25},"end":{"line":15,"column":32}},"loc":{"start":{"line":15,"column":57},"end":{"line":30,"column":null}}},"2":{"name":"(anonymous_2)","decl":{"start":{"line":49,"column":38},"end":{"line":49,"column":39}},"loc":{"start":{"line":49,"column":45},"end":{"line":49,"column":null}}},"3":{"name":"(anonymous_3)","decl":{"start":{"line":58,"column":38},"end":{"line":58,"column":39}},"loc":{"start":{"line":58,"column":45},"end":{"line":58,"column":null}}},"4":{"name":"(anonymous_4)","decl":{"start":{"line":68,"column":38},"end":{"line":68,"column":39}},"loc":{"start":{"line":68,"column":45},"end":{"line":68,"column":null}}},"5":{"name":"(anonymous_2)","decl":{"start":{"line":48,"column":35},"end":{"line":48,"column":null}},"loc":{"start":{"line":48,"column":35},"end":{"line":48,"column":null}}},"6":{"name":"(anonymous_3)","decl":{"start":{"line":57,"column":35},"end":{"line":57,"column":null}},"loc":{"start":{"line":57,"column":35},"end":{"line":57,"column":null}}},"7":{"name":"(anonymous_4)","decl":{"start":{"line":67,"column":35},"end":{"line":67,"column":null}},"loc":{"start":{"line":67,"column":35},"end":{"line":67,"column":null}}}},"branchMap":{"0":{"loc":{"start":{"line":19,"column":8},"end":{"line":22,"column":null}},"type":"if","locations":[{"start":{"line":19,"column":8},"end":{"line":22,"column":null}}]},"1":{"loc":{"start":{"line":73,"column":25},"end":{"line":73,"column":null}},"type":"binary-expr","locations":[{"start":{"line":73,"column":25},"end":{"line":73,"column":34}},{"start":{"line":73,"column":34},"end":{"line":73,"column":null}}]},"2":{"loc":{"start":{"line":70,"column":41},"end":{"line":73,"column":35}},"type":"binary-expr","locations":[{"start":{"line":70,"column":41},"end":{"line":70,"column":null}},{"start":{"line":70,"column":41},"end":{"line":73,"column":35}}]}},"s":{"0":368,"1":368,"2":368,"3":368,"4":368,"5":184,"6":4,"7":4,"8":4,"9":2,"10":2,"11":1,"12":2,"13":1,"14":184,"15":184,"16":218,"17":210,"18":212,"19":24,"20":8,"21":16,"22":368,"23":2,"24":2,"25":1,"26":184,"27":218,"28":210,"29":212,"30":8},"f":{"0":552,"1":190,"2":218,"3":210,"4":212,"5":218,"6":210,"7":212},"b":{"0":[2],"1":[184,2],"2":[184,2]}}
,"/Users/theblooming/Documents/OpenClassRooms/projet_4_opc/Datashare/frontend/src/pages/Upload/Upload.tsx": {"path":"/Users/theblooming/Documents/OpenClassRooms/projet_4_opc/Datashare/frontend/src/pages/Upload/Upload.tsx","statementMap":{"0":{"start":{"line":8,"column":33},"end":{"line":8,"column":null}},"1":{"start":{"line":9,"column":21},"end":{"line":9,"column":null}},"2":{"start":{"line":10,"column":24},"end":{"line":10,"column":null}},"3":{"start":{"line":12,"column":30},"end":{"line":12,"column":null}},"4":{"start":{"line":13,"column":28},"end":{"line":13,"column":null}},"5":{"start":{"line":14,"column":36},"end":{"line":14,"column":null}},"6":{"start":{"line":15,"column":40},"end":{"line":15,"column":null}},"7":{"start":{"line":16,"column":44},"end":{"line":16,"column":null}},"8":{"start":{"line":17,"column":44},"end":{"line":17,"column":null}},"9":{"start":{"line":18,"column":21},"end":{"line":18,"column":null}},"10":{"start":{"line":20,"column":21},"end":{"line":20,"column":null}},"11":{"start":{"line":22,"column":29},"end":{"line":34,"column":null}},"12":{"start":{"line":23,"column":25},"end":{"line":23,"column":null}},"13":{"start":{"line":24,"column":8},"end":{"line":24,"column":null}},"14":{"start":{"line":24,"column":23},"end":{"line":24,"column":null}},"15":{"start":{"line":25,"column":8},"end":{"line":30,"column":null}},"16":{"start":{"line":26,"column":12},"end":{"line":26,"column":null}},"17":{"start":{"line":27,"column":12},"end":{"line":27,"column":null}},"18":{"start":{"line":28,"column":12},"end":{"line":28,"column":null}},"19":{"start":{"line":29,"column":12},"end":{"line":29,"column":null}},"20":{"start":{"line":31,"column":8},"end":{"line":31,"column":null}},"21":{"start":{"line":32,"column":8},"end":{"line":32,"column":null}},"22":{"start":{"line":33,"column":8},"end":{"line":33,"column":null}},"23":{"start":{"line":36,"column":25},"end":{"line":50,"column":null}},"24":{"start":{"line":37,"column":8},"end":{"line":37,"column":null}},"25":{"start":{"line":37,"column":19},"end":{"line":37,"column":null}},"26":{"start":{"line":39,"column":8},"end":{"line":49,"column":null}},"27":{"start":{"line":40,"column":30},"end":{"line":40,"column":null}},"28":{"start":{"line":41,"column":12},"end":{"line":41,"column":null}},"29":{"start":{"line":43,"column":24},"end":{"line":43,"column":null}},"30":{"start":{"line":44,"column":12},"end":{"line":44,"column":null}},"31":{"start":{"line":45,"column":12},"end":{"line":45,"column":null}},"32":{"start":{"line":47,"column":12},"end":{"line":47,"column":null}},"33":{"start":{"line":47,"column":38},"end":{"line":47,"column":null}},"34":{"start":{"line":48,"column":12},"end":{"line":48,"column":null}},"35":{"start":{"line":52,"column":27},"end":{"line":56,"column":null}},"36":{"start":{"line":53,"column":8},"end":{"line":53,"column":null}},"37":{"start":{"line":53,"column":27},"end":{"line":53,"column":null}},"38":{"start":{"line":54,"column":21},"end":{"line":54,"column":null}},"39":{"start":{"line":55,"column":8},"end":{"line":55,"column":null}},"40":{"start":{"line":58,"column":4},"end":{"line":107,"column":null}},"41":{"start":{"line":74,"column":82},"end":{"line":74,"column":109}},"42":{"start":{"line":77,"column":131},"end":{"line":77,"column":159}},"43":{"start":{"line":79,"column":95},"end":{"line":79,"column":null}},"44":{"start":{"line":109,"column":1},"end":{"line":9,"column":33}},"45":{"start":{"line":8,"column":30},"end":{"line":9,"column":33}},"46":{"start":{"line":9,"column":32},"end":{"line":8,"column":30}},"47":{"start":{"line":8,"column":30},"end":{"line":8,"column":33}}},"fnMap":{"0":{"name":"Upload","decl":{"start":{"line":8,"column":24},"end":{"line":8,"column":30}},"loc":{"start":{"line":8,"column":33},"end":{"line":109,"column":1}}},"1":{"name":"(anonymous_1)","decl":{"start":{"line":22,"column":29},"end":{"line":22,"column":30}},"loc":{"start":{"line":22,"column":73},"end":{"line":34,"column":null}}},"2":{"name":"(anonymous_2)","decl":{"start":{"line":36,"column":25},"end":{"line":36,"column":37}},"loc":{"start":{"line":36,"column":37},"end":{"line":50,"column":null}}},"3":{"name":"(anonymous_3)","decl":{"start":{"line":52,"column":27},"end":{"line":52,"column":33}},"loc":{"start":{"line":52,"column":33},"end":{"line":56,"column":null}}},"4":{"name":"(anonymous_4)","decl":{"start":{"line":74,"column":76},"end":{"line":74,"column":82}},"loc":{"start":{"line":74,"column":82},"end":{"line":74,"column":109}}},"5":{"name":"(anonymous_5)","decl":{"start":{"line":77,"column":124},"end":{"line":77,"column":125}},"loc":{"start":{"line":77,"column":131},"end":{"line":77,"column":159}}},"6":{"name":"(anonymous_6)","decl":{"start":{"line":79,"column":88},"end":{"line":79,"column":89}},"loc":{"start":{"line":79,"column":95},"end":{"line":79,"column":null}}},"7":{"name":"(anonymous_7)","decl":{"start":{"line":8,"column":30},"end":{"line":8,"column":33}},"loc":{"start":{"line":8,"column":30},"end":{"line":9,"column":33}}}},"branchMap":{"0":{"loc":{"start":{"line":13,"column":50},"end":{"line":13,"column":69}},"type":"binary-expr","locations":[{"start":{"line":13,"column":50},"end":{"line":13,"column":65}},{"start":{"line":13,"column":65},"end":{"line":13,"column":69}}]},"1":{"loc":{"start":{"line":24,"column":8},"end":{"line":24,"column":null}},"type":"if","locations":[{"start":{"line":24,"column":8},"end":{"line":24,"column":null}}]},"2":{"loc":{"start":{"line":25,"column":8},"end":{"line":30,"column":null}},"type":"if","locations":[{"start":{"line":25,"column":8},"end":{"line":30,"column":null}}]},"3":{"loc":{"start":{"line":37,"column":8},"end":{"line":37,"column":null}},"type":"if","locations":[{"start":{"line":37,"column":8},"end":{"line":37,"column":null}}]},"4":{"loc":{"start":{"line":43,"column":47},"end":{"line":43,"column":70}},"type":"binary-expr","locations":[{"start":{"line":43,"column":47},"end":{"line":43,"column":59}},{"start":{"line":43,"column":59},"end":{"line":43,"column":70}}]},"5":{"loc":{"start":{"line":47,"column":12},"end":{"line":47,"column":null}},"type":"if","locations":[{"start":{"line":47,"column":12},"end":{"line":47,"column":null}}]},"6":{"loc":{"start":{"line":53,"column":8},"end":{"line":53,"column":null}},"type":"if","locations":[{"start":{"line":53,"column":8},"end":{"line":53,"column":null}}]},"7":{"loc":{"start":{"line":62,"column":18},"end":{"line":85,"column":null}},"type":"binary-expr","locations":[{"start":{"line":62,"column":18},"end":{"line":62,"column":42}},{"start":{"line":62,"column":42},"end":{"line":62,"column":null}},{"start":{"line":63,"column":20},"end":{"line":85,"column":null}}]},"8":{"loc":{"start":{"line":69,"column":66},"end":{"line":69,"column":118}},"type":"cond-expr","locations":[{"start":{"line":69,"column":86},"end":{"line":69,"column":116}},{"start":{"line":69,"column":116},"end":{"line":69,"column":118}}]},"9":{"loc":{"start":{"line":70,"column":37},"end":{"line":70,"column":null}},"type":"cond-expr","locations":[{"start":{"line":70,"column":37},"end":{"line":70,"column":93}},{"start":{"line":70,"column":93},"end":{"line":70,"column":null}}]},"10":{"loc":{"start":{"line":72,"column":33},"end":{"line":72,"column":null}},"type":"binary-expr","locations":[{"start":{"line":72,"column":33},"end":{"line":72,"column":54}},{"start":{"line":72,"column":54},"end":{"line":72,"column":null}}]},"11":{"loc":{"start":{"line":87,"column":17},"end":{"line":102,"column":null}},"type":"binary-expr","locations":[{"start":{"line":87,"column":17},"end":{"line":87,"column":40}},{"start":{"line":87,"column":40},"end":{"line":87,"column":null}},{"start":{"line":88,"column":20},"end":{"line":102,"column":null}}]},"12":{"loc":{"start":{"line":94,"column":66},"end":{"line":94,"column":125}},"type":"cond-expr","locations":[{"start":{"line":94,"column":66},"end":{"line":94,"column":122}},{"start":{"line":94,"column":122},"end":{"line":94,"column":125}}]}},"s":{"0":0,"1":0,"2":0,"3":0,"4":0,"5":0,"6":0,"7":0,"8":0,"9":0,"10":0,"11":0,"12":0,"13":0,"14":0,"15":0,"16":0,"17":0,"18":0,"19":0,"20":0,"21":0,"22":0,"23":0,"24":0,"25":0,"26":0,"27":0,"28":0,"29":0,"30":0,"31":0,"32":0,"33":0,"34":0,"35":0,"36":0,"37":0,"38":0,"39":0,"40":0,"41":0,"42":0,"43":0,"44":8,"45":0,"46":8,"47":8},"f":{"0":0,"1":0,"2":0,"3":0,"4":0,"5":0,"6":0,"7":0},"b":{"0":[0,0],"1":[0],"2":[0],"3":[0],"4":[0,0],"5":[0],"6":[0],"7":[0,0,0],"8":[0,0],"9":[0,0],"10":[0,0],"11":[0,0,0],"12":[0,0]}}
,"/Users/theblooming/Documents/OpenClassRooms/projet_4_opc/Datashare/frontend/src/services/Auth/auth.service.ts": {"path":"/Users/theblooming/Documents/OpenClassRooms/projet_4_opc/Datashare/frontend/src/services/Auth/auth.service.ts","statementMap":{"0":{"start":{"line":1,"column":16},"end":{"line":1,"column":null}},"1":{"start":{"line":8,"column":16},"end":{"line":12,"column":null}},"2":{"start":{"line":14,"column":4},"end":{"line":16,"column":null}},"3":{"start":{"line":15,"column":8},"end":{"line":15,"column":null}},"4":{"start":{"line":18,"column":4},"end":{"line":18,"column":null}},"5":{"start":{"line":22,"column":16},"end":{"line":26,"column":null}},"6":{"start":{"line":28,"column":4},"end":{"line":30,"column":null}},"7":{"start":{"line":29,"column":8},"end":{"line":29,"column":null}},"8":{"start":{"line":32,"column":4},"end":{"line":32,"column":null}},"9":{"start":{"line":36,"column":4},"end":{"line":36,"column":null}},"10":{"start":{"line":18,"column":15},"end":{"line":18,"column":null}},"11":{"start":{"line":19,"column":0},"end":{"line":19,"column":null}},"12":{"start":{"line":21,"column":0},"end":{"line":21,"column":22}},"13":{"start":{"line":24,"column":17},"end":{"line":29,"column":14}},"14":{"start":{"line":30,"column":4},"end":{"line":33,"column":null}},"15":{"start":{"line":35,"column":7},"end":{"line":35,"column":48}},"16":{"start":{"line":36,"column":4},"end":{"line":36,"column":39}},"17":{"start":{"line":37,"column":0},"end":{"line":37,"column":null}}},"fnMap":{"0":{"name":"login","decl":{"start":{"line":7,"column":22},"end":{"line":7,"column":28}},"loc":{"start":{"line":7,"column":84},"end":{"line":19,"column":null}}},"1":{"name":"register","decl":{"start":{"line":21,"column":22},"end":{"line":21,"column":31}},"loc":{"start":{"line":21,"column":87},"end":{"line":33,"column":null}}},"2":{"name":"saveToken","decl":{"start":{"line":35,"column":16},"end":{"line":35,"column":26}},"loc":{"start":{"line":35,"column":48},"end":{"line":37,"column":null}}}},"branchMap":{"0":{"loc":{"start":{"line":1,"column":16},"end":{"line":1,"column":null}},"type":"binary-expr","locations":[{"start":{"line":1,"column":16},"end":{"line":1,"column":48}},{"start":{"line":1,"column":48},"end":{"line":1,"column":null}}]},"1":{"loc":{"start":{"line":14,"column":4},"end":{"line":16,"column":null}},"type":"if","locations":[{"start":{"line":14,"column":4},"end":{"line":16,"column":null}}]},"2":{"loc":{"start":{"line":28,"column":4},"end":{"line":30,"column":null}},"type":"if","locations":[{"start":{"line":28,"column":4},"end":{"line":30,"column":null}}]},"3":{"loc":{"start":{"line":30,"column":4},"end":{"line":33,"column":null}},"type":"if","locations":[{"start":{"line":30,"column":4},"end":{"line":33,"column":null}}]}},"s":{"0":16,"1":4,"2":2,"3":2,"4":0,"5":1,"6":0,"7":0,"8":0,"9":0,"10":0,"11":0,"12":0,"13":1,"14":0,"15":0,"16":0,"17":0},"f":{"0":6,"1":1,"2":1},"b":{"0":[16,0],"1":[2],"2":[0],"3":[0]}}
,"/Users/theblooming/Documents/OpenClassRooms/projet_4_opc/Datashare/frontend/src/services/Files/files.service.ts": {"path":"/Users/theblooming/Documents/OpenClassRooms/projet_4_opc/Datashare/frontend/src/services/Files/files.service.ts","statementMap":{"0":{"start":{"line":1,"column":16},"end":{"line":1,"column":null}},"1":{"start":{"line":12,"column":16},"end":{"line":12,"column":null}},"2":{"start":{"line":14,"column":4},"end":{"line":16,"column":null}},"3":{"start":{"line":15,"column":8},"end":{"line":15,"column":null}},"4":{"start":{"line":18,"column":4},"end":{"line":20,"column":null}},"5":{"start":{"line":19,"column":8},"end":{"line":19,"column":null}},"6":{"start":{"line":22,"column":4},"end":{"line":24,"column":null}},"7":{"start":{"line":23,"column":8},"end":{"line":23,"column":null}},"8":{"start":{"line":26,"column":4},"end":{"line":26,"column":null}},"9":{"start":{"line":30,"column":16},"end":{"line":30,"column":null}},"10":{"start":{"line":32,"column":4},"end":{"line":34,"column":null}},"11":{"start":{"line":33,"column":8},"end":{"line":33,"column":null}},"12":{"start":{"line":36,"column":4},"end":{"line":38,"column":null}},"13":{"start":{"line":37,"column":8},"end":{"line":37,"column":null}},"14":{"start":{"line":40,"column":17},"end":{"line":40,"column":null}},"15":{"start":{"line":41,"column":16},"end":{"line":41,"column":null}},"16":{"start":{"line":42,"column":14},"end":{"line":42,"column":null}},"17":{"start":{"line":43,"column":4},"end":{"line":43,"column":null}},"18":{"start":{"line":44,"column":4},"end":{"line":44,"column":null}},"19":{"start":{"line":45,"column":4},"end":{"line":45,"column":null}},"20":{"start":{"line":46,"column":4},"end":{"line":46,"column":null}}},"fnMap":{"0":{"name":"getFileMetadata","decl":{"start":{"line":11,"column":22},"end":{"line":11,"column":38}},"loc":{"start":{"line":11,"column":76},"end":{"line":27,"column":null}}},"1":{"name":"downloadFile","decl":{"start":{"line":29,"column":22},"end":{"line":29,"column":35}},"loc":{"start":{"line":29,"column":65},"end":{"line":47,"column":null}}}},"branchMap":{"0":{"loc":{"start":{"line":1,"column":16},"end":{"line":1,"column":null}},"type":"binary-expr","locations":[{"start":{"line":1,"column":16},"end":{"line":1,"column":48}},{"start":{"line":1,"column":48},"end":{"line":1,"column":null}}]},"1":{"loc":{"start":{"line":14,"column":4},"end":{"line":16,"column":null}},"type":"if","locations":[{"start":{"line":14,"column":4},"end":{"line":16,"column":null}}]},"2":{"loc":{"start":{"line":18,"column":4},"end":{"line":20,"column":null}},"type":"if","locations":[{"start":{"line":18,"column":4},"end":{"line":20,"column":null}}]},"3":{"loc":{"start":{"line":22,"column":4},"end":{"line":24,"column":null}},"type":"if","locations":[{"start":{"line":22,"column":4},"end":{"line":24,"column":null}}]},"4":{"loc":{"start":{"line":32,"column":4},"end":{"line":34,"column":null}},"type":"if","locations":[{"start":{"line":32,"column":4},"end":{"line":34,"column":null}}]},"5":{"loc":{"start":{"line":36,"column":4},"end":{"line":38,"column":null}},"type":"if","locations":[{"start":{"line":36,"column":4},"end":{"line":38,"column":null}}]}},"s":{"0":16,"1":16,"2":16,"3":4,"4":12,"5":0,"6":12,"7":0,"8":12,"9":0,"10":0,"11":0,"12":0,"13":0,"14":0,"15":0,"16":0,"17":0,"18":0,"19":0,"20":0},"f":{"0":16,"1":0},"b":{"0":[16,0],"1":[4],"2":[0],"3":[0],"4":[0],"5":[0]}}
,"/Users/theblooming/Documents/OpenClassRooms/projet_4_opc/Datashare/frontend/src/utils/files.utils.ts": {"path":"/Users/theblooming/Documents/OpenClassRooms/projet_4_opc/Datashare/frontend/src/utils/files.utils.ts","statementMap":{"0":{"start":{"line":2,"column":4},"end":{"line":2,"column":null}},"1":{"start":{"line":6,"column":17},"end":{"line":6,"column":null}},"2":{"start":{"line":7,"column":4},"end":{"line":7,"column":null}},"3":{"start":{"line":11,"column":4},"end":{"line":11,"column":null}},"4":{"start":{"line":11,"column":23},"end":{"line":11,"column":null}},"5":{"start":{"line":12,"column":4},"end":{"line":12,"column":null}},"6":{"start":{"line":12,"column":24},"end":{"line":12,"column":null}},"7":{"start":{"line":13,"column":4},"end":{"line":13,"column":null}},"8":{"start":{"line":13,"column":23},"end":{"line":13,"column":null}},"9":{"start":{"line":14,"column":4},"end":{"line":14,"column":null}}},"fnMap":{"0":{"name":"formatSize","decl":{"start":{"line":1,"column":16},"end":{"line":1,"column":27}},"loc":{"start":{"line":1,"column":50},"end":{"line":3,"column":null}}},"1":{"name":"getDaysUntilExpiry","decl":{"start":{"line":5,"column":16},"end":{"line":5,"column":35}},"loc":{"start":{"line":5,"column":62},"end":{"line":8,"column":null}}},"2":{"name":"getExpiryCallout","decl":{"start":{"line":10,"column":16},"end":{"line":10,"column":33}},"loc":{"start":{"line":10,"column":115},"end":{"line":15,"column":null}}}},"branchMap":{"0":{"loc":{"start":{"line":11,"column":4},"end":{"line":11,"column":null}},"type":"if","locations":[{"start":{"line":11,"column":4},"end":{"line":11,"column":null}}]},"1":{"loc":{"start":{"line":12,"column":4},"end":{"line":12,"column":null}},"type":"if","locations":[{"start":{"line":12,"column":4},"end":{"line":12,"column":null}}]},"2":{"loc":{"start":{"line":13,"column":4},"end":{"line":13,"column":null}},"type":"if","locations":[{"start":{"line":13,"column":4},"end":{"line":13,"column":null}}]}},"s":{"0":24,"1":24,"2":24,"3":36,"4":28,"5":8,"6":8,"7":0,"8":0,"9":0},"f":{"0":24,"1":24,"2":24},"b":{"0":[28],"1":[8],"2":[0]}}
}
