{"total": {"lines":{"total":176,"covered":100,"skipped":0,"pct":56.81},"statements":{"total":210,"covered":117,"skipped":0,"pct":55.71},"functions":{"total":46,"covered":31,"skipped":0,"pct":67.39},"branches":{"total":72,"covered":31,"skipped":0,"pct":43.05},"branchesTrue":{"total":0,"covered":0,"skipped":0,"pct":100}}
,"/Users/theblooming/Documents/OpenClassRooms/projet_4_opc/Datashare/frontend/src/App.tsx": {"lines":{"total":3,"covered":3,"skipped":0,"pct":100},"functions":{"total":1,"covered":1,"skipped":0,"pct":100},"statements":{"total":3,"covered":3,"skipped":0,"pct":100},"branches":{"total":0,"covered":0,"skipped":0,"pct":100}}
,"/Users/theblooming/Documents/OpenClassRooms/projet_4_opc/Datashare/frontend/src/main.tsx": {"lines":{"total":1,"covered":1,"skipped":0,"pct":100},"functions":{"total":0,"covered":0,"skipped":0,"pct":100},"statements":{"total":1,"covered":1,"skipped":0,"pct":100},"branches":{"total":0,"covered":0,"skipped":0,"pct":100}}
,"/Users/theblooming/Documents/OpenClassRooms/projet_4_opc/Datashare/frontend/src/components/Button/Button.tsx": {"lines":{"total":3,"covered":3,"skipped":0,"pct":100},"functions":{"total":1,"covered":1,"skipped":0,"pct":100},"statements":{"total":3,"covered":3,"skipped":0,"pct":100},"branches":{"total":3,"covered":3,"skipped":0,"pct":100}}
,"/Users/theblooming/Documents/OpenClassRooms/projet_4_opc/Datashare/frontend/src/components/Callout/Callout.tsx": {"lines":{"total":4,"covered":4,"skipped":0,"pct":100},"functions":{"total":1,"covered":1,"skipped":0,"pct":100},"statements":{"total":4,"covered":4,"skipped":0,"pct":100},"branches":{"total":0,"covered":0,"skipped":0,"pct":100}}
,"/Users/theblooming/Documents/OpenClassRooms/projet_4_opc/Datashare/frontend/src/components/Header/Header.tsx": {"lines":{"total":3,"covered":3,"skipped":0,"pct":100},"functions":{"total":1,"covered":1,"skipped":0,"pct":100},"statements":{"total":3,"covered":3,"skipped":0,"pct":100},"branches":{"total":3,"covered":1,"skipped":0,"pct":33.33}}
,"/Users/theblooming/Documents/OpenClassRooms/projet_4_opc/Datashare/frontend/src/components/Input/Input.tsx": {"lines":{"total":3,"covered":3,"skipped":0,"pct":100},"functions":{"total":1,"covered":1,"skipped":0,"pct":100},"statements":{"total":3,"covered":3,"skipped":0,"pct":100},"branches":{"total":1,"covered":0,"skipped":0,"pct":0}}
,"/Users/theblooming/Documents/OpenClassRooms/projet_4_opc/Datashare/frontend/src/pages/Download/Download.tsx": {"lines":{"total":20,"covered":15,"skipped":0,"pct":75},"functions":{"total":7,"covered":5,"skipped":0,"pct":71.42},"statements":{"total":26,"covered":18,"skipped":0,"pct":69.23},"branches":{"total":17,"covered":12,"skipped":0,"pct":70.58}}
,"/Users/theblooming/Documents/OpenClassRooms/projet_4_opc/Datashare/frontend/src/pages/Home/Home.tsx": {"lines":{"total":10,"covered":3,"skipped":0,"pct":30},"functions":{"total":4,"covered":0,"skipped":0,"pct":0},"statements":{"total":14,"covered":3,"skipped":0,"pct":21.42},"branches":{"total":1,"covered":0,"skipped":0,"pct":0}}
,"/Users/theblooming/Documents/OpenClassRooms/projet_4_opc/Datashare/frontend/src/pages/Login/Login.tsx": {"lines":{"total":19,"covered":19,"skipped":0,"pct":100},"functions":{"total":6,"covered":6,"skipped":0,"pct":100},"statements":{"total":25,"covered":25,"skipped":0,"pct":100},"branches":{"total":4,"covered":4,"skipped":0,"pct":100}}
,"/Users/theblooming/Documents/OpenClassRooms/projet_4_opc/Datashare/frontend/src/pages/Register/Register.tsx": {"lines":{"total":25,"covered":25,"skipped":0,"pct":100},"functions":{"total":8,"covered":8,"skipped":0,"pct":100},"statements":{"total":31,"covered":31,"skipped":0,"pct":100},"branches":{"total":5,"covered":5,"skipped":0,"pct":100}}
,"/Users/theblooming/Documents/OpenClassRooms/projet_4_opc/Datashare/frontend/src/pages/Upload/Upload.tsx": {"lines":{"total":41,"covered":3,"skipped":0,"pct":7.31},"functions":{"total":8,"covered":0,"skipped":0,"pct":0},"statements":{"total":48,"covered":3,"skipped":0,"pct":6.25},"branches":{"total":23,"covered":0,"skipped":0,"pct":0}}
,"/Users/theblooming/Documents/OpenClassRooms/projet_4_opc/Datashare/frontend/src/services/Auth/auth.service.ts": {"lines":{"total":16,"covered":6,"skipped":0,"pct":37.5},"functions":{"total":3,"covered":3,"skipped":0,"pct":100},"statements":{"total":18,"covered":6,"skipped":0,"pct":33.33},"branches":{"total":5,"covered":2,"skipped":0,"pct":40}}
,"/Users/theblooming/Documents/OpenClassRooms/projet_4_opc/Datashare/frontend/src/services/Files/files.service.ts": {"lines":{"total":21,"covered":7,"skipped":0,"pct":33.33},"functions":{"total":2,"covered":1,"skipped":0,"pct":50},"statements":{"total":21,"covered":7,"skipped":0,"pct":33.33},"branches":{"total":7,"covered":2,"skipped":0,"pct":28.57}}
,"/Users/theblooming/Documents/OpenClassRooms/projet_4_opc/Datashare/frontend/src/utils/files.utils.ts": {"lines":{"total":7,"covered":5,"skipped":0,"pct":71.42},"functions":{"total":3,"covered":3,"skipped":0,"pct":100},"statements":{"total":10,"covered":7,"skipped":0,"pct":70},"branches":{"total":3,"covered":2,"skipped":0,"pct":66.66}}
}
