{"total": {"lines":{"total":110,"covered":81,"skipped":0,"pct":73.63},"statements":{"total":123,"covered":90,"skipped":0,"pct":73.17},"functions":{"total":29,"covered":25,"skipped":0,"pct":86.2},"branches":{"total":43,"covered":27,"skipped":0,"pct":62.79},"branchesTrue":{"total":0,"covered":0,"skipped":0,"pct":100}}
,"/Users/theblooming/Documents/OpenClassRooms/projet_4_opc/Datashare/frontend/src/App.tsx": {"lines":{"total":3,"covered":3,"skipped":0,"pct":100},"functions":{"total":1,"covered":1,"skipped":0,"pct":100},"statements":{"total":3,"covered":3,"skipped":0,"pct":100},"branches":{"total":0,"covered":0,"skipped":0,"pct":100}}
,"/Users/theblooming/Documents/OpenClassRooms/projet_4_opc/Datashare/frontend/src/main.tsx": {"lines":{"total":1,"covered":1,"skipped":0,"pct":100},"functions":{"total":0,"covered":0,"skipped":0,"pct":100},"statements":{"total":1,"covered":1,"skipped":0,"pct":100},"branches":{"total":0,"covered":0,"skipped":0,"pct":100}}
,"/Users/theblooming/Documents/OpenClassRooms/projet_4_opc/Datashare/frontend/src/components/Button/Button.tsx": {"lines":{"total":3,"covered":3,"skipped":0,"pct":100},"functions":{"total":1,"covered":1,"skipped":0,"pct":100},"statements":{"total":3,"covered":3,"skipped":0,"pct":100},"branches":{"total":3,"covered":3,"skipped":0,"pct":100}}
,"/Users/theblooming/Documents/OpenClassRooms/projet_4_opc/Datashare/frontend/src/components/Callout/Callout.tsx": {"lines":{"total":4,"covered":4,"skipped":0,"pct":100},"functions":{"total":1,"covered":1,"skipped":0,"pct":100},"statements":{"total":4,"covered":4,"skipped":0,"pct":100},"branches":{"total":0,"covered":0,"skipped":0,"pct":100}}
,"/Users/theblooming/Documents/OpenClassRooms/projet_4_opc/Datashare/frontend/src/components/Header/Header.tsx": {"lines":{"total":3,"covered":3,"skipped":0,"pct":100},"functions":{"total":1,"covered":1,"skipped":0,"pct":100},"statements":{"total":3,"covered":3,"skipped":0,"pct":100},"branches":{"total":3,"covered":1,"skipped":0,"pct":33.33}}
,"/Users/theblooming/Documents/OpenClassRooms/projet_4_opc/Datashare/frontend/src/components/Input/Input.tsx": {"lines":{"total":3,"covered":3,"skipped":0,"pct":100},"functions":{"total":1,"covered":1,"skipped":0,"pct":100},"statements":{"total":3,"covered":3,"skipped":0,"pct":100},"branches":{"total":1,"covered":0,"skipped":0,"pct":0}}
,"/Users/theblooming/Documents/OpenClassRooms/projet_4_opc/Datashare/frontend/src/pages/Download/Download.tsx": {"lines":{"total":20,"covered":15,"skipped":0,"pct":75},"functions":{"total":7,"covered":5,"skipped":0,"pct":71.42},"statements":{"total":26,"covered":18,"skipped":0,"pct":69.23},"branches":{"total":17,"covered":12,"skipped":0,"pct":70.58}}
,"/Users/theblooming/Documents/OpenClassRooms/projet_4_opc/Datashare/frontend/src/pages/Login/Login.tsx": {"lines":{"total":15,"covered":14,"skipped":0,"pct":93.33},"functions":{"total":4,"covered":4,"skipped":0,"pct":100},"statements":{"total":17,"covered":16,"skipped":0,"pct":94.11},"branches":{"total":2,"covered":2,"skipped":0,"pct":100}}
,"/Users/theblooming/Documents/OpenClassRooms/projet_4_opc/Datashare/frontend/src/pages/Register/Register.tsx": {"lines":{"total":20,"covered":18,"skipped":0,"pct":90},"functions":{"total":5,"covered":5,"skipped":0,"pct":100},"statements":{"total":22,"covered":20,"skipped":0,"pct":90.9},"branches":{"total":3,"covered":3,"skipped":0,"pct":100}}
,"/Users/theblooming/Documents/OpenClassRooms/projet_4_opc/Datashare/frontend/src/services/Auth/auth.service.ts": {"lines":{"total":10,"covered":5,"skipped":0,"pct":50},"functions":{"total":3,"covered":2,"skipped":0,"pct":66.66},"statements":{"total":10,"covered":5,"skipped":0,"pct":50},"branches":{"total":4,"covered":2,"skipped":0,"pct":50}}
,"/Users/theblooming/Documents/OpenClassRooms/projet_4_opc/Datashare/frontend/src/services/Files/files.service.ts": {"lines":{"total":21,"covered":7,"skipped":0,"pct":33.33},"functions":{"total":2,"covered":1,"skipped":0,"pct":50},"statements":{"total":21,"covered":7,"skipped":0,"pct":33.33},"branches":{"total":7,"covered":2,"skipped":0,"pct":28.57}}
,"/Users/theblooming/Documents/OpenClassRooms/projet_4_opc/Datashare/frontend/src/utils/files.utils.ts": {"lines":{"total":7,"covered":5,"skipped":0,"pct":71.42},"functions":{"total":3,"covered":3,"skipped":0,"pct":100},"statements":{"total":10,"covered":7,"skipped":0,"pct":70},"branches":{"total":3,"covered":2,"skipped":0,"pct":66.66}}
}
