{"/Users/theblooming/Documents/OpenClassRooms/projet_4_opc/Datashare/frontend/src/App.tsx": {"path":"/Users/theblooming/Documents/OpenClassRooms/projet_4_opc/Datashare/frontend/src/App.tsx","statementMap":{"0":{"start":{"line":7,"column":4},"end":{"line":12,"column":null}},"1":{"start":{"line":14,"column":1},"end":{"line":6,"column":27}},"2":{"start":{"line":6,"column":27},"end":{"line":6,"column":30}}},"fnMap":{"0":{"name":"App","decl":{"start":{"line":6,"column":24},"end":{"line":6,"column":27}},"loc":{"start":{"line":6,"column":30},"end":{"line":14,"column":1}}}},"branchMap":{},"s":{"0":16,"1":8,"2":8},"f":{"0":16},"b":{}}
,"/Users/theblooming/Documents/OpenClassRooms/projet_4_opc/Datashare/frontend/src/main.tsx": {"path":"/Users/theblooming/Documents/OpenClassRooms/projet_4_opc/Datashare/frontend/src/main.tsx","statementMap":{"0":{"start":{"line":7,"column":0},"end":{"line":13,"column":null}}},"fnMap":{},"branchMap":{},"s":{"0":8},"f":{},"b":{}}
,"/Users/theblooming/Documents/OpenClassRooms/projet_4_opc/Datashare/frontend/src/components/Button/Button.tsx": {"path":"/Users/theblooming/Documents/OpenClassRooms/projet_4_opc/Datashare/frontend/src/components/Button/Button.tsx","statementMap":{"0":{"start":{"line":12,"column":4},"end":{"line":20,"column":null}},"1":{"start":{"line":22,"column":1},"end":{"line":11,"column":30}},"2":{"start":{"line":11,"column":30},"end":{"line":11,"column":31}}},"fnMap":{"0":{"name":"Button","decl":{"start":{"line":11,"column":24},"end":{"line":11,"column":30}},"loc":{"start":{"line":11,"column":118},"end":{"line":22,"column":1}}}},"branchMap":{"0":{"loc":{"start":{"line":11,"column":49},"end":{"line":11,"column":68}},"type":"default-arg","locations":[{"start":{"line":11,"column":61},"end":{"line":11,"column":68}}]},"1":{"loc":{"start":{"line":11,"column":68},"end":{"line":11,"column":85}},"type":"default-arg","locations":[{"start":{"line":11,"column":75},"end":{"line":11,"column":85}}]},"2":{"loc":{"start":{"line":11,"column":85},"end":{"line":11,"column":115}},"type":"default-arg","locations":[{"start":{"line":11,"column":96},"end":{"line":11,"column":115}}]}},"s":{"0":318,"1":8,"2":8},"f":{"0":318},"b":{"0":[190],"1":[8],"2":[318]}}
,"/Users/theblooming/Documents/OpenClassRooms/projet_4_opc/Datashare/frontend/src/components/Callout/Callout.tsx": {"path":"/Users/theblooming/Documents/OpenClassRooms/projet_4_opc/Datashare/frontend/src/components/Callout/Callout.tsx","statementMap":{"0":{"start":{"line":12,"column":43},"end":{"line":16,"column":null}},"1":{"start":{"line":19,"column":4},"end":{"line":23,"column":null}},"2":{"start":{"line":25,"column":1},"end":{"line":18,"column":31}},"3":{"start":{"line":18,"column":31},"end":{"line":18,"column":32}}},"fnMap":{"0":{"name":"Callout","decl":{"start":{"line":18,"column":24},"end":{"line":18,"column":31}},"loc":{"start":{"line":18,"column":76},"end":{"line":25,"column":1}}}},"branchMap":{},"s":{"0":8,"1":18,"2":8,"3":8},"f":{"0":18},"b":{}}
,"/Users/theblooming/Documents/OpenClassRooms/projet_4_opc/Datashare/frontend/src/components/Header/Header.tsx": {"path":"/Users/theblooming/Documents/OpenClassRooms/projet_4_opc/Datashare/frontend/src/components/Header/Header.tsx","statementMap":{"0":{"start":{"line":8,"column":4},"end":{"line":19,"column":null}},"1":{"start":{"line":21,"column":1},"end":{"line":7,"column":30}},"2":{"start":{"line":7,"column":30},"end":{"line":7,"column":31}}},"fnMap":{"0":{"name":"Header","decl":{"start":{"line":7,"column":24},"end":{"line":7,"column":30}},"loc":{"start":{"line":7,"column":67},"end":{"line":21,"column":1}}}},"branchMap":{"0":{"loc":{"start":{"line":7,"column":33},"end":{"line":7,"column":64}},"type":"default-arg","locations":[{"start":{"line":7,"column":43},"end":{"line":7,"column":64}}]},"1":{"loc":{"start":{"line":11,"column":13},"end":{"line":17,"column":null}},"type":"cond-expr","locations":[{"start":{"line":12,"column":16},"end":{"line":12,"column":null}},{"start":{"line":14,"column":16},"end":{"line":17,"column":null}}]}},"s":{"0":332,"1":8,"2":8},"f":{"0":332},"b":{"0":[0],"1":[332,0]}}
,"/Users/theblooming/Documents/OpenClassRooms/projet_4_opc/Datashare/frontend/src/components/Input/Input.tsx": {"path":"/Users/theblooming/Documents/OpenClassRooms/projet_4_opc/Datashare/frontend/src/components/Input/Input.tsx","statementMap":{"0":{"start":{"line":15,"column":4},"end":{"line":28,"column":null}},"1":{"start":{"line":30,"column":1},"end":{"line":14,"column":29}},"2":{"start":{"line":14,"column":29},"end":{"line":14,"column":30}}},"fnMap":{"0":{"name":"Input","decl":{"start":{"line":14,"column":24},"end":{"line":14,"column":29}},"loc":{"start":{"line":14,"column":123},"end":{"line":30,"column":1}}}},"branchMap":{"0":{"loc":{"start":{"line":14,"column":43},"end":{"line":14,"column":58}},"type":"default-arg","locations":[{"start":{"line":14,"column":50},"end":{"line":14,"column":58}}]}},"s":{"0":802,"1":8,"2":8},"f":{"0":802},"b":{"0":[0]}}
,"/Users/theblooming/Documents/OpenClassRooms/projet_4_opc/Datashare/frontend/src/pages/Download/Download.tsx": {"path":"/Users/theblooming/Documents/OpenClassRooms/projet_4_opc/Datashare/frontend/src/pages/Download/Download.tsx","statementMap":{"0":{"start":{"line":11,"column":35},"end":{"line":11,"column":null}},"1":{"start":{"line":12,"column":22},"end":{"line":12,"column":null}},"2":{"start":{"line":13,"column":28},"end":{"line":13,"column":null}},"3":{"start":{"line":14,"column":36},"end":{"line":14,"column":null}},"4":{"start":{"line":15,"column":30},"end":{"line":15,"column":null}},"5":{"start":{"line":17,"column":4},"end":{"line":24,"column":null}},"6":{"start":{"line":18,"column":8},"end":{"line":18,"column":null}},"7":{"start":{"line":18,"column":20},"end":{"line":18,"column":null}},"8":{"start":{"line":20,"column":8},"end":{"line":22,"column":null}},"9":{"start":{"line":22,"column":35},"end":{"line":22,"column":56}},"10":{"start":{"line":26,"column":21},"end":{"line":26,"column":null}},"11":{"start":{"line":28,"column":27},"end":{"line":35,"column":null}},"12":{"start":{"line":29,"column":8},"end":{"line":29,"column":null}},"13":{"start":{"line":29,"column":20},"end":{"line":29,"column":null}},"14":{"start":{"line":30,"column":8},"end":{"line":34,"column":null}},"15":{"start":{"line":31,"column":12},"end":{"line":31,"column":null}},"16":{"start":{"line":33,"column":12},"end":{"line":33,"column":null}},"17":{"start":{"line":33,"column":38},"end":{"line":33,"column":null}},"18":{"start":{"line":37,"column":4},"end":{"line":76,"column":null}},"19":{"start":{"line":60,"column":53},"end":{"line":60,"column":81}},"20":{"start":{"line":67,"column":40},"end":{"line":67,"column":null}},"21":{"start":{"line":68,"column":24},"end":{"line":68,"column":null}},"22":{"start":{"line":78,"column":1},"end":{"line":12,"column":51}},"23":{"start":{"line":11,"column":32},"end":{"line":12,"column":51}},"24":{"start":{"line":12,"column":31},"end":{"line":11,"column":32}},"25":{"start":{"line":11,"column":32},"end":{"line":11,"column":35}}},"fnMap":{"0":{"name":"Download","decl":{"start":{"line":11,"column":24},"end":{"line":11,"column":32}},"loc":{"start":{"line":11,"column":35},"end":{"line":78,"column":1}}},"1":{"name":"(anonymous_1)","decl":{"start":{"line":17,"column":14},"end":{"line":17,"column":20}},"loc":{"start":{"line":17,"column":20},"end":{"line":24,"column":7}}},"2":{"name":"(anonymous_2)","decl":{"start":{"line":22,"column":19},"end":{"line":22,"column":20}},"loc":{"start":{"line":22,"column":35},"end":{"line":22,"column":56}}},"3":{"name":"(anonymous_3)","decl":{"start":{"line":28,"column":27},"end":{"line":28,"column":39}},"loc":{"start":{"line":28,"column":39},"end":{"line":35,"column":null}}},"4":{"name":"(anonymous_4)","decl":{"start":{"line":60,"column":46},"end":{"line":60,"column":47}},"loc":{"start":{"line":60,"column":53},"end":{"line":60,"column":81}}},"5":{"name":"(anonymous_5)","decl":{"start":{"line":66,"column":30},"end":{"line":66,"column":36}},"loc":{"start":{"line":66,"column":36},"end":{"line":69,"column":23}}},"6":{"name":"(anonymous_6)","decl":{"start":{"line":11,"column":32},"end":{"line":11,"column":35}},"loc":{"start":{"line":11,"column":32},"end":{"line":12,"column":51}}}},"branchMap":{"0":{"loc":{"start":{"line":18,"column":8},"end":{"line":18,"column":null}},"type":"if","locations":[{"start":{"line":18,"column":8},"end":{"line":18,"column":null}}]},"1":{"loc":{"start":{"line":26,"column":21},"end":{"line":26,"column":null}},"type":"cond-expr","locations":[{"start":{"line":26,"column":28},"end":{"line":26,"column":65}},{"start":{"line":26,"column":65},"end":{"line":26,"column":null}}]},"2":{"loc":{"start":{"line":29,"column":8},"end":{"line":29,"column":null}},"type":"if","locations":[{"start":{"line":29,"column":8},"end":{"line":29,"column":null}}]},"3":{"loc":{"start":{"line":33,"column":12},"end":{"line":33,"column":null}},"type":"if","locations":[{"start":{"line":33,"column":12},"end":{"line":33,"column":null}}]},"4":{"loc":{"start":{"line":43,"column":21},"end":{"line":63,"column":null}},"type":"binary-expr","locations":[{"start":{"line":43,"column":21},"end":{"line":43,"column":null}},{"start":{"line":44,"column":24},"end":{"line":63,"column":null}}]},"5":{"loc":{"start":{"line":53,"column":29},"end":{"line":60,"column":null}},"type":"binary-expr","locations":[{"start":{"line":53,"column":29},"end":{"line":53,"column":null}},{"start":{"line":54,"column":32},"end":{"line":60,"column":null}}]},"6":{"loc":{"start":{"line":66,"column":21},"end":{"line":69,"column":null}},"type":"binary-expr","locations":[{"start":{"line":66,"column":21},"end":{"line":66,"column":30}},{"start":{"line":66,"column":21},"end":{"line":69,"column":null}}]},"7":{"loc":{"start":{"line":68,"column":31},"end":{"line":68,"column":null}},"type":"cond-expr","locations":[{"start":{"line":68,"column":41},"end":{"line":68,"column":112}},{"start":{"line":68,"column":112},"end":{"line":68,"column":null}}]},"8":{"loc":{"start":{"line":71,"column":21},"end":{"line":71,"column":null}},"type":"binary-expr","locations":[{"start":{"line":71,"column":21},"end":{"line":71,"column":30}},{"start":{"line":71,"column":30},"end":{"line":71,"column":null}}]},"9":{"loc":{"start":{"line":73,"column":21},"end":{"line":73,"column":null}},"type":"binary-expr","locations":[{"start":{"line":73,"column":21},"end":{"line":73,"column":37}},{"start":{"line":73,"column":37},"end":{"line":73,"column":null}}]}},"s":{"0":24,"1":24,"2":24,"3":24,"4":24,"5":24,"6":8,"7":0,"8":8,"9":2,"10":24,"11":24,"12":0,"13":0,"14":0,"15":0,"16":0,"17":0,"18":24,"19":0,"20":12,"21":12,"22":8,"23":4,"24":8,"25":8},"f":{"0":24,"1":8,"2":2,"3":0,"4":0,"5":12,"6":4},"b":{"0":[0],"1":[12,12],"2":[0],"3":[0],"4":[24,12],"5":[12,0],"6":[24,12],"7":[12,0],"8":[24,4],"9":[24,8]}}
,"/Users/theblooming/Documents/OpenClassRooms/projet_4_opc/Datashare/frontend/src/pages/Login/Login.tsx": {"path":"/Users/theblooming/Documents/OpenClassRooms/projet_4_opc/Datashare/frontend/src/pages/Login/Login.tsx","statementMap":{"0":{"start":{"line":9,"column":32},"end":{"line":9,"column":null}},"1":{"start":{"line":10,"column":30},"end":{"line":10,"column":null}},"2":{"start":{"line":11,"column":36},"end":{"line":11,"column":null}},"3":{"start":{"line":12,"column":30},"end":{"line":12,"column":null}},"4":{"start":{"line":14,"column":25},"end":{"line":24,"column":null}},"5":{"start":{"line":15,"column":8},"end":{"line":15,"column":null}},"6":{"start":{"line":16,"column":8},"end":{"line":16,"column":null}},"7":{"start":{"line":18,"column":8},"end":{"line":23,"column":null}},"8":{"start":{"line":19,"column":24},"end":{"line":19,"column":null}},"9":{"start":{"line":20,"column":12},"end":{"line":20,"column":null}},"10":{"start":{"line":22,"column":12},"end":{"line":22,"column":null}},"11":{"start":{"line":26,"column":4},"end":{"line":65,"column":null}},"12":{"start":{"line":43,"column":49},"end":{"line":43,"column":null}},"13":{"start":{"line":53,"column":49},"end":{"line":53,"column":null}},"14":{"start":{"line":67,"column":1},"end":{"line":9,"column":32}},"15":{"start":{"line":9,"column":29},"end":{"line":null,"column":-1}},"16":{"start":{"line":9,"column":29},"end":{"line":9,"column":32}}},"fnMap":{"0":{"name":"Login","decl":{"start":{"line":9,"column":24},"end":{"line":9,"column":29}},"loc":{"start":{"line":9,"column":32},"end":{"line":67,"column":1}}},"1":{"name":"(anonymous_1)","decl":{"start":{"line":14,"column":25},"end":{"line":14,"column":32}},"loc":{"start":{"line":14,"column":57},"end":{"line":24,"column":null}}},"2":{"name":"(anonymous_2)","decl":{"start":{"line":43,"column":42},"end":{"line":43,"column":43}},"loc":{"start":{"line":43,"column":49},"end":{"line":43,"column":null}}},"3":{"name":"(anonymous_3)","decl":{"start":{"line":53,"column":42},"end":{"line":53,"column":43}},"loc":{"start":{"line":53,"column":49},"end":{"line":53,"column":null}}}},"branchMap":{"0":{"loc":{"start":{"line":58,"column":29},"end":{"line":58,"column":null}},"type":"binary-expr","locations":[{"start":{"line":58,"column":29},"end":{"line":58,"column":38}},{"start":{"line":58,"column":38},"end":{"line":58,"column":null}}]}},"s":{"0":132,"1":132,"2":132,"3":132,"4":132,"5":2,"6":2,"7":2,"8":2,"9":0,"10":1,"11":132,"12":35,"13":26,"14":8,"15":8,"16":8},"f":{"0":132,"1":2,"2":35,"3":26},"b":{"0":[132,2]}}
,"/Users/theblooming/Documents/OpenClassRooms/projet_4_opc/Datashare/frontend/src/pages/Register/Register.tsx": {"path":"/Users/theblooming/Documents/OpenClassRooms/projet_4_opc/Datashare/frontend/src/pages/Register/Register.tsx","statementMap":{"0":{"start":{"line":9,"column":35},"end":{"line":9,"column":null}},"1":{"start":{"line":10,"column":30},"end":{"line":10,"column":null}},"2":{"start":{"line":11,"column":36},"end":{"line":11,"column":null}},"3":{"start":{"line":12,"column":50},"end":{"line":12,"column":null}},"4":{"start":{"line":13,"column":30},"end":{"line":13,"column":null}},"5":{"start":{"line":15,"column":25},"end":{"line":30,"column":null}},"6":{"start":{"line":16,"column":8},"end":{"line":16,"column":null}},"7":{"start":{"line":17,"column":8},"end":{"line":17,"column":null}},"8":{"start":{"line":19,"column":8},"end":{"line":22,"column":null}},"9":{"start":{"line":20,"column":12},"end":{"line":20,"column":null}},"10":{"start":{"line":21,"column":12},"end":{"line":21,"column":null}},"11":{"start":{"line":24,"column":8},"end":{"line":29,"column":null}},"12":{"start":{"line":25,"column":24},"end":{"line":25,"column":null}},"13":{"start":{"line":26,"column":12},"end":{"line":26,"column":null}},"14":{"start":{"line":28,"column":12},"end":{"line":28,"column":null}},"15":{"start":{"line":32,"column":4},"end":{"line":80,"column":null}},"16":{"start":{"line":49,"column":45},"end":{"line":49,"column":null}},"17":{"start":{"line":58,"column":45},"end":{"line":58,"column":null}},"18":{"start":{"line":68,"column":45},"end":{"line":68,"column":null}},"19":{"start":{"line":82,"column":1},"end":{"line":9,"column":35}},"20":{"start":{"line":9,"column":32},"end":{"line":null,"column":-1}},"21":{"start":{"line":9,"column":32},"end":{"line":9,"column":35}}},"fnMap":{"0":{"name":"Register","decl":{"start":{"line":9,"column":24},"end":{"line":9,"column":32}},"loc":{"start":{"line":9,"column":35},"end":{"line":82,"column":1}}},"1":{"name":"(anonymous_1)","decl":{"start":{"line":15,"column":25},"end":{"line":15,"column":32}},"loc":{"start":{"line":15,"column":57},"end":{"line":30,"column":null}}},"2":{"name":"(anonymous_2)","decl":{"start":{"line":49,"column":38},"end":{"line":49,"column":39}},"loc":{"start":{"line":49,"column":45},"end":{"line":49,"column":null}}},"3":{"name":"(anonymous_3)","decl":{"start":{"line":58,"column":38},"end":{"line":58,"column":39}},"loc":{"start":{"line":58,"column":45},"end":{"line":58,"column":null}}},"4":{"name":"(anonymous_4)","decl":{"start":{"line":68,"column":38},"end":{"line":68,"column":39}},"loc":{"start":{"line":68,"column":45},"end":{"line":68,"column":null}}}},"branchMap":{"0":{"loc":{"start":{"line":19,"column":8},"end":{"line":22,"column":null}},"type":"if","locations":[{"start":{"line":19,"column":8},"end":{"line":22,"column":null}}]},"1":{"loc":{"start":{"line":73,"column":25},"end":{"line":73,"column":null}},"type":"binary-expr","locations":[{"start":{"line":73,"column":25},"end":{"line":73,"column":34}},{"start":{"line":73,"column":34},"end":{"line":73,"column":null}}]}},"s":{"0":184,"1":184,"2":184,"3":184,"4":184,"5":184,"6":2,"7":2,"8":2,"9":1,"10":1,"11":1,"12":1,"13":0,"14":0,"15":184,"16":34,"17":26,"18":28,"19":8,"20":8,"21":8},"f":{"0":184,"1":2,"2":34,"3":26,"4":28},"b":{"0":[1],"1":[184,2]}}
,"/Users/theblooming/Documents/OpenClassRooms/projet_4_opc/Datashare/frontend/src/services/Auth/auth.service.ts": {"path":"/Users/theblooming/Documents/OpenClassRooms/projet_4_opc/Datashare/frontend/src/services/Auth/auth.service.ts","statementMap":{"0":{"start":{"line":1,"column":16},"end":{"line":1,"column":null}},"1":{"start":{"line":8,"column":16},"end":{"line":12,"column":null}},"2":{"start":{"line":14,"column":4},"end":{"line":16,"column":null}},"3":{"start":{"line":15,"column":8},"end":{"line":15,"column":null}},"4":{"start":{"line":18,"column":4},"end":{"line":18,"column":null}},"5":{"start":{"line":22,"column":16},"end":{"line":26,"column":null}},"6":{"start":{"line":28,"column":4},"end":{"line":30,"column":null}},"7":{"start":{"line":29,"column":8},"end":{"line":29,"column":null}},"8":{"start":{"line":32,"column":4},"end":{"line":32,"column":null}},"9":{"start":{"line":36,"column":4},"end":{"line":36,"column":null}}},"fnMap":{"0":{"name":"login","decl":{"start":{"line":7,"column":22},"end":{"line":7,"column":28}},"loc":{"start":{"line":7,"column":84},"end":{"line":19,"column":null}}},"1":{"name":"register","decl":{"start":{"line":21,"column":22},"end":{"line":21,"column":31}},"loc":{"start":{"line":21,"column":87},"end":{"line":33,"column":null}}},"2":{"name":"saveToken","decl":{"start":{"line":35,"column":16},"end":{"line":35,"column":26}},"loc":{"start":{"line":35,"column":48},"end":{"line":37,"column":null}}}},"branchMap":{"0":{"loc":{"start":{"line":1,"column":16},"end":{"line":1,"column":null}},"type":"binary-expr","locations":[{"start":{"line":1,"column":16},"end":{"line":1,"column":48}},{"start":{"line":1,"column":48},"end":{"line":1,"column":null}}]},"1":{"loc":{"start":{"line":14,"column":4},"end":{"line":16,"column":null}},"type":"if","locations":[{"start":{"line":14,"column":4},"end":{"line":16,"column":null}}]},"2":{"loc":{"start":{"line":28,"column":4},"end":{"line":30,"column":null}},"type":"if","locations":[{"start":{"line":28,"column":4},"end":{"line":30,"column":null}}]}},"s":{"0":8,"1":2,"2":1,"3":1,"4":0,"5":1,"6":0,"7":0,"8":0,"9":0},"f":{"0":2,"1":1,"2":0},"b":{"0":[8,0],"1":[1],"2":[0]}}
,"/Users/theblooming/Documents/OpenClassRooms/projet_4_opc/Datashare/frontend/src/services/Files/files.service.ts": {"path":"/Users/theblooming/Documents/OpenClassRooms/projet_4_opc/Datashare/frontend/src/services/Files/files.service.ts","statementMap":{"0":{"start":{"line":1,"column":16},"end":{"line":1,"column":null}},"1":{"start":{"line":12,"column":16},"end":{"line":12,"column":null}},"2":{"start":{"line":14,"column":4},"end":{"line":16,"column":null}},"3":{"start":{"line":15,"column":8},"end":{"line":15,"column":null}},"4":{"start":{"line":18,"column":4},"end":{"line":20,"column":null}},"5":{"start":{"line":19,"column":8},"end":{"line":19,"column":null}},"6":{"start":{"line":22,"column":4},"end":{"line":24,"column":null}},"7":{"start":{"line":23,"column":8},"end":{"line":23,"column":null}},"8":{"start":{"line":26,"column":4},"end":{"line":26,"column":null}},"9":{"start":{"line":30,"column":16},"end":{"line":30,"column":null}},"10":{"start":{"line":32,"column":4},"end":{"line":34,"column":null}},"11":{"start":{"line":33,"column":8},"end":{"line":33,"column":null}},"12":{"start":{"line":36,"column":4},"end":{"line":38,"column":null}},"13":{"start":{"line":37,"column":8},"end":{"line":37,"column":null}},"14":{"start":{"line":40,"column":17},"end":{"line":40,"column":null}},"15":{"start":{"line":41,"column":16},"end":{"line":41,"column":null}},"16":{"start":{"line":42,"column":14},"end":{"line":42,"column":null}},"17":{"start":{"line":43,"column":4},"end":{"line":43,"column":null}},"18":{"start":{"line":44,"column":4},"end":{"line":44,"column":null}},"19":{"start":{"line":45,"column":4},"end":{"line":45,"column":null}},"20":{"start":{"line":46,"column":4},"end":{"line":46,"column":null}}},"fnMap":{"0":{"name":"getFileMetadata","decl":{"start":{"line":11,"column":22},"end":{"line":11,"column":38}},"loc":{"start":{"line":11,"column":76},"end":{"line":27,"column":null}}},"1":{"name":"downloadFile","decl":{"start":{"line":29,"column":22},"end":{"line":29,"column":35}},"loc":{"start":{"line":29,"column":65},"end":{"line":47,"column":null}}}},"branchMap":{"0":{"loc":{"start":{"line":1,"column":16},"end":{"line":1,"column":null}},"type":"binary-expr","locations":[{"start":{"line":1,"column":16},"end":{"line":1,"column":48}},{"start":{"line":1,"column":48},"end":{"line":1,"column":null}}]},"1":{"loc":{"start":{"line":14,"column":4},"end":{"line":16,"column":null}},"type":"if","locations":[{"start":{"line":14,"column":4},"end":{"line":16,"column":null}}]},"2":{"loc":{"start":{"line":18,"column":4},"end":{"line":20,"column":null}},"type":"if","locations":[{"start":{"line":18,"column":4},"end":{"line":20,"column":null}}]},"3":{"loc":{"start":{"line":22,"column":4},"end":{"line":24,"column":null}},"type":"if","locations":[{"start":{"line":22,"column":4},"end":{"line":24,"column":null}}]},"4":{"loc":{"start":{"line":32,"column":4},"end":{"line":34,"column":null}},"type":"if","locations":[{"start":{"line":32,"column":4},"end":{"line":34,"column":null}}]},"5":{"loc":{"start":{"line":36,"column":4},"end":{"line":38,"column":null}},"type":"if","locations":[{"start":{"line":36,"column":4},"end":{"line":38,"column":null}}]}},"s":{"0":8,"1":8,"2":8,"3":2,"4":6,"5":0,"6":6,"7":0,"8":6,"9":0,"10":0,"11":0,"12":0,"13":0,"14":0,"15":0,"16":0,"17":0,"18":0,"19":0,"20":0},"f":{"0":8,"1":0},"b":{"0":[8,0],"1":[2],"2":[0],"3":[0],"4":[0],"5":[0]}}
,"/Users/theblooming/Documents/OpenClassRooms/projet_4_opc/Datashare/frontend/src/utils/files.utils.ts": {"path":"/Users/theblooming/Documents/OpenClassRooms/projet_4_opc/Datashare/frontend/src/utils/files.utils.ts","statementMap":{"0":{"start":{"line":2,"column":4},"end":{"line":2,"column":null}},"1":{"start":{"line":6,"column":17},"end":{"line":6,"column":null}},"2":{"start":{"line":7,"column":4},"end":{"line":7,"column":null}},"3":{"start":{"line":11,"column":4},"end":{"line":11,"column":null}},"4":{"start":{"line":11,"column":23},"end":{"line":11,"column":null}},"5":{"start":{"line":12,"column":4},"end":{"line":12,"column":null}},"6":{"start":{"line":12,"column":24},"end":{"line":12,"column":null}},"7":{"start":{"line":13,"column":4},"end":{"line":13,"column":null}},"8":{"start":{"line":13,"column":23},"end":{"line":13,"column":null}},"9":{"start":{"line":14,"column":4},"end":{"line":14,"column":null}}},"fnMap":{"0":{"name":"formatSize","decl":{"start":{"line":1,"column":16},"end":{"line":1,"column":27}},"loc":{"start":{"line":1,"column":50},"end":{"line":3,"column":null}}},"1":{"name":"getDaysUntilExpiry","decl":{"start":{"line":5,"column":16},"end":{"line":5,"column":35}},"loc":{"start":{"line":5,"column":62},"end":{"line":8,"column":null}}},"2":{"name":"getExpiryCallout","decl":{"start":{"line":10,"column":16},"end":{"line":10,"column":33}},"loc":{"start":{"line":10,"column":115},"end":{"line":15,"column":null}}}},"branchMap":{"0":{"loc":{"start":{"line":11,"column":4},"end":{"line":11,"column":null}},"type":"if","locations":[{"start":{"line":11,"column":4},"end":{"line":11,"column":null}}]},"1":{"loc":{"start":{"line":12,"column":4},"end":{"line":12,"column":null}},"type":"if","locations":[{"start":{"line":12,"column":4},"end":{"line":12,"column":null}}]},"2":{"loc":{"start":{"line":13,"column":4},"end":{"line":13,"column":null}},"type":"if","locations":[{"start":{"line":13,"column":4},"end":{"line":13,"column":null}}]}},"s":{"0":12,"1":12,"2":12,"3":12,"4":4,"5":8,"6":8,"7":0,"8":0,"9":0},"f":{"0":12,"1":12,"2":12},"b":{"0":[4],"1":[8],"2":[0]}}
}
