TN:
SF:src/App.tsx
FN:6,App
FNF:1
FNH:1
FNDA:16,App
DA:6,8
DA:7,16
DA:14,8
LF:3
LH:3
BRF:0
BRH:0
end_of_record
TN:
SF:src/main.tsx
FNF:0
FNH:0
DA:7,8
LF:1
LH:1
BRF:0
BRH:0
end_of_record
TN:
SF:src/components/Button/Button.tsx
FN:11,Button
FNF:1
FNH:1
FNDA:318,Button
DA:11,8
DA:12,318
DA:22,8
LF:3
LH:3
BRDA:11,0,0,190
BRDA:11,1,0,8
BRDA:11,2,0,318
BRF:3
BRH:3
end_of_record
TN:
SF:src/components/Callout/Callout.tsx
FN:18,Callout
FNF:1
FNH:1
FNDA:18,Callout
DA:12,8
DA:18,8
DA:19,18
DA:25,8
LF:4
LH:4
BRF:0
BRH:0
end_of_record
TN:
SF:src/components/Header/Header.tsx
FN:7,Header
FNF:1
FNH:1
FNDA:332,Header
DA:7,8
DA:8,332
DA:21,8
LF:3
LH:3
BRDA:7,0,0,0
BRDA:11,1,0,332
BRDA:11,1,1,0
BRF:3
BRH:1
end_of_record
TN:
SF:src/components/Input/Input.tsx
FN:14,Input
FNF:1
FNH:1
FNDA:802,Input
DA:14,8
DA:15,802
DA:30,8
LF:3
LH:3
BRDA:14,0,0,0
BRF:1
BRH:0
end_of_record
TN:
SF:src/pages/Download/Download.tsx
FN:11,Download
FN:17,(anonymous_1)
FN:22,(anonymous_2)
FN:28,(anonymous_3)
FN:60,(anonymous_4)
FN:66,(anonymous_5)
FN:11,(anonymous_6)
FNF:7
FNH:5
FNDA:24,Download
FNDA:8,(anonymous_1)
FNDA:2,(anonymous_2)
FNDA:0,(anonymous_3)
FNDA:0,(anonymous_4)
FNDA:12,(anonymous_5)
FNDA:4,(anonymous_6)
DA:11,24
DA:12,24
DA:13,24
DA:14,24
DA:15,24
DA:17,24
DA:18,8
DA:20,8
DA:22,2
DA:26,24
DA:28,24
DA:29,0
DA:30,0
DA:31,0
DA:33,0
DA:37,24
DA:60,0
DA:67,12
DA:68,12
DA:78,8
LF:20
LH:15
BRDA:18,0,0,0
BRDA:26,1,0,12
BRDA:26,1,1,12
BRDA:29,2,0,0
BRDA:33,3,0,0
BRDA:43,4,0,24
BRDA:43,4,1,12
BRDA:53,5,0,12
BRDA:53,5,1,0
BRDA:66,6,0,24
BRDA:66,6,1,12
BRDA:68,7,0,12
BRDA:68,7,1,0
BRDA:71,8,0,24
BRDA:71,8,1,4
BRDA:73,9,0,24
BRDA:73,9,1,8
BRF:17
BRH:12
end_of_record
TN:
SF:src/pages/Login/Login.tsx
FN:9,Login
FN:14,(anonymous_1)
FN:43,(anonymous_2)
FN:53,(anonymous_3)
FNF:4
FNH:4
FNDA:132,Login
FNDA:2,(anonymous_1)
FNDA:35,(anonymous_2)
FNDA:26,(anonymous_3)
DA:9,132
DA:10,132
DA:11,132
DA:12,132
DA:14,132
DA:15,2
DA:16,2
DA:18,2
DA:19,2
DA:20,0
DA:22,1
DA:26,132
DA:43,35
DA:53,26
DA:67,8
LF:15
LH:14
BRDA:58,0,0,132
BRDA:58,0,1,2
BRF:2
BRH:2
end_of_record
TN:
SF:src/pages/Register/Register.tsx
FN:9,Register
FN:15,(anonymous_1)
FN:49,(anonymous_2)
FN:58,(anonymous_3)
FN:68,(anonymous_4)
FNF:5
FNH:5
FNDA:184,Register
FNDA:2,(anonymous_1)
FNDA:34,(anonymous_2)
FNDA:26,(anonymous_3)
FNDA:28,(anonymous_4)
DA:9,184
DA:10,184
DA:11,184
DA:12,184
DA:13,184
DA:15,184
DA:16,2
DA:17,2
DA:19,2
DA:20,1
DA:21,1
DA:24,1
DA:25,1
DA:26,0
DA:28,0
DA:32,184
DA:49,34
DA:58,26
DA:68,28
DA:82,8
LF:20
LH:18
BRDA:19,0,0,1
BRDA:73,1,0,184
BRDA:73,1,1,2
BRF:3
BRH:3
end_of_record
TN:
SF:src/services/Auth/auth.service.ts
FN:7,login
FN:21,register
FN:35,saveToken
FNF:3
FNH:2
FNDA:2,login
FNDA:1,register
FNDA:0,saveToken
DA:1,8
DA:8,2
DA:14,1
DA:15,1
DA:18,0
DA:22,1
DA:28,0
DA:29,0
DA:32,0
DA:36,0
LF:10
LH:5
BRDA:1,0,0,8
BRDA:1,0,1,0
BRDA:14,1,0,1
BRDA:28,2,0,0
BRF:4
BRH:2
end_of_record
TN:
SF:src/services/Files/files.service.ts
FN:11,getFileMetadata
FN:29,downloadFile
FNF:2
FNH:1
FNDA:8,getFileMetadata
FNDA:0,downloadFile
DA:1,8
DA:12,8
DA:14,8
DA:15,2
DA:18,6
DA:19,0
DA:22,6
DA:23,0
DA:26,6
DA:30,0
DA:32,0
DA:33,0
DA:36,0
DA:37,0
DA:40,0
DA:41,0
DA:42,0
DA:43,0
DA:44,0
DA:45,0
DA:46,0
LF:21
LH:7
BRDA:1,0,0,8
BRDA:1,0,1,0
BRDA:14,1,0,2
BRDA:18,2,0,0
BRDA:22,3,0,0
BRDA:32,4,0,0
BRDA:36,5,0,0
BRF:7
BRH:2
end_of_record
TN:
SF:src/utils/files.utils.ts
FN:1,formatSize
FN:5,getDaysUntilExpiry
FN:10,getExpiryCallout
FNF:3
FNH:3
FNDA:12,formatSize
FNDA:12,getDaysUntilExpiry
FNDA:12,getExpiryCallout
DA:2,12
DA:6,12
DA:7,12
DA:11,12
DA:12,8
DA:13,0
DA:14,0
LF:7
LH:5
BRDA:11,0,0,4
BRDA:12,1,0,8
BRDA:13,2,0,0
BRF:3
BRH:2
end_of_record
