TN:
SF:src/App.tsx
FN:6,App
FNF:1
FNH:1
FNDA:16,App
DA:6,24
DA:7,16
DA:14,24
LF:3
LH:3
BRF:0
BRH:0
end_of_record
TN:
SF:src/main.tsx
FNF:0
FNH:0
DA:7,16
LF:1
LH:1
BRF:0
BRH:0
end_of_record
TN:
SF:src/components/Button/Button.tsx
FN:11,Button
FNF:1
FNH:1
FNDA:628,Button
DA:11,16
DA:12,628
DA:22,16
LF:3
LH:3
BRDA:11,0,0,372
BRDA:11,1,0,8
BRDA:11,2,0,628
BRF:3
BRH:3
end_of_record
TN:
SF:src/components/Callout/Callout.tsx
FN:18,Callout
FNF:1
FNH:1
FNDA:36,Callout
DA:12,16
DA:18,16
DA:19,36
DA:25,16
LF:4
LH:4
BRF:0
BRH:0
end_of_record
TN:
SF:src/components/Header/Header.tsx
FN:7,Header
FNF:1
FNH:1
FNDA:664,Header
DA:7,16
DA:8,664
DA:21,16
LF:3
LH:3
BRDA:7,0,0,0
BRDA:11,1,0,664
BRDA:11,1,1,0
BRF:3
BRH:1
end_of_record
TN:
SF:src/components/Input/Input.tsx
FN:14,Input
FNF:1
FNH:1
FNDA:1604,Input
DA:14,16
DA:15,1604
DA:30,16
LF:3
LH:3
BRDA:14,0,0,0
BRF:1
BRH:0
end_of_record
TN:
SF:src/pages/Download/Download.tsx
FN:11,Download
FN:17,(anonymous_1)
FN:22,(anonymous_2)
FN:28,(anonymous_3)
FN:60,(anonymous_4)
FN:66,(anonymous_5)
FN:11,(anonymous_6)
FNF:7
FNH:5
FNDA:48,Download
FNDA:16,(anonymous_1)
FNDA:4,(anonymous_2)
FNDA:0,(anonymous_3)
FNDA:0,(anonymous_4)
FNDA:24,(anonymous_5)
FNDA:8,(anonymous_6)
DA:11,48
DA:12,48
DA:13,48
DA:14,48
DA:15,48
DA:17,48
DA:18,16
DA:20,16
DA:22,4
DA:26,48
DA:28,48
DA:29,0
DA:30,0
DA:31,0
DA:33,0
DA:37,48
DA:60,0
DA:67,24
DA:68,24
DA:78,16
LF:20
LH:15
BRDA:18,0,0,0
BRDA:26,1,0,24
BRDA:26,1,1,24
BRDA:29,2,0,0
BRDA:33,3,0,0
BRDA:43,4,0,48
BRDA:43,4,1,24
BRDA:53,5,0,24
BRDA:53,5,1,0
BRDA:66,6,0,48
BRDA:66,6,1,24
BRDA:68,7,0,24
BRDA:68,7,1,0
BRDA:71,8,0,48
BRDA:71,8,1,8
BRDA:73,9,0,48
BRDA:73,9,1,8
BRF:17
BRH:12
end_of_record
TN:
SF:src/pages/Home/Home.tsx
FN:6,Home
FN:10,(anonymous_1)
FN:21,(anonymous_2)
FN:6,(anonymous_3)
FNF:4
FNH:0
FNDA:0,Home
FNDA:0,(anonymous_1)
FNDA:0,(anonymous_2)
FNDA:0,(anonymous_3)
DA:6,8
DA:7,0
DA:8,8
DA:10,0
DA:11,0
DA:12,0
DA:13,0
DA:16,0
DA:21,0
DA:34,8
LF:10
LH:3
BRDA:12,0,0,0
BRF:1
BRH:0
end_of_record
TN:
SF:src/pages/Login/Login.tsx
FN:9,Login
FN:14,(anonymous_1)
FN:43,(anonymous_2)
FN:53,(anonymous_3)
FN:42,(anonymous_2)
FN:52,(anonymous_3)
FNF:6
FNH:6
FNDA:396,Login
FNDA:138,(anonymous_1)
FNDA:167,(anonymous_2)
FNDA:158,(anonymous_3)
FNDA:167,(anonymous_2)
FNDA:158,(anonymous_3)
DA:9,264
DA:10,264
DA:11,264
DA:12,264
DA:14,264
DA:15,4
DA:16,4
DA:18,4
DA:19,4
DA:20,2
DA:21,3
DA:22,133
DA:24,132
DA:26,132
DA:42,167
DA:43,167
DA:52,158
DA:53,158
DA:67,24
LF:19
LH:19
BRDA:58,0,0,132
BRDA:58,0,1,2
BRDA:55,1,0,132
BRDA:55,1,1,2
BRF:4
BRH:4
end_of_record
TN:
SF:src/pages/Register/Register.tsx
FN:9,Register
FN:15,(anonymous_1)
FN:49,(anonymous_2)
FN:58,(anonymous_3)
FN:68,(anonymous_4)
FN:48,(anonymous_2)
FN:57,(anonymous_3)
FN:67,(anonymous_4)
FNF:8
FNH:8
FNDA:552,Register
FNDA:190,(anonymous_1)
FNDA:218,(anonymous_2)
FNDA:210,(anonymous_3)
FNDA:212,(anonymous_4)
FNDA:218,(anonymous_2)
FNDA:210,(anonymous_3)
FNDA:212,(anonymous_4)
DA:9,368
DA:10,368
DA:11,368
DA:12,368
DA:13,368
DA:15,368
DA:16,4
DA:17,4
DA:19,4
DA:20,2
DA:21,2
DA:24,2
DA:25,2
DA:26,1
DA:27,1
DA:28,184
DA:30,184
DA:32,184
DA:48,218
DA:49,218
DA:57,210
DA:58,210
DA:67,212
DA:68,212
DA:82,24
LF:25
LH:25
BRDA:19,0,0,2
BRDA:73,1,0,184
BRDA:73,1,1,2
BRDA:70,2,0,184
BRDA:70,2,1,2
BRF:5
BRH:5
end_of_record
TN:
SF:src/pages/Upload/Upload.tsx
FN:8,Upload
FN:22,(anonymous_1)
FN:36,(anonymous_2)
FN:52,(anonymous_3)
FN:74,(anonymous_4)
FN:77,(anonymous_5)
FN:79,(anonymous_6)
FN:8,(anonymous_7)
FNF:8
FNH:0
FNDA:0,Upload
FNDA:0,(anonymous_1)
FNDA:0,(anonymous_2)
FNDA:0,(anonymous_3)
FNDA:0,(anonymous_4)
FNDA:0,(anonymous_5)
FNDA:0,(anonymous_6)
FNDA:0,(anonymous_7)
DA:8,8
DA:9,8
DA:10,0
DA:12,0
DA:13,0
DA:14,0
DA:15,0
DA:16,0
DA:17,0
DA:18,0
DA:20,0
DA:22,0
DA:23,0
DA:24,0
DA:25,0
DA:26,0
DA:27,0
DA:28,0
DA:29,0
DA:31,0
DA:32,0
DA:33,0
DA:36,0
DA:37,0
DA:39,0
DA:40,0
DA:41,0
DA:43,0
DA:44,0
DA:45,0
DA:47,0
DA:48,0
DA:52,0
DA:53,0
DA:54,0
DA:55,0
DA:58,0
DA:74,0
DA:77,0
DA:79,0
DA:109,8
LF:41
LH:3
BRDA:13,0,0,0
BRDA:13,0,1,0
BRDA:24,1,0,0
BRDA:25,2,0,0
BRDA:37,3,0,0
BRDA:43,4,0,0
BRDA:43,4,1,0
BRDA:47,5,0,0
BRDA:53,6,0,0
BRDA:62,7,0,0
BRDA:62,7,1,0
BRDA:62,7,2,0
BRDA:69,8,0,0
BRDA:69,8,1,0
BRDA:70,9,0,0
BRDA:70,9,1,0
BRDA:72,10,0,0
BRDA:72,10,1,0
BRDA:87,11,0,0
BRDA:87,11,1,0
BRDA:87,11,2,0
BRDA:94,12,0,0
BRDA:94,12,1,0
BRF:23
BRH:0
end_of_record
TN:
SF:src/services/Auth/auth.service.ts
FN:7,login
FN:21,register
FN:35,saveToken
FNF:3
FNH:3
FNDA:6,login
FNDA:1,register
FNDA:1,saveToken
DA:1,16
DA:8,4
DA:14,2
DA:15,2
DA:18,0
DA:19,0
DA:21,0
DA:22,1
DA:24,1
DA:28,0
DA:29,0
DA:30,0
DA:32,0
DA:35,0
DA:36,0
DA:37,0
LF:16
LH:6
BRDA:1,0,0,16
BRDA:1,0,1,0
BRDA:14,1,0,2
BRDA:28,2,0,0
BRDA:30,3,0,0
BRF:5
BRH:2
end_of_record
TN:
SF:src/services/Files/files.service.ts
FN:11,getFileMetadata
FN:29,downloadFile
FNF:2
FNH:1
FNDA:16,getFileMetadata
FNDA:0,downloadFile
DA:1,16
DA:12,16
DA:14,16
DA:15,4
DA:18,12
DA:19,0
DA:22,12
DA:23,0
DA:26,12
DA:30,0
DA:32,0
DA:33,0
DA:36,0
DA:37,0
DA:40,0
DA:41,0
DA:42,0
DA:43,0
DA:44,0
DA:45,0
DA:46,0
LF:21
LH:7
BRDA:1,0,0,16
BRDA:1,0,1,0
BRDA:14,1,0,4
BRDA:18,2,0,0
BRDA:22,3,0,0
BRDA:32,4,0,0
BRDA:36,5,0,0
BRF:7
BRH:2
end_of_record
TN:
SF:src/utils/files.utils.ts
FN:1,formatSize
FN:5,getDaysUntilExpiry
FN:10,getExpiryCallout
FNF:3
FNH:3
FNDA:24,formatSize
FNDA:24,getDaysUntilExpiry
FNDA:24,getExpiryCallout
DA:2,24
DA:6,24
DA:7,24
DA:11,36
DA:12,8
DA:13,0
DA:14,0
LF:7
LH:5
BRDA:11,0,0,28
BRDA:12,1,0,8
BRDA:13,2,0,0
BRF:3
BRH:2
end_of_record
