{
  "/Users/theblooming/Documents/OpenClassRooms/projet_4_opc/Datashare/frontend/src/components/Header/Header.tsx": {
    "path": "/Users/theblooming/Documents/OpenClassRooms/projet_4_opc/Datashare/frontend/src/components/Header/Header.tsx",
    "statementMap": {
      "0": {
        "start": {
          "line": 4,
          "column": 2
        },
        "end": {
          "line": 34,
          "column": 11
        }
      },
      "1": {
        "start": {
          "line": 36,
          "column": 0
        },
        "end": {
          "line": 36,
          "column": 12
        }
      },
      "2": {
        "start": {
          "line": 38,
          "column": 0
        },
        "end": {
          "line": 38,
          "column": 27
        }
      },
      "3": {
        "start": {
          "line": 40,
          "column": 20
        },
        "end": {
          "line": 40,
          "column": 97
        }
      },
      "4": {
        "start": {
          "line": 41,
          "column": 0
        },
        "end": {
          "line": 55,
          "column": 1
        }
      },
      "5": {
        "start": {
          "line": 42,
          "column": 2
        },
        "end": {
          "line": 46,
          "column": 3
        }
      },
      "6": {
        "start": {
          "line": 43,
          "column": 4
        },
        "end": {
          "line": 45,
          "column": 6
        }
      },
      "7": {
        "start": {
          "line": 47,
          "column": 2
        },
        "end": {
          "line": 54,
          "column": 5
        }
      },
      "8": {
        "start": {
          "line": 48,
          "column": 4
        },
        "end": {
          "line": 48,
          "column": 178
        }
      },
      "9": {
        "start": {
          "line": 49,
          "column": 4
        },
        "end": {
          "line": 53,
          "column": 7
        }
      },
      "10": {
        "start": {
          "line": 50,
          "column": 6
        },
        "end": {
          "line": 50,
          "column": 31
        }
      },
      "11": {
        "start": {
          "line": 50,
          "column": 24
        },
        "end": {
          "line": 50,
          "column": 31
        }
      },
      "12": {
        "start": {
          "line": 51,
          "column": 32
        },
        "end": {
          "line": 51,
          "column": 227
        }
      },
      "13": {
        "start": {
          "line": 52,
          "column": 6
        },
        "end": {
          "line": 52,
          "column": 75
        }
      },
      "14": {
        "start": {
          "line": 52,
          "column": 29
        },
        "end": {
          "line": 52,
          "column": 75
        }
      },
      "15": {
        "start": {
          "line": 57,
          "column": 2
        },
        "end": {
          "line": 57,
          "column": 157
        }
      },
      "16": {
        "start": {
          "line": 60,
          "column": 2
        },
        "end": {
          "line": 60,
          "column": 62
        }
      }
    },
    "fnMap": {
      "0": {
        "name": "Header",
        "decl": {
          "start": {
            "line": 3,
            "column": 24
          },
          "end": {
            "line": 3,
            "column": 30
          }
        },
        "loc": {
          "start": {
            "line": 3,
            "column": 54
          },
          "end": {
            "line": 35,
            "column": 1
          }
        },
        "line": 3
      },
      "1": {
        "name": "(anonymous_1)",
        "decl": {
          "start": {
            "line": 47,
            "column": 52
          },
          "end": {
            "line": 47,
            "column": 53
          }
        },
        "loc": {
          "start": {
            "line": 47,
            "column": 72
          },
          "end": {
            "line": 54,
            "column": 3
          }
        },
        "line": 47
      },
      "2": {
        "name": "(anonymous_2)",
        "decl": {
          "start": {
            "line": 49,
            "column": 27
          },
          "end": {
            "line": 49,
            "column": 28
          }
        },
        "loc": {
          "start": {
            "line": 49,
            "column": 44
          },
          "end": {
            "line": 53,
            "column": 5
          }
        },
        "line": 49
      },
      "3": {
        "name": "$RefreshReg$",
        "decl": {
          "start": {
            "line": 56,
            "column": 9
          },
          "end": {
            "line": 56,
            "column": 21
          }
        },
        "loc": {
          "start": {
            "line": 56,
            "column": 32
          },
          "end": {
            "line": 58,
            "column": 1
          }
        },
        "line": 56
      },
      "4": {
        "name": "$RefreshSig$",
        "decl": {
          "start": {
            "line": 59,
            "column": 9
          },
          "end": {
            "line": 59,
            "column": 21
          }
        },
        "loc": {
          "start": {
            "line": 59,
            "column": 24
          },
          "end": {
            "line": 61,
            "column": 1
          }
        },
        "line": 59
      }
    },
    "branchMap": {
      "0": {
        "loc": {
          "start": {
            "line": 3,
            "column": 33
          },
          "end": {
            "line": 3,
            "column": 50
          }
        },
        "type": "default-arg",
        "locations": [
          {
            "start": {
              "line": 3,
              "column": 43
            },
            "end": {
              "line": 3,
              "column": 50
            }
          }
        ],
        "line": 3
      },
      "1": {
        "loc": {
          "start": {
            "line": 10,
            "column": 4
          },
          "end": {
            "line": 29,
            "column": 12
          }
        },
        "type": "cond-expr",
        "locations": [
          {
            "start": {
              "line": 10,
              "column": 42
            },
            "end": {
              "line": 14,
              "column": 12
            }
          },
          {
            "start": {
              "line": 14,
              "column": 31
            },
            "end": {
              "line": 29,
              "column": 12
            }
          }
        ],
        "line": 10
      },
      "2": {
        "loc": {
          "start": {
            "line": 40,
            "column": 20
          },
          "end": {
            "line": 40,
            "column": 97
          }
        },
        "type": "binary-expr",
        "locations": [
          {
            "start": {
              "line": 40,
              "column": 20
            },
            "end": {
              "line": 40,
              "column": 60
            }
          },
          {
            "start": {
              "line": 40,
              "column": 64
            },
            "end": {
              "line": 40,
              "column": 97
            }
          }
        ],
        "line": 40
      },
      "3": {
        "loc": {
          "start": {
            "line": 41,
            "column": 0
          },
          "end": {
            "line": 55,
            "column": 1
          }
        },
        "type": "if",
        "locations": [
          {
            "start": {
              "line": 41,
              "column": 0
            },
            "end": {
              "line": 55,
              "column": 1
            }
          },
          {
            "start": {},
            "end": {}
          }
        ],
        "line": 41
      },
      "4": {
        "loc": {
          "start": {
            "line": 41,
            "column": 4
          },
          "end": {
            "line": 41,
            "column": 35
          }
        },
        "type": "binary-expr",
        "locations": [
          {
            "start": {
              "line": 41,
              "column": 4
            },
            "end": {
              "line": 41,
              "column": 19
            }
          },
          {
            "start": {
              "line": 41,
              "column": 23
            },
            "end": {
              "line": 41,
              "column": 35
            }
          }
        ],
        "line": 41
      },
      "5": {
        "loc": {
          "start": {
            "line": 42,
            "column": 2
          },
          "end": {
            "line": 46,
            "column": 3
          }
        },
        "type": "if",
        "locations": [
          {
            "start": {
              "line": 42,
              "column": 2
            },
            "end": {
              "line": 46,
              "column": 3
            }
          },
          {
            "start": {},
            "end": {}
          }
        ],
        "line": 42
      },
      "6": {
        "loc": {
          "start": {
            "line": 50,
            "column": 6
          },
          "end": {
            "line": 50,
            "column": 31
          }
        },
        "type": "if",
        "locations": [
          {
            "start": {
              "line": 50,
              "column": 6
            },
            "end": {
              "line": 50,
              "column": 31
            }
          },
          {
            "start": {},
            "end": {}
          }
        ],
        "line": 50
      },
      "7": {
        "loc": {
          "start": {
            "line": 52,
            "column": 6
          },
          "end": {
            "line": 52,
            "column": 75
          }
        },
        "type": "if",
        "locations": [
          {
            "start": {
              "line": 52,
              "column": 6
            },
            "end": {
              "line": 52,
              "column": 75
            }
          },
          {
            "start": {},
            "end": {}
          }
        ],
        "line": 52
      }
    },
    "s": {
      "0": 332,
      "1": 8,
      "2": 8,
      "3": 8,
      "4": 8,
      "5": 8,
      "6": 0,
      "7": 8,
      "8": 8,
      "9": 8,
      "10": 0,
      "11": 0,
      "12": 0,
      "13": 0,
      "14": 0,
      "15": 8,
      "16": 0
    },
    "f": {
      "0": 332,
      "1": 8,
      "2": 0,
      "3": 8,
      "4": 0
    },
    "b": {
      "0": [
        0
      ],
      "1": [
        332,
        0
      ],
      "2": [
        8,
        0
      ],
      "3": [
        8,
        0
      ],
      "4": [
        8,
        8
      ],
      "5": [
        0,
        8
      ],
      "6": [
        0,
        0
      ],
      "7": [
        0,
        0
      ]
    },
    "inputSourceMap": {
      "version": 3,
      "mappings": "AASY;AATZ,OAAO;AAMP,wBAAwBA,OAAO,EAAEC,UAAU,QAAqB,GAAG;AAC/D,SACI,uBAAC,YAAO,WAAU,UACd;AAAA,2BAAC,UAAK,WAAU,gBAAe,yBAA/B;AAAA;AAAA;AAAA;AAAA,WAAwC;AAAA,IACvCA,YAAY,UACT,uBAAC,YAAO,WAAU,eAAc,4BAAhC;AAAA;AAAA;AAAA;AAAA,WAA4C,IAE5C,uBAAC,SAAI,WAAU,mBACX;AAAA,6BAAC,YAAO,WAAU,eAAc,oCAAhC;AAAA;AAAA;AAAA;AAAA,aAAoD;AAAA,MACpD,uBAAC,YAAO,WAAU,oCAAmC,2BAArD;AAAA;AAAA;AAAA;AAAA,aAAgE;AAAA,SAFpE;AAAA;AAAA;AAAA;AAAA,WAGA;AAAA,OARR;AAAA;AAAA;AAAA;AAAA,SAUA;AAER;AAACC,KAduBF;AAAM,IAAAE;AAAA,aAAAA,IAAA",
      "names": [
        "Header",
        "variant",
        "_c"
      ],
      "ignoreList": [],
      "sources": [
        "/Users/theblooming/Documents/OpenClassRooms/projet_4_opc/Datashare/frontend/src/components/Header/Header.tsx"
      ],
      "file": "/Users/theblooming/Documents/OpenClassRooms/projet_4_opc/Datashare/frontend/src/components/Header/Header.tsx"
    },
    "_coverageSchema": "1a1c01bbd47fc00a2c39e90264f33305004495a9",
    "hash": "9980c0e27006ddf986667049e3f690d9990a4546"
  },
  "/Users/theblooming/Documents/OpenClassRooms/projet_4_opc/Datashare/frontend/src/components/Input/Input.tsx": {
    "path": "/Users/theblooming/Documents/OpenClassRooms/projet_4_opc/Datashare/frontend/src/components/Input/Input.tsx",
    "statementMap": {
      "0": {
        "start": {
          "line": 4,
          "column": 2
        },
        "end": {
          "line": 35,
          "column": 11
        }
      },
      "1": {
        "start": {
          "line": 37,
          "column": 0
        },
        "end": {
          "line": 37,
          "column": 11
        }
      },
      "2": {
        "start": {
          "line": 39,
          "column": 0
        },
        "end": {
          "line": 39,
          "column": 26
        }
      },
      "3": {
        "start": {
          "line": 41,
          "column": 20
        },
        "end": {
          "line": 41,
          "column": 97
        }
      },
      "4": {
        "start": {
          "line": 42,
          "column": 0
        },
        "end": {
          "line": 56,
          "column": 1
        }
      },
      "5": {
        "start": {
          "line": 43,
          "column": 2
        },
        "end": {
          "line": 47,
          "column": 3
        }
      },
      "6": {
        "start": {
          "line": 44,
          "column": 4
        },
        "end": {
          "line": 46,
          "column": 6
        }
      },
      "7": {
        "start": {
          "line": 48,
          "column": 2
        },
        "end": {
          "line": 55,
          "column": 5
        }
      },
      "8": {
        "start": {
          "line": 49,
          "column": 4
        },
        "end": {
          "line": 49,
          "column": 176
        }
      },
      "9": {
        "start": {
          "line": 50,
          "column": 4
        },
        "end": {
          "line": 54,
          "column": 7
        }
      },
      "10": {
        "start": {
          "line": 51,
          "column": 6
        },
        "end": {
          "line": 51,
          "column": 31
        }
      },
      "11": {
        "start": {
          "line": 51,
          "column": 24
        },
        "end": {
          "line": 51,
          "column": 31
        }
      },
      "12": {
        "start": {
          "line": 52,
          "column": 32
        },
        "end": {
          "line": 52,
          "column": 225
        }
      },
      "13": {
        "start": {
          "line": 53,
          "column": 6
        },
        "end": {
          "line": 53,
          "column": 75
        }
      },
      "14": {
        "start": {
          "line": 53,
          "column": 29
        },
        "end": {
          "line": 53,
          "column": 75
        }
      },
      "15": {
        "start": {
          "line": 58,
          "column": 2
        },
        "end": {
          "line": 58,
          "column": 155
        }
      },
      "16": {
        "start": {
          "line": 61,
          "column": 2
        },
        "end": {
          "line": 61,
          "column": 62
        }
      }
    },
    "fnMap": {
      "0": {
        "name": "Input",
        "decl": {
          "start": {
            "line": 3,
            "column": 24
          },
          "end": {
            "line": 3,
            "column": 29
          }
        },
        "loc": {
          "start": {
            "line": 3,
            "column": 111
          },
          "end": {
            "line": 36,
            "column": 1
          }
        },
        "line": 3
      },
      "1": {
        "name": "(anonymous_1)",
        "decl": {
          "start": {
            "line": 48,
            "column": 52
          },
          "end": {
            "line": 48,
            "column": 53
          }
        },
        "loc": {
          "start": {
            "line": 48,
            "column": 72
          },
          "end": {
            "line": 55,
            "column": 3
          }
        },
        "line": 48
      },
      "2": {
        "name": "(anonymous_2)",
        "decl": {
          "start": {
            "line": 50,
            "column": 27
          },
          "end": {
            "line": 50,
            "column": 28
          }
        },
        "loc": {
          "start": {
            "line": 50,
            "column": 44
          },
          "end": {
            "line": 54,
            "column": 5
          }
        },
        "line": 50
      },
      "3": {
        "name": "$RefreshReg$",
        "decl": {
          "start": {
            "line": 57,
            "column": 9
          },
          "end": {
            "line": 57,
            "column": 21
          }
        },
        "loc": {
          "start": {
            "line": 57,
            "column": 32
          },
          "end": {
            "line": 59,
            "column": 1
          }
        },
        "line": 57
      },
      "4": {
        "name": "$RefreshSig$",
        "decl": {
          "start": {
            "line": 60,
            "column": 9
          },
          "end": {
            "line": 60,
            "column": 21
          }
        },
        "loc": {
          "start": {
            "line": 60,
            "column": 24
          },
          "end": {
            "line": 62,
            "column": 1
          }
        },
        "line": 60
      }
    },
    "branchMap": {
      "0": {
        "loc": {
          "start": {
            "line": 3,
            "column": 43
          },
          "end": {
            "line": 3,
            "column": 56
          }
        },
        "type": "default-arg",
        "locations": [
          {
            "start": {
              "line": 3,
              "column": 50
            },
            "end": {
              "line": 3,
              "column": 56
            }
          }
        ],
        "line": 3
      },
      "1": {
        "loc": {
          "start": {
            "line": 41,
            "column": 20
          },
          "end": {
            "line": 41,
            "column": 97
          }
        },
        "type": "binary-expr",
        "locations": [
          {
            "start": {
              "line": 41,
              "column": 20
            },
            "end": {
              "line": 41,
              "column": 60
            }
          },
          {
            "start": {
              "line": 41,
              "column": 64
            },
            "end": {
              "line": 41,
              "column": 97
            }
          }
        ],
        "line": 41
      },
      "2": {
        "loc": {
          "start": {
            "line": 42,
            "column": 0
          },
          "end": {
            "line": 56,
            "column": 1
          }
        },
        "type": "if",
        "locations": [
          {
            "start": {
              "line": 42,
              "column": 0
            },
            "end": {
              "line": 56,
              "column": 1
            }
          },
          {
            "start": {},
            "end": {}
          }
        ],
        "line": 42
      },
      "3": {
        "loc": {
          "start": {
            "line": 42,
            "column": 4
          },
          "end": {
            "line": 42,
            "column": 35
          }
        },
        "type": "binary-expr",
        "locations": [
          {
            "start": {
              "line": 42,
              "column": 4
            },
            "end": {
              "line": 42,
              "column": 19
            }
          },
          {
            "start": {
              "line": 42,
              "column": 23
            },
            "end": {
              "line": 42,
              "column": 35
            }
          }
        ],
        "line": 42
      },
      "4": {
        "loc": {
          "start": {
            "line": 43,
            "column": 2
          },
          "end": {
            "line": 47,
            "column": 3
          }
        },
        "type": "if",
        "locations": [
          {
            "start": {
              "line": 43,
              "column": 2
            },
            "end": {
              "line": 47,
              "column": 3
            }
          },
          {
            "start": {},
            "end": {}
          }
        ],
        "line": 43
      },
      "5": {
        "loc": {
          "start": {
            "line": 51,
            "column": 6
          },
          "end": {
            "line": 51,
            "column": 31
          }
        },
        "type": "if",
        "locations": [
          {
            "start": {
              "line": 51,
              "column": 6
            },
            "end": {
              "line": 51,
              "column": 31
            }
          },
          {
            "start": {},
            "end": {}
          }
        ],
        "line": 51
      },
      "6": {
        "loc": {
          "start": {
            "line": 53,
            "column": 6
          },
          "end": {
            "line": 53,
            "column": 75
          }
        },
        "type": "if",
        "locations": [
          {
            "start": {
              "line": 53,
              "column": 6
            },
            "end": {
              "line": 53,
              "column": 75
            }
          },
          {
            "start": {},
            "end": {}
          }
        ],
        "line": 53
      }
    },
    "s": {
      "0": 802,
      "1": 8,
      "2": 8,
      "3": 8,
      "4": 8,
      "5": 8,
      "6": 0,
      "7": 8,
      "8": 8,
      "9": 8,
      "10": 0,
      "11": 0,
      "12": 0,
      "13": 0,
      "14": 0,
      "15": 8,
      "16": 0
    },
    "f": {
      "0": 802,
      "1": 8,
      "2": 0,
      "3": 8,
      "4": 0
    },
    "b": {
      "0": [
        0
      ],
      "1": [
        8,
        0
      ],
      "2": [
        8,
        0
      ],
      "3": [
        8,
        8
      ],
      "4": [
        0,
        8
      ],
      "5": [
        0,
        0
      ],
      "6": [
        0,
        0
      ]
    },
    "inputSourceMap": {
      "version": 3,
      "mappings": "AAgBY;AAhBZ,OAAO;AAaP,wBAAwBA,MAAM,EAAEC,IAAIC,OAAOC,OAAO,QAAQC,aAAaC,OAAOC,UAAUC,UAAUC,UAAsB,GAAG;AACvH,SACI,uBAAC,SAAI,WAAU,eACX;AAAA,2BAAC,WAAM,WAAU,sBAAsBN,mBAAvC;AAAA;AAAA;AAAA;AAAA,WAA6C;AAAA,IAC7C;AAAA,MAAC;AAAA;AAAA,QACG;AAAA,QACA,WAAU;AAAA,QACV;AAAA,QACA;AAAA,QACA;AAAA,QACA;AAAA,QACA;AAAA,QACA;AAAA;AAAA,MARJ;AAAA;AAAA;AAAA;AAAA;AAAA;AAAA;AAAA;AAAA,IAQyB;AAAA,OAV7B;AAAA;AAAA;AAAA;AAAA,SAYA;AAER;AAACO,KAhBuBT;AAAK,IAAAS;AAAA,aAAAA,IAAA",
      "names": [
        "Input",
        "id",
        "label",
        "type",
        "placeholder",
        "value",
        "onChange",
        "required",
        "minLength",
        "_c"
      ],
      "ignoreList": [],
      "sources": [
        "/Users/theblooming/Documents/OpenClassRooms/projet_4_opc/Datashare/frontend/src/components/Input/Input.tsx"
      ],
      "file": "/Users/theblooming/Documents/OpenClassRooms/projet_4_opc/Datashare/frontend/src/components/Input/Input.tsx"
    },
    "_coverageSchema": "1a1c01bbd47fc00a2c39e90264f33305004495a9",
    "hash": "54e02815883ab439d630a660c3368f79d4c846c7"
  },
  "/Users/theblooming/Documents/OpenClassRooms/projet_4_opc/Datashare/frontend/src/components/Button/Button.tsx": {
    "path": "/Users/theblooming/Documents/OpenClassRooms/projet_4_opc/Datashare/frontend/src/components/Button/Button.tsx",
    "statementMap": {
      "0": {
        "start": {
          "line": 4,
          "column": 2
        },
        "end": {
          "line": 21,
          "column": 4
        }
      },
      "1": {
        "start": {
          "line": 23,
          "column": 0
        },
        "end": {
          "line": 23,
          "column": 12
        }
      },
      "2": {
        "start": {
          "line": 25,
          "column": 0
        },
        "end": {
          "line": 25,
          "column": 27
        }
      },
      "3": {
        "start": {
          "line": 27,
          "column": 20
        },
        "end": {
          "line": 27,
          "column": 97
        }
      },
      "4": {
        "start": {
          "line": 28,
          "column": 0
        },
        "end": {
          "line": 42,
          "column": 1
        }
      },
      "5": {
        "start": {
          "line": 29,
          "column": 2
        },
        "end": {
          "line": 33,
          "column": 3
        }
      },
      "6": {
        "start": {
          "line": 30,
          "column": 4
        },
        "end": {
          "line": 32,
          "column": 6
        }
      },
      "7": {
        "start": {
          "line": 34,
          "column": 2
        },
        "end": {
          "line": 41,
          "column": 5
        }
      },
      "8": {
        "start": {
          "line": 35,
          "column": 4
        },
        "end": {
          "line": 35,
          "column": 178
        }
      },
      "9": {
        "start": {
          "line": 36,
          "column": 4
        },
        "end": {
          "line": 40,
          "column": 7
        }
      },
      "10": {
        "start": {
          "line": 37,
          "column": 6
        },
        "end": {
          "line": 37,
          "column": 31
        }
      },
      "11": {
        "start": {
          "line": 37,
          "column": 24
        },
        "end": {
          "line": 37,
          "column": 31
        }
      },
      "12": {
        "start": {
          "line": 38,
          "column": 32
        },
        "end": {
          "line": 38,
          "column": 227
        }
      },
      "13": {
        "start": {
          "line": 39,
          "column": 6
        },
        "end": {
          "line": 39,
          "column": 75
        }
      },
      "14": {
        "start": {
          "line": 39,
          "column": 29
        },
        "end": {
          "line": 39,
          "column": 75
        }
      },
      "15": {
        "start": {
          "line": 44,
          "column": 2
        },
        "end": {
          "line": 44,
          "column": 157
        }
      },
      "16": {
        "start": {
          "line": 47,
          "column": 2
        },
        "end": {
          "line": 47,
          "column": 62
        }
      }
    },
    "fnMap": {
      "0": {
        "name": "Button",
        "decl": {
          "start": {
            "line": 3,
            "column": 24
          },
          "end": {
            "line": 3,
            "column": 30
          }
        },
        "loc": {
          "start": {
            "line": 3,
            "column": 105
          },
          "end": {
            "line": 22,
            "column": 1
          }
        },
        "line": 3
      },
      "1": {
        "name": "(anonymous_1)",
        "decl": {
          "start": {
            "line": 34,
            "column": 52
          },
          "end": {
            "line": 34,
            "column": 53
          }
        },
        "loc": {
          "start": {
            "line": 34,
            "column": 72
          },
          "end": {
            "line": 41,
            "column": 3
          }
        },
        "line": 34
      },
      "2": {
        "name": "(anonymous_2)",
        "decl": {
          "start": {
            "line": 36,
            "column": 27
          },
          "end": {
            "line": 36,
            "column": 28
          }
        },
        "loc": {
          "start": {
            "line": 36,
            "column": 44
          },
          "end": {
            "line": 40,
            "column": 5
          }
        },
        "line": 36
      },
      "3": {
        "name": "$RefreshReg$",
        "decl": {
          "start": {
            "line": 43,
            "column": 9
          },
          "end": {
            "line": 43,
            "column": 21
          }
        },
        "loc": {
          "start": {
            "line": 43,
            "column": 32
          },
          "end": {
            "line": 45,
            "column": 1
          }
        },
        "line": 43
      },
      "4": {
        "name": "$RefreshSig$",
        "decl": {
          "start": {
            "line": 46,
            "column": 9
          },
          "end": {
            "line": 46,
            "column": 21
          }
        },
        "loc": {
          "start": {
            "line": 46,
            "column": 24
          },
          "end": {
            "line": 48,
            "column": 1
          }
        },
        "line": 46
      }
    },
    "branchMap": {
      "0": {
        "loc": {
          "start": {
            "line": 3,
            "column": 49
          },
          "end": {
            "line": 3,
            "column": 66
          }
        },
        "type": "default-arg",
        "locations": [
          {
            "start": {
              "line": 3,
              "column": 61
            },
            "end": {
              "line": 3,
              "column": 66
            }
          }
        ],
        "line": 3
      },
      "1": {
        "loc": {
          "start": {
            "line": 3,
            "column": 68
          },
          "end": {
            "line": 3,
            "column": 83
          }
        },
        "type": "default-arg",
        "locations": [
          {
            "start": {
              "line": 3,
              "column": 75
            },
            "end": {
              "line": 3,
              "column": 83
            }
          }
        ],
        "line": 3
      },
      "2": {
        "loc": {
          "start": {
            "line": 3,
            "column": 85
          },
          "end": {
            "line": 3,
            "column": 101
          }
        },
        "type": "default-arg",
        "locations": [
          {
            "start": {
              "line": 3,
              "column": 96
            },
            "end": {
              "line": 3,
              "column": 101
            }
          }
        ],
        "line": 3
      },
      "3": {
        "loc": {
          "start": {
            "line": 27,
            "column": 20
          },
          "end": {
            "line": 27,
            "column": 97
          }
        },
        "type": "binary-expr",
        "locations": [
          {
            "start": {
              "line": 27,
              "column": 20
            },
            "end": {
              "line": 27,
              "column": 60
            }
          },
          {
            "start": {
              "line": 27,
              "column": 64
            },
            "end": {
              "line": 27,
              "column": 97
            }
          }
        ],
        "line": 27
      },
      "4": {
        "loc": {
          "start": {
            "line": 28,
            "column": 0
          },
          "end": {
            "line": 42,
            "column": 1
          }
        },
        "type": "if",
        "locations": [
          {
            "start": {
              "line": 28,
              "column": 0
            },
            "end": {
              "line": 42,
              "column": 1
            }
          },
          {
            "start": {},
            "end": {}
          }
        ],
        "line": 28
      },
      "5": {
        "loc": {
          "start": {
            "line": 28,
            "column": 4
          },
          "end": {
            "line": 28,
            "column": 35
          }
        },
        "type": "binary-expr",
        "locations": [
          {
            "start": {
              "line": 28,
              "column": 4
            },
            "end": {
              "line": 28,
              "column": 19
            }
          },
          {
            "start": {
              "line": 28,
              "column": 23
            },
            "end": {
              "line": 28,
              "column": 35
            }
          }
        ],
        "line": 28
      },
      "6": {
        "loc": {
          "start": {
            "line": 29,
            "column": 2
          },
          "end": {
            "line": 33,
            "column": 3
          }
        },
        "type": "if",
        "locations": [
          {
            "start": {
              "line": 29,
              "column": 2
            },
            "end": {
              "line": 33,
              "column": 3
            }
          },
          {
            "start": {},
            "end": {}
          }
        ],
        "line": 29
      },
      "7": {
        "loc": {
          "start": {
            "line": 37,
            "column": 6
          },
          "end": {
            "line": 37,
            "column": 31
          }
        },
        "type": "if",
        "locations": [
          {
            "start": {
              "line": 37,
              "column": 6
            },
            "end": {
              "line": 37,
              "column": 31
            }
          },
          {
            "start": {},
            "end": {}
          }
        ],
        "line": 37
      },
      "8": {
        "loc": {
          "start": {
            "line": 39,
            "column": 6
          },
          "end": {
            "line": 39,
            "column": 75
          }
        },
        "type": "if",
        "locations": [
          {
            "start": {
              "line": 39,
              "column": 6
            },
            "end": {
              "line": 39,
              "column": 75
            }
          },
          {
            "start": {},
            "end": {}
          }
        ],
        "line": 39
      }
    },
    "s": {
      "0": 318,
      "1": 8,
      "2": 8,
      "3": 8,
      "4": 8,
      "5": 8,
      "6": 0,
      "7": 8,
      "8": 8,
      "9": 8,
      "10": 0,
      "11": 0,
      "12": 0,
      "13": 0,
      "14": 0,
      "15": 8,
      "16": 0
    },
    "f": {
      "0": 318,
      "1": 8,
      "2": 0,
      "3": 8,
      "4": 0
    },
    "b": {
      "0": [
        190
      ],
      "1": [
        8
      ],
      "2": [
        318
      ],
      "3": [
        8,
        0
      ],
      "4": [
        8,
        0
      ],
      "5": [
        8,
        8
      ],
      "6": [
        0,
        8
      ],
      "7": [
        0,
        0
      ],
      "8": [
        0,
        0
      ]
    },
    "inputSourceMap": {
      "version": 3,
      "mappings": "AAYQ;AAZR,OAAO;AAUP,wBAAwBA,OAAO,EAAEC,OAAOC,SAASC,YAAY,OAAOC,OAAO,UAAUC,WAAW,MAAmB,GAAG;AAClH,SACI;AAAA,IAAC;AAAA;AAAA,MACG;AAAA,MACA;AAAA,MACA;AAAA,MACA;AAAA,MAECJ;AAAAA;AAAAA,IANL;AAAA;AAAA;AAAA;AAAA;AAAA;AAAA;AAAA;AAAA,EAOA;AAER;AAACK,KAXuBN;AAAM,IAAAM;AAAA,aAAAA,IAAA",
      "names": [
        "Button",
        "label",
        "onClick",
        "className",
        "type",
        "disabled",
        "_c"
      ],
      "ignoreList": [],
      "sources": [
        "/Users/theblooming/Documents/OpenClassRooms/projet_4_opc/Datashare/frontend/src/components/Button/Button.tsx"
      ],
      "file": "/Users/theblooming/Documents/OpenClassRooms/projet_4_opc/Datashare/frontend/src/components/Button/Button.tsx"
    },
    "_coverageSchema": "1a1c01bbd47fc00a2c39e90264f33305004495a9",
    "hash": "604d36182be76733de00e1e6264757dc6ba091d3"
  },
  "/Users/theblooming/Documents/OpenClassRooms/projet_4_opc/Datashare/frontend/src/services/Auth/auth.service.ts": {
    "path": "/Users/theblooming/Documents/OpenClassRooms/projet_4_opc/Datashare/frontend/src/services/Auth/auth.service.ts",
    "statementMap": {
      "0": {
        "start": {
          "line": 1,
          "column": 16
        },
        "end": {
          "line": 1,
          "column": 71
        }
      },
      "1": {
        "start": {
          "line": 3,
          "column": 14
        },
        "end": {
          "line": 7,
          "column": 4
        }
      },
      "2": {
        "start": {
          "line": 8,
          "column": 2
        },
        "end": {
          "line": 10,
          "column": 3
        }
      },
      "3": {
        "start": {
          "line": 9,
          "column": 4
        },
        "end": {
          "line": 9,
          "column": 56
        }
      },
      "4": {
        "start": {
          "line": 11,
          "column": 2
        },
        "end": {
          "line": 11,
          "column": 20
        }
      },
      "5": {
        "start": {
          "line": 14,
          "column": 14
        },
        "end": {
          "line": 18,
          "column": 4
        }
      },
      "6": {
        "start": {
          "line": 19,
          "column": 2
        },
        "end": {
          "line": 21,
          "column": 3
        }
      },
      "7": {
        "start": {
          "line": 20,
          "column": 4
        },
        "end": {
          "line": 20,
          "column": 61
        }
      },
      "8": {
        "start": {
          "line": 22,
          "column": 2
        },
        "end": {
          "line": 22,
          "column": 20
        }
      },
      "9": {
        "start": {
          "line": 25,
          "column": 2
        },
        "end": {
          "line": 25,
          "column": 44
        }
      }
    },
    "fnMap": {
      "0": {
        "name": "login",
        "decl": {
          "start": {
            "line": 2,
            "column": 22
          },
          "end": {
            "line": 2,
            "column": 27
          }
        },
        "loc": {
          "start": {
            "line": 2,
            "column": 45
          },
          "end": {
            "line": 12,
            "column": 1
          }
        },
        "line": 2
      },
      "1": {
        "name": "register",
        "decl": {
          "start": {
            "line": 13,
            "column": 22
          },
          "end": {
            "line": 13,
            "column": 30
          }
        },
        "loc": {
          "start": {
            "line": 13,
            "column": 48
          },
          "end": {
            "line": 23,
            "column": 1
          }
        },
        "line": 13
      },
      "2": {
        "name": "saveToken",
        "decl": {
          "start": {
            "line": 24,
            "column": 16
          },
          "end": {
            "line": 24,
            "column": 25
          }
        },
        "loc": {
          "start": {
            "line": 24,
            "column": 33
          },
          "end": {
            "line": 26,
            "column": 1
          }
        },
        "line": 24
      }
    },
    "branchMap": {
      "0": {
        "loc": {
          "start": {
            "line": 1,
            "column": 16
          },
          "end": {
            "line": 1,
            "column": 71
          }
        },
        "type": "binary-expr",
        "locations": [
          {
            "start": {
              "line": 1,
              "column": 16
            },
            "end": {
              "line": 1,
              "column": 44
            }
          },
          {
            "start": {
              "line": 1,
              "column": 48
            },
            "end": {
              "line": 1,
              "column": 71
            }
          }
        ],
        "line": 1
      },
      "1": {
        "loc": {
          "start": {
            "line": 8,
            "column": 2
          },
          "end": {
            "line": 10,
            "column": 3
          }
        },
        "type": "if",
        "locations": [
          {
            "start": {
              "line": 8,
              "column": 2
            },
            "end": {
              "line": 10,
              "column": 3
            }
          },
          {
            "start": {},
            "end": {}
          }
        ],
        "line": 8
      },
      "2": {
        "loc": {
          "start": {
            "line": 19,
            "column": 2
          },
          "end": {
            "line": 21,
            "column": 3
          }
        },
        "type": "if",
        "locations": [
          {
            "start": {
              "line": 19,
              "column": 2
            },
            "end": {
              "line": 21,
              "column": 3
            }
          },
          {
            "start": {},
            "end": {}
          }
        ],
        "line": 19
      }
    },
    "s": {
      "0": 8,
      "1": 2,
      "2": 1,
      "3": 1,
      "4": 0,
      "5": 1,
      "6": 0,
      "7": 0,
      "8": 0,
      "9": 0
    },
    "f": {
      "0": 2,
      "1": 1,
      "2": 0
    },
    "b": {
      "0": [
        8,
        0
      ],
      "1": [
        1,
        0
      ],
      "2": [
        0,
        0
      ]
    },
    "inputSourceMap": {
      "version": 3,
      "sources": [
        "/Users/theblooming/Documents/OpenClassRooms/projet_4_opc/Datashare/frontend/src/services/Auth/auth.service.ts"
      ],
      "mappings": "AAAA,MAAM,UAAU,YAAY,IAAI,gBAAgB;AAMhD,sBAAsB,MAAM,OAAe,UAAyC;AAChF,QAAM,MAAM,MAAM,MAAM,GAAG,OAAO,eAAe;AAAA,IAC7C,QAAQ;AAAA,IACR,SAAS,EAAE,gBAAgB,mBAAmB;AAAA,IAC9C,MAAM,KAAK,UAAU,EAAE,OAAO,SAAS,CAAC;AAAA,EAC5C,CAAC;AAED,MAAI,CAAC,IAAI,IAAI;AACT,UAAM,IAAI,MAAM,kCAAkC;AAAA,EACtD;AAEA,SAAO,IAAI,KAAK;AACpB;AAEA,sBAAsB,SAAS,OAAe,UAAyC;AACnF,QAAM,MAAM,MAAM,MAAM,GAAG,OAAO,kBAAkB;AAAA,IAChD,QAAQ;AAAA,IACR,SAAS,EAAE,gBAAgB,mBAAmB;AAAA,IAC9C,MAAM,KAAK,UAAU,EAAE,OAAO,SAAS,CAAC;AAAA,EAC5C,CAAC;AAED,MAAI,CAAC,IAAI,IAAI;AACT,UAAM,IAAI,MAAM,uCAAuC;AAAA,EAC3D;AAEA,SAAO,IAAI,KAAK;AACpB;AAEO,gBAAS,UAAU,OAAsB;AAC5C,eAAa,QAAQ,cAAc,KAAK;AAC5C;",
      "names": []
    },
    "_coverageSchema": "1a1c01bbd47fc00a2c39e90264f33305004495a9",
    "hash": "7744255370d593f5bd04ad97c769aa12cf9adcf8"
  },
  "/Users/theblooming/Documents/OpenClassRooms/projet_4_opc/Datashare/frontend/src/components/Callout/Callout.tsx": {
    "path": "/Users/theblooming/Documents/OpenClassRooms/projet_4_opc/Datashare/frontend/src/components/Callout/Callout.tsx",
    "statementMap": {
      "0": {
        "start": {
          "line": 5,
          "column": 14
        },
        "end": {
          "line": 9,
          "column": 1
        }
      },
      "1": {
        "start": {
          "line": 11,
          "column": 2
        },
        "end": {
          "line": 22,
          "column": 11
        }
      },
      "2": {
        "start": {
          "line": 24,
          "column": 0
        },
        "end": {
          "line": 24,
          "column": 13
        }
      },
      "3": {
        "start": {
          "line": 26,
          "column": 0
        },
        "end": {
          "line": 26,
          "column": 28
        }
      },
      "4": {
        "start": {
          "line": 28,
          "column": 20
        },
        "end": {
          "line": 28,
          "column": 97
        }
      },
      "5": {
        "start": {
          "line": 29,
          "column": 0
        },
        "end": {
          "line": 43,
          "column": 1
        }
      },
      "6": {
        "start": {
          "line": 30,
          "column": 2
        },
        "end": {
          "line": 34,
          "column": 3
        }
      },
      "7": {
        "start": {
          "line": 31,
          "column": 4
        },
        "end": {
          "line": 33,
          "column": 6
        }
      },
      "8": {
        "start": {
          "line": 35,
          "column": 2
        },
        "end": {
          "line": 42,
          "column": 5
        }
      },
      "9": {
        "start": {
          "line": 36,
          "column": 4
        },
        "end": {
          "line": 36,
          "column": 180
        }
      },
      "10": {
        "start": {
          "line": 37,
          "column": 4
        },
        "end": {
          "line": 41,
          "column": 7
        }
      },
      "11": {
        "start": {
          "line": 38,
          "column": 6
        },
        "end": {
          "line": 38,
          "column": 31
        }
      },
      "12": {
        "start": {
          "line": 38,
          "column": 24
        },
        "end": {
          "line": 38,
          "column": 31
        }
      },
      "13": {
        "start": {
          "line": 39,
          "column": 32
        },
        "end": {
          "line": 39,
          "column": 229
        }
      },
      "14": {
        "start": {
          "line": 40,
          "column": 6
        },
        "end": {
          "line": 40,
          "column": 75
        }
      },
      "15": {
        "start": {
          "line": 40,
          "column": 29
        },
        "end": {
          "line": 40,
          "column": 75
        }
      },
      "16": {
        "start": {
          "line": 45,
          "column": 2
        },
        "end": {
          "line": 45,
          "column": 159
        }
      },
      "17": {
        "start": {
          "line": 48,
          "column": 2
        },
        "end": {
          "line": 48,
          "column": 62
        }
      }
    },
    "fnMap": {
      "0": {
        "name": "Callout",
        "decl": {
          "start": {
            "line": 10,
            "column": 24
          },
          "end": {
            "line": 10,
            "column": 31
          }
        },
        "loc": {
          "start": {
            "line": 10,
            "column": 62
          },
          "end": {
            "line": 23,
            "column": 1
          }
        },
        "line": 10
      },
      "1": {
        "name": "(anonymous_1)",
        "decl": {
          "start": {
            "line": 35,
            "column": 52
          },
          "end": {
            "line": 35,
            "column": 53
          }
        },
        "loc": {
          "start": {
            "line": 35,
            "column": 72
          },
          "end": {
            "line": 42,
            "column": 3
          }
        },
        "line": 35
      },
      "2": {
        "name": "(anonymous_2)",
        "decl": {
          "start": {
            "line": 37,
            "column": 27
          },
          "end": {
            "line": 37,
            "column": 28
          }
        },
        "loc": {
          "start": {
            "line": 37,
            "column": 44
          },
          "end": {
            "line": 41,
            "column": 5
          }
        },
        "line": 37
      },
      "3": {
        "name": "$RefreshReg$",
        "decl": {
          "start": {
            "line": 44,
            "column": 9
          },
          "end": {
            "line": 44,
            "column": 21
          }
        },
        "loc": {
          "start": {
            "line": 44,
            "column": 32
          },
          "end": {
            "line": 46,
            "column": 1
          }
        },
        "line": 44
      },
      "4": {
        "name": "$RefreshSig$",
        "decl": {
          "start": {
            "line": 47,
            "column": 9
          },
          "end": {
            "line": 47,
            "column": 21
          }
        },
        "loc": {
          "start": {
            "line": 47,
            "column": 24
          },
          "end": {
            "line": 49,
            "column": 1
          }
        },
        "line": 47
      }
    },
    "branchMap": {
      "0": {
        "loc": {
          "start": {
            "line": 28,
            "column": 20
          },
          "end": {
            "line": 28,
            "column": 97
          }
        },
        "type": "binary-expr",
        "locations": [
          {
            "start": {
              "line": 28,
              "column": 20
            },
            "end": {
              "line": 28,
              "column": 60
            }
          },
          {
            "start": {
              "line": 28,
              "column": 64
            },
            "end": {
              "line": 28,
              "column": 97
            }
          }
        ],
        "line": 28
      },
      "1": {
        "loc": {
          "start": {
            "line": 29,
            "column": 0
          },
          "end": {
            "line": 43,
            "column": 1
          }
        },
        "type": "if",
        "locations": [
          {
            "start": {
              "line": 29,
              "column": 0
            },
            "end": {
              "line": 43,
              "column": 1
            }
          },
          {
            "start": {},
            "end": {}
          }
        ],
        "line": 29
      },
      "2": {
        "loc": {
          "start": {
            "line": 29,
            "column": 4
          },
          "end": {
            "line": 29,
            "column": 35
          }
        },
        "type": "binary-expr",
        "locations": [
          {
            "start": {
              "line": 29,
              "column": 4
            },
            "end": {
              "line": 29,
              "column": 19
            }
          },
          {
            "start": {
              "line": 29,
              "column": 23
            },
            "end": {
              "line": 29,
              "column": 35
            }
          }
        ],
        "line": 29
      },
      "3": {
        "loc": {
          "start": {
            "line": 30,
            "column": 2
          },
          "end": {
            "line": 34,
            "column": 3
          }
        },
        "type": "if",
        "locations": [
          {
            "start": {
              "line": 30,
              "column": 2
            },
            "end": {
              "line": 34,
              "column": 3
            }
          },
          {
            "start": {},
            "end": {}
          }
        ],
        "line": 30
      },
      "4": {
        "loc": {
          "start": {
            "line": 38,
            "column": 6
          },
          "end": {
            "line": 38,
            "column": 31
          }
        },
        "type": "if",
        "locations": [
          {
            "start": {
              "line": 38,
              "column": 6
            },
            "end": {
              "line": 38,
              "column": 31
            }
          },
          {
            "start": {},
            "end": {}
          }
        ],
        "line": 38
      },
      "5": {
        "loc": {
          "start": {
            "line": 40,
            "column": 6
          },
          "end": {
            "line": 40,
            "column": 75
          }
        },
        "type": "if",
        "locations": [
          {
            "start": {
              "line": 40,
              "column": 6
            },
            "end": {
              "line": 40,
              "column": 75
            }
          },
          {
            "start": {},
            "end": {}
          }
        ],
        "line": 40
      }
    },
    "s": {
      "0": 8,
      "1": 18,
      "2": 8,
      "3": 8,
      "4": 8,
      "5": 8,
      "6": 8,
      "7": 0,
      "8": 8,
      "9": 8,
      "10": 8,
      "11": 0,
      "12": 0,
      "13": 0,
      "14": 0,
      "15": 0,
      "16": 8,
      "17": 0
    },
    "f": {
      "0": 18,
      "1": 8,
      "2": 0,
      "3": 8,
      "4": 0
    },
    "b": {
      "0": [
        8,
        0
      ],
      "1": [
        8,
        0
      ],
      "2": [
        8,
        8
      ],
      "3": [
        0,
        8
      ],
      "4": [
        0,
        0
      ],
      "5": [
        0,
        0
      ]
    },
    "inputSourceMap": {
      "version": 3,
      "mappings": "AAoBY;AApBZ,OAAOA,eAAe;AACtB,OAAOC,iBAAiB;AACxB,OAAOC,cAAc;AASrB,MAAMC,QAAqC;AAAA,EACvCC,OAAOJ;AAAAA,EACPK,SAASJ;AAAAA,EACTK,MAAMJ;AACV;AAEA,wBAAwBK,QAAQ,EAAEC,SAASC,gBAA8B,GAAG;AACxE,SACI,uBAAC,OAAE,WAAW,0CAA0CA,iBAAiB,MAAK,SAC1E;AAAA,2BAAC,SAAI,KAAKN,MAAMM,eAAe,GAAG,KAAI,IAAG,eAAY,UAArD;AAAA;AAAA;AAAA;AAAA,WAA2D;AAAA,IAC1DD;AAAAA,OAFL;AAAA;AAAA;AAAA;AAAA,SAGA;AAER;AAACE,KAPuBH;AAAO,IAAAG;AAAA,aAAAA,IAAA",
      "names": [
        "ErrorIcon",
        "WarningIcon",
        "InfoIcon",
        "ICONS",
        "error",
        "warning",
        "info",
        "Callout",
        "message",
        "informationType",
        "_c"
      ],
      "ignoreList": [],
      "sources": [
        "/Users/theblooming/Documents/OpenClassRooms/projet_4_opc/Datashare/frontend/src/components/Callout/Callout.tsx"
      ],
      "file": "/Users/theblooming/Documents/OpenClassRooms/projet_4_opc/Datashare/frontend/src/components/Callout/Callout.tsx"
    },
    "_coverageSchema": "1a1c01bbd47fc00a2c39e90264f33305004495a9",
    "hash": "1805ee86097f9276729a26136042b2200e88e85d"
  },
  "/Users/theblooming/Documents/OpenClassRooms/projet_4_opc/Datashare/frontend/src/pages/Login/Login.tsx": {
    "path": "/Users/theblooming/Documents/OpenClassRooms/projet_4_opc/Datashare/frontend/src/pages/Login/Login.tsx",
    "statementMap": {
      "0": {
        "start": {
          "line": 2,
          "column": 9
        },
        "end": {
          "line": 2,
          "column": 23
        }
      },
      "1": {
        "start": {
          "line": 11,
          "column": 2
        },
        "end": {
          "line": 11,
          "column": 7
        }
      },
      "2": {
        "start": {
          "line": 12,
          "column": 28
        },
        "end": {
          "line": 12,
          "column": 40
        }
      },
      "3": {
        "start": {
          "line": 13,
          "column": 34
        },
        "end": {
          "line": 13,
          "column": 46
        }
      },
      "4": {
        "start": {
          "line": 14,
          "column": 28
        },
        "end": {
          "line": 14,
          "column": 40
        }
      },
      "5": {
        "start": {
          "line": 15,
          "column": 23
        },
        "end": {
          "line": 24,
          "column": 3
        }
      },
      "6": {
        "start": {
          "line": 16,
          "column": 4
        },
        "end": {
          "line": 16,
          "column": 23
        }
      },
      "7": {
        "start": {
          "line": 17,
          "column": 4
        },
        "end": {
          "line": 17,
          "column": 17
        }
      },
      "8": {
        "start": {
          "line": 18,
          "column": 4
        },
        "end": {
          "line": 23,
          "column": 5
        }
      },
      "9": {
        "start": {
          "line": 19,
          "column": 18
        },
        "end": {
          "line": 19,
          "column": 46
        }
      },
      "10": {
        "start": {
          "line": 20,
          "column": 6
        },
        "end": {
          "line": 20,
          "column": 34
        }
      },
      "11": {
        "start": {
          "line": 22,
          "column": 6
        },
        "end": {
          "line": 22,
          "column": 51
        }
      },
      "12": {
        "start": {
          "line": 25,
          "column": 2
        },
        "end": {
          "line": 125,
          "column": 11
        }
      },
      "13": {
        "start": {
          "line": 52,
          "column": 33
        },
        "end": {
          "line": 52,
          "column": 57
        }
      },
      "14": {
        "start": {
          "line": 73,
          "column": 33
        },
        "end": {
          "line": 73,
          "column": 60
        }
      },
      "15": {
        "start": {
          "line": 127,
          "column": 0
        },
        "end": {
          "line": 127,
          "column": 42
        }
      },
      "16": {
        "start": {
          "line": 128,
          "column": 0
        },
        "end": {
          "line": 128,
          "column": 11
        }
      },
      "17": {
        "start": {
          "line": 130,
          "column": 0
        },
        "end": {
          "line": 130,
          "column": 26
        }
      },
      "18": {
        "start": {
          "line": 132,
          "column": 20
        },
        "end": {
          "line": 132,
          "column": 97
        }
      },
      "19": {
        "start": {
          "line": 133,
          "column": 0
        },
        "end": {
          "line": 147,
          "column": 1
        }
      },
      "20": {
        "start": {
          "line": 134,
          "column": 2
        },
        "end": {
          "line": 138,
          "column": 3
        }
      },
      "21": {
        "start": {
          "line": 135,
          "column": 4
        },
        "end": {
          "line": 137,
          "column": 6
        }
      },
      "22": {
        "start": {
          "line": 139,
          "column": 2
        },
        "end": {
          "line": 146,
          "column": 5
        }
      },
      "23": {
        "start": {
          "line": 140,
          "column": 4
        },
        "end": {
          "line": 140,
          "column": 171
        }
      },
      "24": {
        "start": {
          "line": 141,
          "column": 4
        },
        "end": {
          "line": 145,
          "column": 7
        }
      },
      "25": {
        "start": {
          "line": 142,
          "column": 6
        },
        "end": {
          "line": 142,
          "column": 31
        }
      },
      "26": {
        "start": {
          "line": 142,
          "column": 24
        },
        "end": {
          "line": 142,
          "column": 31
        }
      },
      "27": {
        "start": {
          "line": 143,
          "column": 32
        },
        "end": {
          "line": 143,
          "column": 220
        }
      },
      "28": {
        "start": {
          "line": 144,
          "column": 6
        },
        "end": {
          "line": 144,
          "column": 75
        }
      },
      "29": {
        "start": {
          "line": 144,
          "column": 29
        },
        "end": {
          "line": 144,
          "column": 75
        }
      },
      "30": {
        "start": {
          "line": 149,
          "column": 2
        },
        "end": {
          "line": 149,
          "column": 150
        }
      },
      "31": {
        "start": {
          "line": 152,
          "column": 2
        },
        "end": {
          "line": 152,
          "column": 62
        }
      }
    },
    "fnMap": {
      "0": {
        "name": "Login",
        "decl": {
          "start": {
            "line": 10,
            "column": 24
          },
          "end": {
            "line": 10,
            "column": 29
          }
        },
        "loc": {
          "start": {
            "line": 10,
            "column": 32
          },
          "end": {
            "line": 126,
            "column": 1
          }
        },
        "line": 10
      },
      "1": {
        "name": "(anonymous_1)",
        "decl": {
          "start": {
            "line": 15,
            "column": 23
          },
          "end": {
            "line": 15,
            "column": 24
          }
        },
        "loc": {
          "start": {
            "line": 15,
            "column": 36
          },
          "end": {
            "line": 24,
            "column": 3
          }
        },
        "line": 15
      },
      "2": {
        "name": "(anonymous_2)",
        "decl": {
          "start": {
            "line": 52,
            "column": 26
          },
          "end": {
            "line": 52,
            "column": 27
          }
        },
        "loc": {
          "start": {
            "line": 52,
            "column": 33
          },
          "end": {
            "line": 52,
            "column": 57
          }
        },
        "line": 52
      },
      "3": {
        "name": "(anonymous_3)",
        "decl": {
          "start": {
            "line": 73,
            "column": 26
          },
          "end": {
            "line": 73,
            "column": 27
          }
        },
        "loc": {
          "start": {
            "line": 73,
            "column": 33
          },
          "end": {
            "line": 73,
            "column": 60
          }
        },
        "line": 73
      },
      "4": {
        "name": "(anonymous_4)",
        "decl": {
          "start": {
            "line": 139,
            "column": 52
          },
          "end": {
            "line": 139,
            "column": 53
          }
        },
        "loc": {
          "start": {
            "line": 139,
            "column": 72
          },
          "end": {
            "line": 146,
            "column": 3
          }
        },
        "line": 139
      },
      "5": {
        "name": "(anonymous_5)",
        "decl": {
          "start": {
            "line": 141,
            "column": 27
          },
          "end": {
            "line": 141,
            "column": 28
          }
        },
        "loc": {
          "start": {
            "line": 141,
            "column": 44
          },
          "end": {
            "line": 145,
            "column": 5
          }
        },
        "line": 141
      },
      "6": {
        "name": "$RefreshReg$",
        "decl": {
          "start": {
            "line": 148,
            "column": 9
          },
          "end": {
            "line": 148,
            "column": 21
          }
        },
        "loc": {
          "start": {
            "line": 148,
            "column": 32
          },
          "end": {
            "line": 150,
            "column": 1
          }
        },
        "line": 148
      },
      "7": {
        "name": "$RefreshSig$",
        "decl": {
          "start": {
            "line": 151,
            "column": 9
          },
          "end": {
            "line": 151,
            "column": 21
          }
        },
        "loc": {
          "start": {
            "line": 151,
            "column": 24
          },
          "end": {
            "line": 153,
            "column": 1
          }
        },
        "line": 151
      }
    },
    "branchMap": {
      "0": {
        "loc": {
          "start": {
            "line": 86,
            "column": 12
          },
          "end": {
            "line": 90,
            "column": 20
          }
        },
        "type": "binary-expr",
        "locations": [
          {
            "start": {
              "line": 86,
              "column": 12
            },
            "end": {
              "line": 86,
              "column": 17
            }
          },
          {
            "start": {
              "line": 86,
              "column": 37
            },
            "end": {
              "line": 90,
              "column": 20
            }
          }
        ],
        "line": 86
      },
      "1": {
        "loc": {
          "start": {
            "line": 132,
            "column": 20
          },
          "end": {
            "line": 132,
            "column": 97
          }
        },
        "type": "binary-expr",
        "locations": [
          {
            "start": {
              "line": 132,
              "column": 20
            },
            "end": {
              "line": 132,
              "column": 60
            }
          },
          {
            "start": {
              "line": 132,
              "column": 64
            },
            "end": {
              "line": 132,
              "column": 97
            }
          }
        ],
        "line": 132
      },
      "2": {
        "loc": {
          "start": {
            "line": 133,
            "column": 0
          },
          "end": {
            "line": 147,
            "column": 1
          }
        },
        "type": "if",
        "locations": [
          {
            "start": {
              "line": 133,
              "column": 0
            },
            "end": {
              "line": 147,
              "column": 1
            }
          },
          {
            "start": {},
            "end": {}
          }
        ],
        "line": 133
      },
      "3": {
        "loc": {
          "start": {
            "line": 133,
            "column": 4
          },
          "end": {
            "line": 133,
            "column": 35
          }
        },
        "type": "binary-expr",
        "locations": [
          {
            "start": {
              "line": 133,
              "column": 4
            },
            "end": {
              "line": 133,
              "column": 19
            }
          },
          {
            "start": {
              "line": 133,
              "column": 23
            },
            "end": {
              "line": 133,
              "column": 35
            }
          }
        ],
        "line": 133
      },
      "4": {
        "loc": {
          "start": {
            "line": 134,
            "column": 2
          },
          "end": {
            "line": 138,
            "column": 3
          }
        },
        "type": "if",
        "locations": [
          {
            "start": {
              "line": 134,
              "column": 2
            },
            "end": {
              "line": 138,
              "column": 3
            }
          },
          {
            "start": {},
            "end": {}
          }
        ],
        "line": 134
      },
      "5": {
        "loc": {
          "start": {
            "line": 142,
            "column": 6
          },
          "end": {
            "line": 142,
            "column": 31
          }
        },
        "type": "if",
        "locations": [
          {
            "start": {
              "line": 142,
              "column": 6
            },
            "end": {
              "line": 142,
              "column": 31
            }
          },
          {
            "start": {},
            "end": {}
          }
        ],
        "line": 142
      },
      "6": {
        "loc": {
          "start": {
            "line": 144,
            "column": 6
          },
          "end": {
            "line": 144,
            "column": 75
          }
        },
        "type": "if",
        "locations": [
          {
            "start": {
              "line": 144,
              "column": 6
            },
            "end": {
              "line": 144,
              "column": 75
            }
          },
          {
            "start": {},
            "end": {}
          }
        ],
        "line": 144
      }
    },
    "s": {
      "0": 8,
      "1": 132,
      "2": 132,
      "3": 132,
      "4": 132,
      "5": 132,
      "6": 2,
      "7": 2,
      "8": 2,
      "9": 2,
      "10": 0,
      "11": 1,
      "12": 132,
      "13": 35,
      "14": 26,
      "15": 8,
      "16": 8,
      "17": 8,
      "18": 8,
      "19": 8,
      "20": 8,
      "21": 0,
      "22": 8,
      "23": 8,
      "24": 8,
      "25": 0,
      "26": 0,
      "27": 0,
      "28": 0,
      "29": 0,
      "30": 8,
      "31": 8
    },
    "f": {
      "0": 132,
      "1": 2,
      "2": 35,
      "3": 26,
      "4": 8,
      "5": 0,
      "6": 8,
      "7": 8
    },
    "b": {
      "0": [
        132,
        2
      ],
      "1": [
        8,
        0
      ],
      "2": [
        8,
        0
      ],
      "3": [
        8,
        8
      ],
      "4": [
        0,
        8
      ],
      "5": [
        0,
        0
      ],
      "6": [
        0,
        0
      ]
    },
    "inputSourceMap": {
      "version": 3,
      "mappings": "AA2BY;;AA3BZ,SAASA,gBAAgB;AACzB,OAAOC,YAAY;AACnB,OAAOC,WAAW;AAClB,OAAOC,YAAY;AACnB,OAAO;AACP,SAASC,OAAOC,iBAAiB;AACjC,OAAOC,aAAa;AAEpB,wBAAwBC,QAAQ;AAAAC,KAAA;AAC5B,QAAM,CAACC,OAAOC,QAAQ,IAAIV,SAAS,EAAE;AACrC,QAAM,CAACW,UAAUC,WAAW,IAAIZ,SAAS,EAAE;AAC3C,QAAM,CAACa,OAAOC,QAAQ,IAAId,SAAS,EAAE;AAErC,QAAMe,eAAe,OAAOC,MAAyB;AACjDA,MAAEC,eAAe;AACjBH,aAAS,EAAE;AAEX,QAAI;AACA,YAAMI,MAAM,MAAMd,MAAMK,OAAOE,QAAQ;AACvCN,gBAAUa,IAAIC,YAAY;AAAA,IAC9B,QAAQ;AACJL,eAAS,kCAAkC;AAAA,IAC/C;AAAA,EACJ;AAEA,SACI,uBAAC,SAAI,WAAU,eACX;AAAA,2BAAC,UAAO,SAAQ,WAAhB;AAAA;AAAA;AAAA;AAAA,WAAuB;AAAA,IACnB,uBAAC,SAAI,WAAU,kBACX,iCAAC,SAAI,WAAU,eACX;AAAA,6BAAC,QAAG,WAAU,gBAAe,yBAA7B;AAAA;AAAA;AAAA;AAAA,aAAsC;AAAA,MACtC;AAAA,QAAC;AAAA;AAAA,UACG,WAAU;AAAA,UACV,UAAUC;AAAAA,UACV,cAAW;AAAA,UAEX;AAAA;AAAA,cAAC;AAAA;AAAA,gBACG,IAAG;AAAA,gBACH,OAAM;AAAA,gBACN,MAAK;AAAA,gBACL,aAAY;AAAA,gBACZ,OAAON;AAAAA,gBACP,UAAU,CAACO,MAAMN,SAASM,EAAEI,OAAOC,KAAK;AAAA,gBACxC,UAAU;AAAA,gBACV,WAAW;AAAA;AAAA,cARf;AAAA;AAAA;AAAA;AAAA;AAAA;AAAA;AAAA;AAAA,YAQiB;AAAA,YAEjB;AAAA,cAAC;AAAA;AAAA,gBACG,IAAG;AAAA,gBACH,OAAM;AAAA,gBACN,MAAK;AAAA,gBACL,aAAY;AAAA,gBACZ,OAAOV;AAAAA,gBACP,UAAU,CAACK,MAAMJ,YAAYI,EAAEI,OAAOC,KAAK;AAAA,gBAC3C,UAAU;AAAA,gBACV,WAAW;AAAA;AAAA,cARf;AAAA;AAAA;AAAA;AAAA;AAAA;AAAA;AAAA;AAAA,YAQiB;AAAA,YAGhBR,SAAS,uBAAC,WAAQ,iBAAiB,SAAS,SAASA,SAA5C;AAAA;AAAA;AAAA;AAAA,mBAAkD;AAAA,YAE5D,uBAAC,OAAE,WAAU,eAAc,MAAK,aAAY,+BAA5C;AAAA;AAAA;AAAA;AAAA,mBAA2D;AAAA,YAC3D,uBAAC,UAAO,WAAU,cAAa,OAAM,aAAY,MAAK,YAAtD;AAAA;AAAA;AAAA;AAAA,mBAA8D;AAAA;AAAA;AAAA,QA7BlE;AAAA;AAAA;AAAA;AAAA;AAAA;AAAA;AAAA;AAAA,MA8BA;AAAA,SAhCJ;AAAA;AAAA;AAAA;AAAA,WAiCA,KAlCJ;AAAA;AAAA;AAAA;AAAA,WAmCA;AAAA,OArCR;AAAA;AAAA;AAAA;AAAA,SAsCA;AAER;AAACL,GA1DuBD,OAAK;AAAA,KAALA;AAAK,IAAAe;AAAA,aAAAA,IAAA",
      "names": [
        "useState",
        "Header",
        "Input",
        "Button",
        "login",
        "saveToken",
        "Callout",
        "Login",
        "_s",
        "email",
        "setEmail",
        "password",
        "setPassword",
        "error",
        "setError",
        "handleSubmit",
        "e",
        "preventDefault",
        "res",
        "access_token",
        "target",
        "value",
        "_c"
      ],
      "ignoreList": [],
      "sources": [
        "/Users/theblooming/Documents/OpenClassRooms/projet_4_opc/Datashare/frontend/src/pages/Login/Login.tsx"
      ],
      "file": "/Users/theblooming/Documents/OpenClassRooms/projet_4_opc/Datashare/frontend/src/pages/Login/Login.tsx"
    },
    "_coverageSchema": "1a1c01bbd47fc00a2c39e90264f33305004495a9",
    "hash": "64db034ad7e03ce286ee24a8a4c31048860e6baa"
  },
  "/Users/theblooming/Documents/OpenClassRooms/projet_4_opc/Datashare/frontend/src/pages/Register/Register.tsx": {
    "path": "/Users/theblooming/Documents/OpenClassRooms/projet_4_opc/Datashare/frontend/src/pages/Register/Register.tsx",
    "statementMap": {
      "0": {
        "start": {
          "line": 2,
          "column": 9
        },
        "end": {
          "line": 2,
          "column": 23
        }
      },
      "1": {
        "start": {
          "line": 11,
          "column": 2
        },
        "end": {
          "line": 11,
          "column": 7
        }
      },
      "2": {
        "start": {
          "line": 12,
          "column": 28
        },
        "end": {
          "line": 12,
          "column": 40
        }
      },
      "3": {
        "start": {
          "line": 13,
          "column": 34
        },
        "end": {
          "line": 13,
          "column": 46
        }
      },
      "4": {
        "start": {
          "line": 14,
          "column": 48
        },
        "end": {
          "line": 14,
          "column": 60
        }
      },
      "5": {
        "start": {
          "line": 15,
          "column": 28
        },
        "end": {
          "line": 15,
          "column": 40
        }
      },
      "6": {
        "start": {
          "line": 16,
          "column": 23
        },
        "end": {
          "line": 29,
          "column": 3
        }
      },
      "7": {
        "start": {
          "line": 17,
          "column": 4
        },
        "end": {
          "line": 17,
          "column": 23
        }
      },
      "8": {
        "start": {
          "line": 18,
          "column": 4
        },
        "end": {
          "line": 18,
          "column": 17
        }
      },
      "9": {
        "start": {
          "line": 19,
          "column": 4
        },
        "end": {
          "line": 22,
          "column": 5
        }
      },
      "10": {
        "start": {
          "line": 20,
          "column": 6
        },
        "end": {
          "line": 20,
          "column": 58
        }
      },
      "11": {
        "start": {
          "line": 21,
          "column": 6
        },
        "end": {
          "line": 21,
          "column": 13
        }
      },
      "12": {
        "start": {
          "line": 23,
          "column": 4
        },
        "end": {
          "line": 28,
          "column": 5
        }
      },
      "13": {
        "start": {
          "line": 24,
          "column": 18
        },
        "end": {
          "line": 24,
          "column": 49
        }
      },
      "14": {
        "start": {
          "line": 25,
          "column": 6
        },
        "end": {
          "line": 25,
          "column": 34
        }
      },
      "15": {
        "start": {
          "line": 27,
          "column": 6
        },
        "end": {
          "line": 27,
          "column": 56
        }
      },
      "16": {
        "start": {
          "line": 30,
          "column": 2
        },
        "end": {
          "line": 150,
          "column": 11
        }
      },
      "17": {
        "start": {
          "line": 57,
          "column": 33
        },
        "end": {
          "line": 57,
          "column": 57
        }
      },
      "18": {
        "start": {
          "line": 77,
          "column": 33
        },
        "end": {
          "line": 77,
          "column": 60
        }
      },
      "19": {
        "start": {
          "line": 98,
          "column": 33
        },
        "end": {
          "line": 98,
          "column": 67
        }
      },
      "20": {
        "start": {
          "line": 152,
          "column": 0
        },
        "end": {
          "line": 152,
          "column": 45
        }
      },
      "21": {
        "start": {
          "line": 153,
          "column": 0
        },
        "end": {
          "line": 153,
          "column": 14
        }
      },
      "22": {
        "start": {
          "line": 155,
          "column": 0
        },
        "end": {
          "line": 155,
          "column": 29
        }
      },
      "23": {
        "start": {
          "line": 157,
          "column": 20
        },
        "end": {
          "line": 157,
          "column": 97
        }
      },
      "24": {
        "start": {
          "line": 158,
          "column": 0
        },
        "end": {
          "line": 172,
          "column": 1
        }
      },
      "25": {
        "start": {
          "line": 159,
          "column": 2
        },
        "end": {
          "line": 163,
          "column": 3
        }
      },
      "26": {
        "start": {
          "line": 160,
          "column": 4
        },
        "end": {
          "line": 162,
          "column": 6
        }
      },
      "27": {
        "start": {
          "line": 164,
          "column": 2
        },
        "end": {
          "line": 171,
          "column": 5
        }
      },
      "28": {
        "start": {
          "line": 165,
          "column": 4
        },
        "end": {
          "line": 165,
          "column": 177
        }
      },
      "29": {
        "start": {
          "line": 166,
          "column": 4
        },
        "end": {
          "line": 170,
          "column": 7
        }
      },
      "30": {
        "start": {
          "line": 167,
          "column": 6
        },
        "end": {
          "line": 167,
          "column": 31
        }
      },
      "31": {
        "start": {
          "line": 167,
          "column": 24
        },
        "end": {
          "line": 167,
          "column": 31
        }
      },
      "32": {
        "start": {
          "line": 168,
          "column": 32
        },
        "end": {
          "line": 168,
          "column": 226
        }
      },
      "33": {
        "start": {
          "line": 169,
          "column": 6
        },
        "end": {
          "line": 169,
          "column": 75
        }
      },
      "34": {
        "start": {
          "line": 169,
          "column": 29
        },
        "end": {
          "line": 169,
          "column": 75
        }
      },
      "35": {
        "start": {
          "line": 174,
          "column": 2
        },
        "end": {
          "line": 174,
          "column": 156
        }
      },
      "36": {
        "start": {
          "line": 177,
          "column": 2
        },
        "end": {
          "line": 177,
          "column": 62
        }
      }
    },
    "fnMap": {
      "0": {
        "name": "Register",
        "decl": {
          "start": {
            "line": 10,
            "column": 24
          },
          "end": {
            "line": 10,
            "column": 32
          }
        },
        "loc": {
          "start": {
            "line": 10,
            "column": 35
          },
          "end": {
            "line": 151,
            "column": 1
          }
        },
        "line": 10
      },
      "1": {
        "name": "(anonymous_1)",
        "decl": {
          "start": {
            "line": 16,
            "column": 23
          },
          "end": {
            "line": 16,
            "column": 24
          }
        },
        "loc": {
          "start": {
            "line": 16,
            "column": 36
          },
          "end": {
            "line": 29,
            "column": 3
          }
        },
        "line": 16
      },
      "2": {
        "name": "(anonymous_2)",
        "decl": {
          "start": {
            "line": 57,
            "column": 26
          },
          "end": {
            "line": 57,
            "column": 27
          }
        },
        "loc": {
          "start": {
            "line": 57,
            "column": 33
          },
          "end": {
            "line": 57,
            "column": 57
          }
        },
        "line": 57
      },
      "3": {
        "name": "(anonymous_3)",
        "decl": {
          "start": {
            "line": 77,
            "column": 26
          },
          "end": {
            "line": 77,
            "column": 27
          }
        },
        "loc": {
          "start": {
            "line": 77,
            "column": 33
          },
          "end": {
            "line": 77,
            "column": 60
          }
        },
        "line": 77
      },
      "4": {
        "name": "(anonymous_4)",
        "decl": {
          "start": {
            "line": 98,
            "column": 26
          },
          "end": {
            "line": 98,
            "column": 27
          }
        },
        "loc": {
          "start": {
            "line": 98,
            "column": 33
          },
          "end": {
            "line": 98,
            "column": 67
          }
        },
        "line": 98
      },
      "5": {
        "name": "(anonymous_5)",
        "decl": {
          "start": {
            "line": 164,
            "column": 52
          },
          "end": {
            "line": 164,
            "column": 53
          }
        },
        "loc": {
          "start": {
            "line": 164,
            "column": 72
          },
          "end": {
            "line": 171,
            "column": 3
          }
        },
        "line": 164
      },
      "6": {
        "name": "(anonymous_6)",
        "decl": {
[...]
            "line": 136,
            "column": 0
          },
          "end": {
            "line": 150,
            "column": 1
          }
        },
        "type": "if",
        "locations": [
          {
            "start": {
              "line": 136,
              "column": 0
            },
            "end": {
              "line": 150,
              "column": 1
            }
          },
          {
            "start": {},
            "end": {}
          }
        ],
        "line": 136
      },
      "12": {
        "loc": {
          "start": {
            "line": 136,
            "column": 4
          },
          "end": {
            "line": 136,
            "column": 35
          }
        },
        "type": "binary-expr",
        "locations": [
          {
            "start": {
              "line": 136,
              "column": 4
            },
            "end": {
              "line": 136,
              "column": 19
            }
          },
          {
            "start": {
              "line": 136,
              "column": 23
            },
            "end": {
              "line": 136,
              "column": 35
            }
          }
        ],
        "line": 136
      },
      "13": {
        "loc": {
          "start": {
            "line": 137,
            "column": 2
          },
          "end": {
            "line": 141,
            "column": 3
          }
        },
        "type": "if",
        "locations": [
          {
            "start": {
              "line": 137,
              "column": 2
            },
            "end": {
              "line": 141,
              "column": 3
            }
          },
          {
            "start": {},
            "end": {}
          }
        ],
        "line": 137
      },
      "14": {
        "loc": {
          "start": {
            "line": 145,
            "column": 6
          },
          "end": {
            "line": 145,
            "column": 31
          }
        },
        "type": "if",
        "locations": [
          {
            "start": {
              "line": 145,
              "column": 6
            },
            "end": {
              "line": 145,
              "column": 31
            }
          },
          {
            "start": {},
            "end": {}
          }
        ],
        "line": 145
      },
      "15": {
        "loc": {
          "start": {
            "line": 147,
            "column": 6
          },
          "end": {
            "line": 147,
            "column": 75
          }
        },
        "type": "if",
        "locations": [
          {
            "start": {
              "line": 147,
              "column": 6
            },
            "end": {
              "line": 147,
              "column": 75
            }
          },
          {
            "start": {},
            "end": {}
          }
        ],
        "line": 147
      }
    },
    "s": {
      "0": 8,
      "1": 24,
      "2": 24,
      "3": 24,
      "4": 24,
      "5": 24,
      "6": 24,
      "7": 8,
      "8": 0,
      "9": 8,
      "10": 2,
      "11": 24,
      "12": 24,
      "13": 0,
      "14": 0,
      "15": 0,
      "16": 0,
      "17": 0,
      "18": 0,
      "19": 24,
      "20": 0,
      "21": 12,
      "22": 12,
      "23": 8,
      "24": 4,
      "25": 8,
      "26": 8,
      "27": 8,
      "28": 8,
      "29": 8,
      "30": 0,
      "31": 8,
      "32": 8,
      "33": 8,
      "34": 0,
      "35": 0,
      "36": 0,
      "37": 0,
      "38": 0,
      "39": 8,
      "40": 8
    },
    "f": {
      "0": 24,
      "1": 8,
      "2": 2,
      "3": 0,
      "4": 0,
      "5": 12,
      "6": 4,
      "7": 8,
      "8": 0,
      "9": 8,
      "10": 8
    },
    "b": {
      "0": [
        0,
        8
      ],
      "1": [
        12,
        12
      ],
      "2": [
        0,
        0
      ],
      "3": [
        0,
        0
      ],
      "4": [
        24,
        12
      ],
      "5": [
        12,
        0
      ],
      "6": [
        24,
        12
      ],
      "7": [
        12,
        0
      ],
      "8": [
        24,
        4
      ],
      "9": [
        24,
        8
      ],
      "10": [
        8,
        0
      ],
      "11": [
        8,
        0
      ],
      "12": [
        8,
        8
      ],
      "13": [
        0,
        8
      ],
      "14": [
        0,
        0
      ],
      "15": [
        0,
        0
      ]
    },
    "inputSourceMap": {
      "version": 3,
      "mappings": "AAsCY,SAKY,UALZ;;AAtCZ,SAASA,WAAWC,gBAAgB;AACpC,SAASC,iBAAiB;AAC1B,OAAOC,YAAY;AACnB,OAAOC,WAAW;AAClB,OAAOC,YAAY;AACnB,OAAOC,aAAa;AACpB,OAAO;AACP,SAAQC,cAAcC,uBAAyC;AAC/D,SAASC,YAAYC,oBAAoBC,wBAAwB;AAEjE,wBAAwBC,WAAW;AAAAC,KAAA;AAC/B,QAAM,EAAEC,MAAM,IAAIZ,UAA6B;AAC/C,QAAM,CAACa,MAAMC,OAAO,IAAIf,SAA8B,IAAI;AAC1D,QAAM,CAACgB,UAAUC,WAAW,IAAIjB,SAAS,EAAE;AAC3C,QAAM,CAACkB,OAAOC,QAAQ,IAAInB,SAAS,EAAE;AAErCD,YAAU,MAAM;AACZ,QAAI,CAACc,MAAO;AAEZN,oBAAgBM,KAAK,EAChBO,KAAKL,OAAO,EACZM,MAAM,CAACC,QAAeH,SAASG,IAAIC,OAAO,CAAC;AAAA,EAEpD,GAAG,CAACV,KAAK,CAAC;AAEV,QAAMW,WAAWV,OAAOL,mBAAmBK,KAAKW,SAAS,IAAI;AAE7D,QAAMC,iBAAiB,YAAY;AAC/B,QAAI,CAACb,MAAO;AACZ,QAAI;AACA,YAAMP,aAAaO,KAAK;AAAA,IAC5B,SAASS,KAAc;AACnB,UAAIA,eAAeK,MAAOR,UAASG,IAAIC,OAAO;AAAA,IAClD;AAAA,EACJ;AAEA,SACI,uBAAC,SAAI,WAAU,eACX;AAAA,2BAAC,UAAO,SAAQ,WAAhB;AAAA;AAAA;AAAA;AAAA,WAAuB;AAAA,IACvB,uBAAC,SAAI,WAAU,qBACX,iCAAC,SAAI,WAAU,kBACX;AAAA,6BAAC,QAAG,WAAU,mBAAkB,sCAAhC;AAAA;AAAA;AAAA;AAAA,aAAsD;AAAA,MACrDT,QACG,mCACI;AAAA,+BAAC,SAAI,WAAU,kBACX;AAAA,iCAAC,UAAK,WAAU,uBAAsB,kBAAtC;AAAA;AAAA;AAAA;AAAA,iBAAwC;AAAA,UACxC,uBAAC,SACG;AAAA,mCAAC,OAAE,WAAU,uBAAuBA,eAAKc,gBAAzC;AAAA;AAAA;AAAA;AAAA,mBAAsD;AAAA,YACtD,uBAAC,OAAE,WAAU,uBAAuBpB,qBAAWM,KAAKe,IAAI,KAAxD;AAAA;AAAA;AAAA;AAAA,mBAA0D;AAAA,eAF9D;AAAA;AAAA;AAAA;AAAA,iBAGA;AAAA,aALJ;AAAA;AAAA;AAAA;AAAA,eAMA;AAAA,QAECf,KAAKgB,eACF;AAAA,UAAC;AAAA;AAAA,YACG,IAAG;AAAA,YACH,OAAM;AAAA,YACN,MAAK;AAAA,YACL,aAAY;AAAA,YACZ,OAAOd;AAAAA,YACP,UAAU,CAACe,MAAMd,YAAYc,EAAEC,OAAOC,KAAK;AAAA;AAAA,UAN/C;AAAA;AAAA;AAAA;AAAA;AAAA;AAAA;AAAA;AAAA,QAMiD;AAAA,WAhBzD;AAAA;AAAA;AAAA;AAAA,aAmBA;AAAA,MAGHnB,SAAS,MAAM;AACZ,cAAMoB,UAAUxB,iBAAiBc,QAAQ;AACzC,eAAOU,UAAU,uBAAC,WAAQ,iBAAiBA,QAAQC,MAAM,SAASD,QAAQX,WAAzD;AAAA;AAAA;AAAA;AAAA,eAAiE,IAAM;AAAA,MAC5F,GAAG;AAAA,MAEFL,SAAS,uBAAC,WAAQ,iBAAgB,SAAQ,SAASA,SAA1C;AAAA;AAAA;AAAA;AAAA,aAAgD;AAAA,MAEzDM,WAAW,KAAK,uBAAC,UAAO,OAAM,eAAc,SAASE,kBAArC;AAAA;AAAA;AAAA;AAAA,aAAoD;AAAA,SAhCzE;AAAA;AAAA;AAAA;AAAA,WAiCA,KAlCJ;AAAA;AAAA;AAAA;AAAA,WAmCA;AAAA,OArCJ;AAAA;AAAA;AAAA;AAAA,SAsCA;AAER;AAACd,GAnEuBD,UAAQ;AAAA,UACVV,SAAS;AAAA;AAAA,KADPU;AAAQ,IAAAyB;AAAA,aAAAA,IAAA",
      "names": [
        "useEffect",
        "useState",
        "useParams",
        "Header",
        "Input",
        "Button",
        "Callout",
        "downloadFile",
        "getFileMetadata",
        "formatSize",
        "getDaysUntilExpiry",
        "getExpiryCallout",
        "Download",
        "_s",
        "token",
        "file",
        "setFile",
        "password",
        "setPassword",
        "error",
        "setError",
        "then",
        "catch",
        "err",
        "message",
        "daysLeft",
        "expiresAt",
        "handleDownload",
        "Error",
        "originalName",
        "size",
        "hasPassword",
        "e",
        "target",
        "value",
        "callout",
        "type",
        "_c"
      ],
      "ignoreList": [],
      "sources": [
        "/Users/theblooming/Documents/OpenClassRooms/projet_4_opc/Datashare/frontend/src/pages/Download/Download.tsx"
      ],
      "file": "/Users/theblooming/Documents/OpenClassRooms/projet_4_opc/Datashare/frontend/src/pages/Download/Download.tsx"
    },
    "_coverageSchema": "1a1c01bbd47fc00a2c39e90264f33305004495a9",
    "hash": "596ad70e158ec86f67ebd9ea53400248f5144e8b"
  },
  "/Users/theblooming/Documents/OpenClassRooms/projet_4_opc/Datashare/frontend/src/App.tsx": {
    "path": "/Users/theblooming/Documents/OpenClassRooms/projet_4_opc/Datashare/frontend/src/App.tsx",
    "statementMap": {
      "0": {
        "start": {
          "line": 7,
          "column": 2
        },
        "end": {
          "line": 39,
          "column": 11
        }
      },
      "1": {
        "start": {
          "line": 41,
          "column": 0
        },
        "end": {
          "line": 41,
          "column": 9
        }
      },
      "2": {
        "start": {
          "line": 43,
          "column": 0
        },
        "end": {
          "line": 43,
          "column": 24
        }
      },
      "3": {
        "start": {
          "line": 45,
          "column": 20
        },
        "end": {
          "line": 45,
          "column": 97
        }
      },
      "4": {
        "start": {
          "line": 46,
          "column": 0
        },
        "end": {
          "line": 60,
          "column": 1
        }
      },
      "5": {
        "start": {
          "line": 47,
          "column": 2
        },
        "end": {
          "line": 51,
          "column": 3
        }
      },
      "6": {
        "start": {
          "line": 48,
          "column": 4
        },
        "end": {
          "line": 50,
          "column": 6
        }
      },
      "7": {
        "start": {
          "line": 52,
          "column": 2
        },
        "end": {
          "line": 59,
          "column": 5
        }
      },
      "8": {
        "start": {
          "line": 53,
          "column": 4
        },
        "end": {
          "line": 53,
          "column": 157
        }
      },
      "9": {
        "start": {
          "line": 54,
          "column": 4
        },
        "end": {
          "line": 58,
          "column": 7
        }
      },
      "10": {
        "start": {
          "line": 55,
          "column": 6
        },
        "end": {
          "line": 55,
          "column": 31
        }
      },
      "11": {
        "start": {
          "line": 55,
          "column": 24
        },
        "end": {
          "line": 55,
          "column": 31
        }
      },
      "12": {
        "start": {
          "line": 56,
          "column": 32
        },
        "end": {
          "line": 56,
          "column": 206
        }
      },
      "13": {
        "start": {
          "line": 57,
          "column": 6
        },
        "end": {
          "line": 57,
          "column": 75
        }
      },
      "14": {
        "start": {
          "line": 57,
          "column": 29
        },
        "end": {
          "line": 57,
          "column": 75
        }
      },
      "15": {
        "start": {
          "line": 62,
          "column": 2
        },
        "end": {
          "line": 62,
          "column": 136
        }
      },
      "16": {
        "start": {
          "line": 65,
          "column": 2
        },
        "end": {
          "line": 65,
          "column": 62
        }
      }
    },
    "fnMap": {
      "0": {
        "name": "App",
        "decl": {
          "start": {
            "line": 6,
            "column": 24
          },
          "end": {
            "line": 6,
            "column": 27
          }
        },
        "loc": {
          "start": {
            "line": 6,
            "column": 30
          },
          "end": {
            "line": 40,
            "column": 1
          }
        },
        "line": 6
      },
      "1": {
        "name": "(anonymous_1)",
        "decl": {
          "start": {
            "line": 52,
            "column": 52
          },
          "end": {
            "line": 52,
            "column": 53
          }
        },
        "loc": {
          "start": {
            "line": 52,
            "column": 72
          },
          "end": {
            "line": 59,
            "column": 3
          }
        },
        "line": 52
      },
      "2": {
        "name": "(anonymous_2)",
        "decl": {
          "start": {
            "line": 54,
            "column": 27
          },
          "end": {
            "line": 54,
            "column": 28
          }
        },
        "loc": {
          "start": {
            "line": 54,
            "column": 44
          },
          "end": {
            "line": 58,
            "column": 5
          }
        },
        "line": 54
      },
      "3": {
        "name": "$RefreshReg$",
        "decl": {
          "start": {
            "line": 61,
            "column": 9
          },
          "end": {
            "line": 61,
            "column": 21
          }
        },
        "loc": {
          "start": {
            "line": 61,
            "column": 32
          },
          "end": {
            "line": 63,
            "column": 1
          }
        },
        "line": 61
      },
      "4": {
        "name": "$RefreshSig$",
        "decl": {
          "start": {
            "line": 64,
            "column": 9
          },
          "end": {
            "line": 64,
            "column": 21
          }
        },
        "loc": {
          "start": {
            "line": 64,
            "column": 24
          },
          "end": {
            "line": 66,
            "column": 1
          }
        },
        "line": 64
      }
    },
    "branchMap": {
      "0": {
        "loc": {
          "start": {
            "line": 45,
            "column": 20
          },
          "end": {
            "line": 45,
            "column": 97
          }
        },
        "type": "binary-expr",
        "locations": [
          {
            "start": {
              "line": 45,
              "column": 20
            },
            "end": {
              "line": 45,
              "column": 60
            }
          },
          {
            "start": {
              "line": 45,
              "column": 64
            },
            "end": {
              "line": 45,
              "column": 97
            }
          }
        ],
        "line": 45
      },
      "1": {
        "loc": {
          "start": {
            "line": 46,
            "column": 0
          },
          "end": {
            "line": 60,
            "column": 1
          }
        },
        "type": "if",
        "locations": [
          {
            "start": {
              "line": 46,
              "column": 0
            },
            "end": {
              "line": 60,
              "column": 1
            }
          },
          {
            "start": {},
            "end": {}
          }
        ],
        "line": 46
      },
      "2": {
        "loc": {
          "start": {
            "line": 46,
            "column": 4
          },
          "end": {
            "line": 46,
            "column": 35
          }
        },
        "type": "binary-expr",
        "locations": [
          {
            "start": {
              "line": 46,
              "column": 4
            },
            "end": {
              "line": 46,
              "column": 19
            }
          },
          {
            "start": {
              "line": 46,
              "column": 23
            },
            "end": {
              "line": 46,
              "column": 35
            }
          }
        ],
        "line": 46
      },
      "3": {
        "loc": {
          "start": {
            "line": 47,
            "column": 2
          },
          "end": {
            "line": 51,
            "column": 3
          }
        },
        "type": "if",
        "locations": [
          {
            "start": {
              "line": 47,
              "column": 2
            },
            "end": {
              "line": 51,
              "column": 3
            }
          },
          {
            "start": {},
            "end": {}
          }
        ],
        "line": 47
      },
      "4": {
        "loc": {
          "start": {
            "line": 55,
            "column": 6
          },
          "end": {
            "line": 55,
            "column": 31
          }
        },
        "type": "if",
        "locations": [
          {
            "start": {
              "line": 55,
              "column": 6
            },
            "end": {
              "line": 55,
              "column": 31
            }
          },
          {
            "start": {},
            "end": {}
          }
        ],
        "line": 55
      },
      "5": {
        "loc": {
          "start": {
            "line": 57,
            "column": 6
          },
          "end": {
            "line": 57,
            "column": 75
          }
        },
        "type": "if",
        "locations": [
          {
            "start": {
              "line": 57,
              "column": 6
            },
            "end": {
              "line": 57,
              "column": 75
            }
          },
          {
            "start": {},
            "end": {}
          }
        ],
        "line": 57
      }
    },
    "s": {
      "0": 16,
      "1": 8,
      "2": 8,
      "3": 8,
      "4": 8,
      "5": 8,
      "6": 0,
      "7": 8,
      "8": 8,
      "9": 8,
      "10": 0,
      "11": 0,
      "12": 0,
      "13": 0,
      "14": 0,
      "15": 8,
      "16": 0
    },
    "f": {
      "0": 16,
      "1": 8,
      "2": 0,
      "3": 8,
      "4": 0
    },
    "b": {
      "0": [
        8,
        0
      ],
      "1": [
        8,
        0
      ],
      "2": [
        8,
        8
      ],
      "3": [
        0,
        8
      ],
      "4": [
        0,
        0
      ],
      "5": [
        0,
        0
      ]
    },
    "inputSourceMap": {
      "version": 3,
      "mappings": "AAQ0C;AAR1C,SAASA,QAAQC,aAAa;AAC9B,OAAOC,WAAW;AAClB,OAAOC,cAAc;AACrB,OAAOC,cAAc;AAErB,wBAAwBC,MAAM;AAC1B,SACI,uBAAC,UACG;AAAA,2BAAC,SAAM,MAAK,UAAS,SAAS,uBAAC,WAAD;AAAA;AAAA;AAAA;AAAA,WAAM,KAApC;AAAA;AAAA;AAAA;AAAA,WAAwC;AAAA,IACxC,uBAAC,SAAM,MAAK,aAAY,SAAS,uBAAC,cAAD;AAAA;AAAA;AAAA;AAAA,WAAS,KAA1C;AAAA;AAAA;AAAA;AAAA,WAA8C;AAAA,IAC9C,uBAAC,SAAM,MAAK,oBAAmB,SAAS,uBAAC,cAAD;AAAA;AAAA;AAAA;AAAA,WAAS,KAAjD;AAAA;AAAA;AAAA;AAAA,WAAqD;AAAA,OAHzD;AAAA;AAAA;AAAA;AAAA,SAIA;AAER;AAACC,KARuBD;AAAG,IAAAC;AAAA,aAAAA,IAAA",
      "names": [
        "Routes",
        "Route",
        "Login",
        "Register",
        "Download",
        "App",
        "_c"
      ],
      "ignoreList": [],
      "sources": [
        "/Users/theblooming/Documents/OpenClassRooms/projet_4_opc/Datashare/frontend/src/App.tsx"
      ],
      "file": "/Users/theblooming/Documents/OpenClassRooms/projet_4_opc/Datashare/frontend/src/App.tsx"
    },
    "_coverageSchema": "1a1c01bbd47fc00a2c39e90264f33305004495a9",
    "hash": "60f66786aed95e8ef5c10327e6d80d87ce74b038"
  },
  "/Users/theblooming/Documents/OpenClassRooms/projet_4_opc/Datashare/frontend/src/main.tsx": {
    "path": "/Users/theblooming/Documents/OpenClassRooms/projet_4_opc/Datashare/frontend/src/main.tsx",
    "statementMap": {
      "0": {
        "start": {
          "line": 7,
          "column": 0
        },
        "end": {
          "line": 21,
          "column": 2
        }
      }
    },
    "fnMap": {},
    "branchMap": {},
    "s": {
      "0": 8
    },
    "f": {},
    "b": {},
    "inputSourceMap": {
      "version": 3,
      "mappings": "AASY;AATZ,SAASA,kBAAkB;AAC3B,SAASC,kBAAkB;AAC3B,SAASC,qBAAqB;AAC9B,OAAO;AACP,OAAOC,SAAS;AAEhBF,WAAWG,SAASC,eAAe,MAAM,CAAE,EAAEC;AAAAA,EACzC,uBAAC,cACG,iCAAC,iBACG,iCAAC,SAAD;AAAA;AAAA;AAAA;AAAA,SAAI,KADR;AAAA;AAAA;AAAA;AAAA,SAEA,KAHJ;AAAA;AAAA;AAAA;AAAA,SAIA;AACJ",
      "names": [
        "StrictMode",
        "createRoot",
        "BrowserRouter",
        "App",
        "document",
        "getElementById",
        "render"
      ],
      "ignoreList": [],
      "sources": [
        "/Users/theblooming/Documents/OpenClassRooms/projet_4_opc/Datashare/frontend/src/main.tsx"
      ],
      "file": "/Users/theblooming/Documents/OpenClassRooms/projet_4_opc/Datashare/frontend/src/main.tsx"
    },
    "_coverageSchema": "1a1c01bbd47fc00a2c39e90264f33305004495a9",
    "hash": "71d3e4d54e9765b5dea0574554146d2dc479390b"
  }
}