{
  "/Users/theblooming/Documents/OpenClassRooms/projet_4_opc/Datashare/frontend/src/components/Header/Header.tsx": {
    "path": "/Users/theblooming/Documents/OpenClassRooms/projet_4_opc/Datashare/frontend/src/components/Header/Header.tsx",
    "statementMap": {
      "0": {
        "start": {
          "line": 4,
          "column": 2
        },
        "end": {
          "line": 34,
          "column": 11
        }
      },
      "1": {
        "start": {
          "line": 36,
          "column": 0
        },
        "end": {
          "line": 36,
          "column": 12
        }
      },
      "2": {
        "start": {
          "line": 38,
          "column": 0
        },
        "end": {
          "line": 38,
          "column": 27
        }
      },
      "3": {
        "start": {
          "line": 40,
          "column": 20
        },
        "end": {
          "line": 40,
          "column": 97
        }
      },
      "4": {
        "start": {
          "line": 41,
          "column": 0
        },
        "end": {
          "line": 55,
          "column": 1
        }
      },
      "5": {
        "start": {
          "line": 42,
          "column": 2
        },
        "end": {
          "line": 46,
          "column": 3
        }
      },
      "6": {
        "start": {
          "line": 43,
          "column": 4
        },
        "end": {
          "line": 45,
          "column": 6
        }
      },
      "7": {
        "start": {
          "line": 47,
          "column": 2
        },
        "end": {
          "line": 54,
          "column": 5
        }
      },
      "8": {
        "start": {
          "line": 48,
          "column": 4
        },
        "end": {
          "line": 48,
          "column": 178
        }
      },
      "9": {
        "start": {
          "line": 49,
          "column": 4
        },
        "end": {
          "line": 53,
          "column": 7
        }
      },
      "10": {
        "start": {
          "line": 50,
          "column": 6
        },
        "end": {
          "line": 50,
          "column": 31
        }
      },
      "11": {
        "start": {
          "line": 50,
          "column": 24
        },
        "end": {
          "line": 50,
          "column": 31
        }
      },
      "12": {
        "start": {
          "line": 51,
          "column": 32
        },
        "end": {
          "line": 51,
          "column": 227
        }
      },
      "13": {
        "start": {
          "line": 52,
          "column": 6
        },
        "end": {
          "line": 52,
          "column": 75
        }
      },
      "14": {
        "start": {
          "line": 52,
          "column": 29
        },
        "end": {
          "line": 52,
          "column": 75
        }
      },
      "15": {
        "start": {
          "line": 57,
          "column": 2
        },
        "end": {
          "line": 57,
          "column": 157
        }
      },
      "16": {
        "start": {
          "line": 60,
          "column": 2
        },
        "end": {
          "line": 60,
          "column": 62
        }
      }
    },
    "fnMap": {
      "0": {
        "name": "Header",
        "decl": {
          "start": {
            "line": 3,
            "column": 24
          },
          "end": {
            "line": 3,
            "column": 30
          }
        },
        "loc": {
          "start": {
            "line": 3,
            "column": 54
          },
          "end": {
            "line": 35,
            "column": 1
          }
        },
        "line": 3
      },
      "1": {
        "name": "(anonymous_1)",
        "decl": {
          "start": {
            "line": 47,
            "column": 52
          },
          "end": {
            "line": 47,
            "column": 53
          }
        },
        "loc": {
          "start": {
            "line": 47,
            "column": 72
          },
          "end": {
            "line": 54,
            "column": 3
          }
        },
        "line": 47
      },
      "2": {
        "name": "(anonymous_2)",
        "decl": {
          "start": {
            "line": 49,
            "column": 27
          },
          "end": {
            "line": 49,
            "column": 28
          }
        },
        "loc": {
          "start": {
            "line": 49,
            "column": 44
          },
          "end": {
            "line": 53,
            "column": 5
          }
        },
        "line": 49
      },
      "3": {
        "name": "$RefreshReg$",
        "decl": {
          "start": {
            "line": 56,
            "column": 9
          },
          "end": {
            "line": 56,
            "column": 21
          }
        },
        "loc": {
          "start": {
            "line": 56,
            "column": 32
          },
          "end": {
            "line": 58,
            "column": 1
          }
        },
        "line": 56
      },
      "4": {
        "name": "$RefreshSig$",
        "decl": {
          "start": {
            "line": 59,
            "column": 9
          },
          "end": {
            "line": 59,
            "column": 21
          }
        },
        "loc": {
          "start": {
            "line": 59,
            "column": 24
          },
          "end": {
            "line": 61,
            "column": 1
          }
        },
        "line": 59
      }
    },
    "branchMap": {
      "0": {
        "loc": {
          "start": {
            "line": 3,
            "column": 33
          },
          "end": {
            "line": 3,
            "column": 50
          }
        },
        "type": "default-arg",
        "locations": [
          {
            "start": {
              "line": 3,
              "column": 43
            },
            "end": {
              "line": 3,
              "column": 50
            }
          }
        ],
        "line": 3
      },
      "1": {
        "loc": {
          "start": {
            "line": 10,
            "column": 4
          },
          "end": {
            "line": 29,
            "column": 12
          }
        },
        "type": "cond-expr",
        "locations": [
          {
            "start": {
              "line": 10,
              "column": 42
            },
            "end": {
              "line": 14,
              "column": 12
            }
          },
          {
            "start": {
              "line": 14,
              "column": 31
            },
            "end": {
              "line": 29,
              "column": 12
            }
          }
        ],
        "line": 10
      },
      "2": {
        "loc": {
          "start": {
            "line": 40,
            "column": 20
          },
          "end": {
            "line": 40,
            "column": 97
          }
        },
        "type": "binary-expr",
        "locations": [
          {
            "start": {
              "line": 40,
              "column": 20
            },
            "end": {
              "line": 40,
              "column": 60
            }
          },
          {
            "start": {
              "line": 40,
              "column": 64
            },
            "end": {
              "line": 40,
              "column": 97
            }
          }
        ],
        "line": 40
      },
      "3": {
        "loc": {
          "start": {
            "line": 41,
            "column": 0
          },
          "end": {
            "line": 55,
            "column": 1
          }
        },
        "type": "if",
        "locations": [
          {
            "start": {
              "line": 41,
              "column": 0
            },
            "end": {
              "line": 55,
              "column": 1
            }
          },
          {
            "start": {},
            "end": {}
          }
        ],
        "line": 41
      },
      "4": {
        "loc": {
          "start": {
            "line": 41,
            "column": 4
          },
          "end": {
            "line": 41,
            "column": 35
          }
        },
        "type": "binary-expr",
        "locations": [
          {
            "start": {
              "line": 41,
              "column": 4
            },
            "end": {
              "line": 41,
              "column": 19
            }
          },
          {
            "start": {
              "line": 41,
              "column": 23
            },
            "end": {
              "line": 41,
              "column": 35
            }
          }
        ],
        "line": 41
      },
      "5": {
        "loc": {
          "start": {
            "line": 42,
            "column": 2
          },
          "end": {
            "line": 46,
            "column": 3
          }
        },
        "type": "if",
        "locations": [
          {
            "start": {
              "line": 42,
              "column": 2
            },
            "end": {
              "line": 46,
              "column": 3
            }
          },
          {
            "start": {},
            "end": {}
          }
        ],
        "line": 42
      },
      "6": {
        "loc": {
          "start": {
            "line": 50,
            "column": 6
          },
          "end": {
            "line": 50,
            "column": 31
          }
        },
        "type": "if",
        "locations": [
          {
            "start": {
              "line": 50,
              "column": 6
            },
            "end": {
              "line": 50,
              "column": 31
            }
          },
          {
            "start": {},
            "end": {}
          }
        ],
        "line": 50
      },
      "7": {
        "loc": {
          "start": {
            "line": 52,
            "column": 6
          },
          "end": {
            "line": 52,
            "column": 75
          }
        },
        "type": "if",
        "locations": [
          {
            "start": {
              "line": 52,
              "column": 6
            },
            "end": {
              "line": 52,
              "column": 75
            }
          },
          {
            "start": {},
            "end": {}
          }
        ],
        "line": 52
      }
    },
    "s": {
      "0": 664,
      "1": 16,
      "2": 16,
      "3": 16,
      "4": 16,
      "5": 16,
      "6": 0,
      "7": 16,
      "8": 16,
      "9": 16,
      "10": 0,
      "11": 0,
      "12": 0,
      "13": 0,
      "14": 0,
      "15": 16,
      "16": 0
    },
    "f": {
      "0": 664,
      "1": 16,
      "2": 0,
      "3": 16,
      "4": 0
    },
    "b": {
      "0": [
        0
      ],
      "1": [
        664,
        0
      ],
      "2": [
        16,
        0
      ],
      "3": [
        16,
        0
      ],
      "4": [
        16,
        16
      ],
      "5": [
        0,
        16
      ],
      "6": [
        0,
        0
      ],
      "7": [
        0,
        0
      ]
    },
    "inputSourceMap": {
      "version": 3,
      "mappings": "AASY;AATZ,OAAO;AAMP,wBAAwBA,OAAO,EAAEC,UAAU,QAAqB,GAAG;AAC/D,SACI,uBAAC,YAAO,WAAU,UACd;AAAA,2BAAC,UAAK,WAAU,gBAAe,yBAA/B;AAAA;AAAA;AAAA;AAAA,WAAwC;AAAA,IACvCA,YAAY,UACT,uBAAC,YAAO,WAAU,eAAc,4BAAhC;AAAA;AAAA;AAAA;AAAA,WAA4C,IAE5C,uBAAC,SAAI,WAAU,mBACX;AAAA,6BAAC,YAAO,WAAU,eAAc,oCAAhC;AAAA;AAAA;AAAA;AAAA,aAAoD;AAAA,MACpD,uBAAC,YAAO,WAAU,oCAAmC,2BAArD;AAAA;AAAA;AAAA;AAAA,aAAgE;AAAA,SAFpE;AAAA;AAAA;AAAA;AAAA,WAGA;AAAA,OARR;AAAA;AAAA;AAAA;AAAA,SAUA;AAER;AAACC,KAduBF;AAAM,IAAAE;AAAA,aAAAA,IAAA",
      "names": [
        "Header",
        "variant",
        "_c"
      ],
      "ignoreList": [],
      "sources": [
        "/Users/theblooming/Documents/OpenClassRooms/projet_4_opc/Datashare/frontend/src/components/Header/Header.tsx"
      ],
      "file": "/Users/theblooming/Documents/OpenClassRooms/projet_4_opc/Datashare/frontend/src/components/Header/Header.tsx"
    },
    "_coverageSchema": "1a1c01bbd47fc00a2c39e90264f33305004495a9",
    "hash": "9980c0e27006ddf986667049e3f690d9990a4546"
  },
  "/Users/theblooming/Documents/OpenClassRooms/projet_4_opc/Datashare/frontend/src/components/Input/Input.tsx": {
    "path": "/Users/theblooming/Documents/OpenClassRooms/projet_4_opc/Datashare/frontend/src/components/Input/Input.tsx",
    "statementMap": {
      "0": {
        "start": {
          "line": 4,
          "column": 2
        },
        "end": {
          "line": 35,
          "column": 11
        }
      },
      "1": {
        "start": {
          "line": 37,
          "column": 0
        },
        "end": {
          "line": 37,
          "column": 11
        }
      },
      "2": {
        "start": {
          "line": 39,
          "column": 0
        },
        "end": {
          "line": 39,
          "column": 26
        }
      },
      "3": {
        "start": {
          "line": 41,
          "column": 20
        },
        "end": {
          "line": 41,
          "column": 97
        }
      },
      "4": {
        "start": {
          "line": 42,
          "column": 0
        },
        "end": {
          "line": 56,
          "column": 1
        }
      },
      "5": {
        "start": {
          "line": 43,
          "column": 2
        },
        "end": {
          "line": 47,
          "column": 3
        }
      },
      "6": {
        "start": {
          "line": 44,
          "column": 4
        },
        "end": {
          "line": 46,
          "column": 6
        }
      },
      "7": {
        "start": {
          "line": 48,
          "column": 2
        },
        "end": {
          "line": 55,
          "column": 5
        }
      },
      "8": {
        "start": {
          "line": 49,
          "column": 4
        },
        "end": {
          "line": 49,
          "column": 176
        }
      },
      "9": {
        "start": {
          "line": 50,
          "column": 4
        },
        "end": {
          "line": 54,
          "column": 7
        }
      },
      "10": {
        "start": {
          "line": 51,
          "column": 6
        },
        "end": {
          "line": 51,
          "column": 31
        }
      },
      "11": {
        "start": {
          "line": 51,
          "column": 24
        },
        "end": {
          "line": 51,
          "column": 31
        }
      },
      "12": {
        "start": {
          "line": 52,
          "column": 32
        },
        "end": {
          "line": 52,
          "column": 225
        }
      },
      "13": {
        "start": {
          "line": 53,
          "column": 6
        },
        "end": {
          "line": 53,
          "column": 75
        }
      },
      "14": {
        "start": {
          "line": 53,
          "column": 29
        },
        "end": {
          "line": 53,
          "column": 75
        }
      },
      "15": {
        "start": {
          "line": 58,
          "column": 2
        },
        "end": {
          "line": 58,
          "column": 155
        }
      },
      "16": {
        "start": {
          "line": 61,
          "column": 2
        },
        "end": {
          "line": 61,
          "column": 62
        }
      }
    },
    "fnMap": {
      "0": {
        "name": "Input",
        "decl": {
          "start": {
            "line": 3,
            "column": 24
          },
          "end": {
            "line": 3,
            "column": 29
          }
        },
        "loc": {
          "start": {
            "line": 3,
            "column": 111
          },
          "end": {
            "line": 36,
            "column": 1
          }
        },
        "line": 3
      },
      "1": {
        "name": "(anonymous_1)",
        "decl": {
          "start": {
            "line": 48,
            "column": 52
          },
          "end": {
            "line": 48,
            "column": 53
          }
        },
        "loc": {
          "start": {
            "line": 48,
            "column": 72
          },
          "end": {
            "line": 55,
            "column": 3
          }
        },
        "line": 48
      },
      "2": {
        "name": "(anonymous_2)",
        "decl": {
          "start": {
            "line": 50,
            "column": 27
          },
          "end": {
            "line": 50,
            "column": 28
          }
        },
        "loc": {
          "start": {
            "line": 50,
            "column": 44
          },
          "end": {
            "line": 54,
            "column": 5
          }
        },
        "line": 50
      },
      "3": {
        "name": "$RefreshReg$",
        "decl": {
          "start": {
            "line": 57,
            "column": 9
          },
          "end": {
            "line": 57,
            "column": 21
          }
        },
        "loc": {
          "start": {
            "line": 57,
            "column": 32
          },
          "end": {
            "line": 59,
            "column": 1
          }
        },
        "line": 57
      },
      "4": {
        "name": "$RefreshSig$",
        "decl": {
          "start": {
            "line": 60,
            "column": 9
          },
          "end": {
            "line": 60,
            "column": 21
          }
        },
        "loc": {
          "start": {
            "line": 60,
            "column": 24
          },
          "end": {
            "line": 62,
            "column": 1
          }
        },
        "line": 60
      }
    },
    "branchMap": {
      "0": {
        "loc": {
          "start": {
            "line": 3,
            "column": 43
          },
          "end": {
            "line": 3,
            "column": 56
          }
        },
        "type": "default-arg",
        "locations": [
          {
            "start": {
              "line": 3,
              "column": 50
            },
            "end": {
              "line": 3,
              "column": 56
            }
          }
        ],
        "line": 3
      },
      "1": {
        "loc": {
          "start": {
            "line": 41,
            "column": 20
          },
          "end": {
            "line": 41,
            "column": 97
          }
        },
        "type": "binary-expr",
        "locations": [
          {
            "start": {
              "line": 41,
              "column": 20
            },
            "end": {
              "line": 41,
              "column": 60
            }
          },
          {
            "start": {
              "line": 41,
              "column": 64
            },
            "end": {
              "line": 41,
              "column": 97
            }
          }
        ],
        "line": 41
      },
      "2": {
        "loc": {
          "start": {
            "line": 42,
            "column": 0
          },
          "end": {
            "line": 56,
            "column": 1
          }
        },
        "type": "if",
        "locations": [
          {
            "start": {
              "line": 42,
              "column": 0
            },
            "end": {
              "line": 56,
              "column": 1
            }
          },
          {
            "start": {},
            "end": {}
          }
        ],
        "line": 42
      },
      "3": {
        "loc": {
          "start": {
            "line": 42,
            "column": 4
          },
          "end": {
            "line": 42,
            "column": 35
          }
        },
        "type": "binary-expr",
        "locations": [
          {
            "start": {
              "line": 42,
              "column": 4
            },
            "end": {
              "line": 42,
              "column": 19
            }
          },
          {
            "start": {
              "line": 42,
              "column": 23
            },
            "end": {
              "line": 42,
              "column": 35
            }
          }
        ],
        "line": 42
      },
      "4": {
        "loc": {
          "start": {
            "line": 43,
            "column": 2
          },
          "end": {
            "line": 47,
            "column": 3
          }
        },
        "type": "if",
        "locations": [
          {
            "start": {
              "line": 43,
              "column": 2
            },
            "end": {
              "line": 47,
              "column": 3
            }
          },
          {
            "start": {},
            "end": {}
          }
        ],
        "line": 43
      },
      "5": {
        "loc": {
          "start": {
            "line": 51,
            "column": 6
          },
          "end": {
            "line": 51,
            "column": 31
          }
        },
        "type": "if",
        "locations": [
          {
            "start": {
              "line": 51,
              "column": 6
            },
            "end": {
              "line": 51,
              "column": 31
            }
          },
          {
            "start": {},
            "end": {}
          }
        ],
        "line": 51
      },
      "6": {
        "loc": {
          "start": {
            "line": 53,
            "column": 6
          },
          "end": {
            "line": 53,
            "column": 75
          }
        },
        "type": "if",
        "locations": [
          {
            "start": {
              "line": 53,
              "column": 6
            },
            "end": {
              "line": 53,
              "column": 75
            }
          },
          {
            "start": {},
            "end": {}
          }
        ],
        "line": 53
      }
    },
    "s": {
      "0": 1604,
      "1": 16,
      "2": 16,
      "3": 16,
      "4": 16,
      "5": 16,
      "6": 0,
      "7": 16,
      "8": 16,
      "9": 16,
      "10": 0,
      "11": 0,
      "12": 0,
      "13": 0,
      "14": 0,
      "15": 16,
      "16": 0
    },
    "f": {
      "0": 1604,
      "1": 16,
      "2": 0,
      "3": 16,
      "4": 0
    },
    "b": {
      "0": [
        0
      ],
      "1": [
        16,
        0
      ],
      "2": [
        16,
        0
      ],
      "3": [
        16,
        16
      ],
      "4": [
        0,
        16
      ],
      "5": [
        0,
        0
      ],
      "6": [
        0,
        0
      ]
    },
    "inputSourceMap": {
      "version": 3,
      "mappings": "AAgBY;AAhBZ,OAAO;AAaP,wBAAwBA,MAAM,EAAEC,IAAIC,OAAOC,OAAO,QAAQC,aAAaC,OAAOC,UAAUC,UAAUC,UAAsB,GAAG;AACvH,SACI,uBAAC,SAAI,WAAU,eACX;AAAA,2BAAC,WAAM,WAAU,sBAAsBN,mBAAvC;AAAA;AAAA;AAAA;AAAA,WAA6C;AAAA,IAC7C;AAAA,MAAC;AAAA;AAAA,QACG;AAAA,QACA,WAAU;AAAA,QACV;AAAA,QACA;AAAA,QACA;AAAA,QACA;AAAA,QACA;AAAA,QACA;AAAA;AAAA,MARJ;AAAA;AAAA;AAAA;AAAA;AAAA;AAAA;AAAA;AAAA,IAQyB;AAAA,OAV7B;AAAA;AAAA;AAAA;AAAA,SAYA;AAER;AAACO,KAhBuBT;AAAK,IAAAS;AAAA,aAAAA,IAAA",
      "names": [
        "Input",
        "id",
        "label",
        "type",
        "placeholder",
        "value",
        "onChange",
        "required",
        "minLength",
        "_c"
      ],
      "ignoreList": [],
      "sources": [
        "/Users/theblooming/Documents/OpenClassRooms/projet_4_opc/Datashare/frontend/src/components/Input/Input.tsx"
      ],
      "file": "/Users/theblooming/Documents/OpenClassRooms/projet_4_opc/Datashare/frontend/src/components/Input/Input.tsx"
    },
    "_coverageSchema": "1a1c01bbd47fc00a2c39e90264f33305004495a9",
    "hash": "54e02815883ab439d630a660c3368f79d4c846c7"
  },
  "/Users/theblooming/Documents/OpenClassRooms/projet_4_opc/Datashare/frontend/src/components/Button/Button.tsx": {
    "path": "/Users/theblooming/Documents/OpenClassRooms/projet_4_opc/Datashare/frontend/src/components/Button/Button.tsx",
    "statementMap": {
      "0": {
        "start": {
          "line": 4,
          "column": 2
        },
        "end": {
          "line": 21,
          "column": 4
        }
      },
      "1": {
        "start": {
          "line": 23,
          "column": 0
        },
        "end": {
          "line": 23,
          "column": 12
        }
      },
      "2": {
        "start": {
          "line": 25,
          "column": 0
        },
        "end": {
          "line": 25,
          "column": 27
        }
      },
      "3": {
        "start": {
          "line": 27,
          "column": 20
        },
        "end": {
          "line": 27,
          "column": 97
        }
      },
      "4": {
        "start": {
          "line": 28,
          "column": 0
        },
        "end": {
          "line": 42,
          "column": 1
        }
      },
      "5": {
        "start": {
          "line": 29,
          "column": 2
        },
        "end": {
          "line": 33,
          "column": 3
        }
      },
      "6": {
        "start": {
          "line": 30,
          "column": 4
        },
        "end": {
          "line": 32,
          "column": 6
        }
      },
      "7": {
        "start": {
          "line": 34,
          "column": 2
        },
        "end": {
          "line": 41,
          "column": 5
        }
      },
      "8": {
        "start": {
          "line": 35,
          "column": 4
        },
        "end": {
          "line": 35,
          "column": 178
        }
      },
      "9": {
        "start": {
          "line": 36,
          "column": 4
        },
        "end": {
          "line": 40,
          "column": 7
        }
      },
      "10": {
        "start": {
          "line": 37,
          "column": 6
        },
        "end": {
          "line": 37,
          "column": 31
        }
      },
      "11": {
        "start": {
          "line": 37,
          "column": 24
        },
        "end": {
          "line": 37,
          "column": 31
        }
      },
      "12": {
        "start": {
          "line": 38,
          "column": 32
        },
        "end": {
          "line": 38,
          "column": 227
        }
      },
      "13": {
        "start": {
          "line": 39,
          "column": 6
        },
        "end": {
          "line": 39,
          "column": 75
        }
      },
      "14": {
        "start": {
          "line": 39,
          "column": 29
        },
        "end": {
          "line": 39,
          "column": 75
        }
      },
      "15": {
        "start": {
          "line": 44,
          "column": 2
        },
        "end": {
          "line": 44,
          "column": 157
        }
      },
      "16": {
        "start": {
          "line": 47,
          "column": 2
        },
        "end": {
          "line": 47,
          "column": 62
        }
      }
    },
    "fnMap": {
      "0": {
        "name": "Button",
        "decl": {
          "start": {
            "line": 3,
            "column": 24
          },
          "end": {
            "line": 3,
            "column": 30
          }
        },
        "loc": {
          "start": {
            "line": 3,
            "column": 105
          },
          "end": {
            "line": 22,
            "column": 1
          }
        },
        "line": 3
      },
      "1": {
        "name": "(anonymous_1)",
        "decl": {
          "start": {
            "line": 34,
            "column": 52
          },
          "end": {
            "line": 34,
            "column": 53
          }
        },
        "loc": {
          "start": {
            "line": 34,
            "column": 72
          },
          "end": {
            "line": 41,
            "column": 3
          }
        },
        "line": 34
      },
      "2": {
        "name": "(anonymous_2)",
        "decl": {
          "start": {
            "line": 36,
            "column": 27
          },
          "end": {
            "line": 36,
            "column": 28
          }
        },
        "loc": {
          "start": {
            "line": 36,
            "column": 44
          },
          "end": {
            "line": 40,
            "column": 5
          }
        },
        "line": 36
      },
      "3": {
        "name": "$RefreshReg$",
        "decl": {
          "start": {
            "line": 43,
            "column": 9
          },
          "end": {
            "line": 43,
            "column": 21
          }
        },
        "loc": {
          "start": {
            "line": 43,
            "column": 32
          },
          "end": {
            "line": 45,
            "column": 1
          }
        },
        "line": 43
      },
      "4": {
        "name": "$RefreshSig$",
        "decl": {
          "start": {
            "line": 46,
            "column": 9
          },
          "end": {
            "line": 46,
            "column": 21
          }
        },
        "loc": {
          "start": {
            "line": 46,
            "column": 24
          },
          "end": {
            "line": 48,
            "column": 1
          }
        },
        "line": 46
      }
    },
    "branchMap": {
      "0": {
        "loc": {
          "start": {
            "line": 3,
            "column": 49
          },
          "end": {
            "line": 3,
            "column": 66
          }
        },
        "type": "default-arg",
        "locations": [
          {
            "start": {
              "line": 3,
              "column": 61
            },
            "end": {
              "line": 3,
              "column": 66
            }
          }
        ],
        "line": 3
      },
      "1": {
        "loc": {
          "start": {
            "line": 3,
            "column": 68
          },
          "end": {
            "line": 3,
            "column": 83
          }
        },
        "type": "default-arg",
        "locations": [
          {
            "start": {
              "line": 3,
              "column": 75
            },
            "end": {
              "line": 3,
              "column": 83
            }
          }
        ],
        "line": 3
      },
      "2": {
        "loc": {
          "start": {
            "line": 3,
            "column": 85
          },
          "end": {
            "line": 3,
            "column": 101
          }
        },
        "type": "default-arg",
        "locations": [
          {
            "start": {
              "line": 3,
              "column": 96
            },
            "end": {
              "line": 3,
              "column": 101
            }
          }
        ],
        "line": 3
      },
      "3": {
        "loc": {
          "start": {
            "line": 27,
            "column": 20
          },
          "end": {
            "line": 27,
            "column": 97
          }
        },
        "type": "binary-expr",
        "locations": [
          {
            "start": {
              "line": 27,
              "column": 20
            },
            "end": {
              "line": 27,
              "column": 60
            }
          },
          {
            "start": {
              "line": 27,
              "column": 64
            },
            "end": {
              "line": 27,
              "column": 97
            }
          }
        ],
        "line": 27
      },
      "4": {
        "loc": {
          "start": {
            "line": 28,
            "column": 0
          },
          "end": {
            "line": 42,
            "column": 1
          }
        },
        "type": "if",
        "locations": [
          {
            "start": {
              "line": 28,
              "column": 0
            },
            "end": {
              "line": 42,
              "column": 1
            }
          },
          {
            "start": {},
            "end": {}
          }
        ],
        "line": 28
      },
      "5": {
        "loc": {
          "start": {
            "line": 28,
            "column": 4
          },
          "end": {
            "line": 28,
            "column": 35
          }
        },
        "type": "binary-expr",
        "locations": [
          {
            "start": {
              "line": 28,
              "column": 4
            },
            "end": {
              "line": 28,
              "column": 19
            }
          },
          {
            "start": {
              "line": 28,
              "column": 23
            },
            "end": {
              "line": 28,
              "column": 35
            }
          }
        ],
        "line": 28
      },
      "6": {
        "loc": {
          "start": {
            "line": 29,
            "column": 2
          },
          "end": {
            "line": 33,
            "column": 3
          }
        },
        "type": "if",
        "locations": [
          {
            "start": {
              "line": 29,
              "column": 2
            },
            "end": {
              "line": 33,
              "column": 3
            }
          },
          {
            "start": {},
            "end": {}
          }
        ],
        "line": 29
      },
      "7": {
        "loc": {
          "start": {
            "line": 37,
            "column": 6
          },
          "end": {
            "line": 37,
            "column": 31
          }
        },
        "type": "if",
        "locations": [
          {
            "start": {
              "line": 37,
              "column": 6
            },
            "end": {
              "line": 37,
              "column": 31
            }
          },
          {
            "start": {},
            "end": {}
          }
        ],
        "line": 37
      },
      "8": {
        "loc": {
          "start": {
            "line": 39,
            "column": 6
          },
          "end": {
            "line": 39,
            "column": 75
          }
        },
        "type": "if",
        "locations": [
          {
            "start": {
              "line": 39,
              "column": 6
            },
            "end": {
              "line": 39,
              "column": 75
            }
          },
          {
            "start": {},
            "end": {}
          }
        ],
        "line": 39
      }
    },
    "s": {
      "0": 628,
      "1": 16,
      "2": 16,
      "3": 16,
      "4": 16,
      "5": 16,
      "6": 0,
      "7": 16,
      "8": 16,
      "9": 16,
      "10": 0,
      "11": 0,
      "12": 0,
      "13": 0,
      "14": 0,
      "15": 16,
      "16": 0
    },
    "f": {
      "0": 628,
      "1": 16,
      "2": 0,
      "3": 16,
      "4": 0
    },
    "b": {
      "0": [
        372
      ],
      "1": [
        8
      ],
      "2": [
        628
      ],
      "3": [
        16,
        0
      ],
      "4": [
        16,
        0
      ],
      "5": [
        16,
        16
      ],
      "6": [
        0,
        16
      ],
      "7": [
        0,
        0
      ],
      "8": [
        0,
        0
      ]
    },
    "inputSourceMap": {
      "version": 3,
      "mappings": "AAYQ;AAZR,OAAO;AAUP,wBAAwBA,OAAO,EAAEC,OAAOC,SAASC,YAAY,OAAOC,OAAO,UAAUC,WAAW,MAAmB,GAAG;AAClH,SACI;AAAA,IAAC;AAAA;AAAA,MACG;AAAA,MACA;AAAA,MACA;AAAA,MACA;AAAA,MAECJ;AAAAA;AAAAA,IANL;AAAA;AAAA;AAAA;AAAA;AAAA;AAAA;AAAA;AAAA,EAOA;AAER;AAACK,KAXuBN;AAAM,IAAAM;AAAA,aAAAA,IAAA",
      "names": [
        "Button",
        "label",
        "onClick",
        "className",
        "type",
        "disabled",
        "_c"
      ],
      "ignoreList": [],
      "sources": [
        "/Users/theblooming/Documents/OpenClassRooms/projet_4_opc/Datashare/frontend/src/components/Button/Button.tsx"
      ],
      "file": "/Users/theblooming/Documents/OpenClassRooms/projet_4_opc/Datashare/frontend/src/components/Button/Button.tsx"
    },
    "_coverageSchema": "1a1c01bbd47fc00a2c39e90264f33305004495a9",
    "hash": "604d36182be76733de00e1e6264757dc6ba091d3"
  },
  "/Users/theblooming/Documents/OpenClassRooms/projet_4_opc/Datashare/frontend/src/services/Auth/auth.service.ts": {
    "path": "/Users/theblooming/Documents/OpenClassRooms/projet_4_opc/Datashare/frontend/src/services/Auth/auth.service.ts",
    "statementMap": {
      "0": {
        "start": {
          "line": 1,
          "column": 16
        },
        "end": {
          "line": 1,
          "column": 71
        }
      },
      "1": {
        "start": {
          "line": 3,
          "column": 14
        },
        "end": {
          "line": 7,
          "column": 4
        }
      },
      "2": {
        "start": {
          "line": 8,
          "column": 2
        },
        "end": {
          "line": 10,
          "column": 3
        }
      },
      "3": {
        "start": {
          "line": 9,
          "column": 4
        },
        "end": {
          "line": 9,
          "column": 56
        }
      },
      "4": {
        "start": {
          "line": 11,
          "column": 2
        },
        "end": {
          "line": 11,
          "column": 20
        }
      },
      "5": {
        "start": {
          "line": 14,
          "column": 14
        },
        "end": {
          "line": 18,
          "column": 4
        }
      },
      "6": {
        "start": {
          "line": 19,
          "column": 2
        },
        "end": {
          "line": 21,
          "column": 3
        }
      },
      "7": {
        "start": {
          "line": 20,
          "column": 4
        },
        "end": {
          "line": 20,
          "column": 61
        }
      },
      "8": {
        "start": {
          "line": 22,
          "column": 2
        },
        "end": {
          "line": 22,
          "column": 20
        }
      },
      "9": {
        "start": {
          "line": 25,
          "column": 2
        },
        "end": {
          "line": 25,
          "column": 44
        }
      },
      "10": {
        "start": {
          "line": 11,
          "column": 15
        },
        "end": {
          "line": 11,
          "column": 31
        }
      },
      "11": {
        "start": {
          "line": 12,
          "column": 2
        },
        "end": {
          "line": 12,
          "column": 31
        }
      },
      "12": {
        "start": {
          "line": 13,
          "column": 2
        },
        "end": {
          "line": 13,
          "column": 14
        }
      },
      "13": {
        "start": {
          "line": 16,
          "column": 14
        },
        "end": {
          "line": 20,
          "column": 4
        }
      },
      "14": {
        "start": {
          "line": 21,
          "column": 2
        },
        "end": {
          "line": 23,
          "column": 3
        }
      },
      "15": {
        "start": {
          "line": 22,
          "column": 4
        },
        "end": {
          "line": 22,
          "column": 61
        }
      },
      "16": {
        "start": {
          "line": 24,
          "column": 15
        },
        "end": {
          "line": 24,
          "column": 31
        }
      },
      "17": {
        "start": {
          "line": 25,
          "column": 2
        },
        "end": {
          "line": 25,
          "column": 31
        }
      },
      "18": {
        "start": {
          "line": 26,
          "column": 2
        },
        "end": {
          "line": 26,
          "column": 14
        }
      },
      "19": {
        "start": {
          "line": 29,
          "column": 2
        },
        "end": {
          "line": 29,
          "column": 44
        }
      }
    },
    "fnMap": {
      "0": {
        "name": "login",
        "decl": {
          "start": {
            "line": 2,
            "column": 22
          },
          "end": {
            "line": 2,
            "column": 27
          }
        },
        "loc": {
          "start": {
            "line": 2,
            "column": 45
          },
          "end": {
            "line": 12,
            "column": 1
          }
        },
        "line": 2
      },
      "1": {
        "name": "register",
        "decl": {
          "start": {
            "line": 13,
            "column": 22
          },
          "end": {
            "line": 13,
            "column": 30
          }
        },
        "loc": {
          "start": {
            "line": 13,
            "column": 48
          },
          "end": {
            "line": 23,
            "column": 1
          }
        },
        "line": 13
      },
      "2": {
        "name": "saveToken",
        "decl": {
          "start": {
            "line": 24,
            "column": 16
          },
          "end": {
            "line": 24,
            "column": 25
          }
        },
        "loc": {
          "start": {
            "line": 24,
            "column": 33
          },
          "end": {
            "line": 26,
            "column": 1
          }
        },
        "line": 24
      },
      "3": {
        "name": "login",
        "decl": {
          "start": {
            "line": 2,
            "column": 22
          },
          "end": {
            "line": 2,
            "column": 27
          }
        },
        "loc": {
          "start": {
            "line": 2,
            "column": 45
          },
          "end": {
            "line": 14,
            "column": 1
          }
        },
        "line": 2
      },
      "4": {
        "name": "register",
        "decl": {
          "start": {
            "line": 15,
            "column": 22
          },
          "end": {
            "line": 15,
            "column": 30
          }
        },
        "loc": {
          "start": {
            "line": 15,
            "column": 48
          },
          "end": {
            "line": 27,
            "column": 1
          }
        },
        "line": 15
      },
      "5": {
        "name": "saveToken",
        "decl": {
          "start": {
            "line": 28,
            "column": 9
          },
          "end": {
            "line": 28,
            "column": 18
          }
        },
        "loc": {
          "start": {
            "line": 28,
            "column": 26
          },
          "end": {
            "line": 30,
            "column": 1
          }
        },
        "line": 28
      }
    },
    "branchMap": {
      "0": {
        "loc": {
          "start": {
            "line": 1,
            "column": 16
          },
          "end": {
            "line": 1,
            "column": 71
          }
        },
        "type": "binary-expr",
        "locations": [
          {
            "start": {
              "line": 1,
              "column": 16
            },
            "end": {
              "line": 1,
              "column": 44
            }
          },
          {
            "start": {
              "line": 1,
              "column": 48
            },
            "end": {
              "line": 1,
              "column": 71
            }
          }
        ],
        "line": 1
      },
      "1": {
        "loc": {
          "start": {
            "line": 8,
            "column": 2
          },
          "end": {
            "line": 10,
            "column": 3
          }
        },
        "type": "if",
        "locations": [
          {
            "start": {
              "line": 8,
              "column": 2
            },
            "end": {
              "line": 10,
              "column": 3
            }
          },
          {
            "start": {},
            "end": {}
          }
        ],
        "line": 8
      },
      "2": {
        "loc": {
          "start": {
            "line": 19,
            "column": 2
          },
          "end": {
            "line": 21,
            "column": 3
          }
        },
        "type": "if",
        "locations": [
          {
            "start": {
              "line": 19,
              "column": 2
            },
            "end": {
              "line": 21,
              "column": 3
            }
          },
          {
            "start": {},
            "end": {}
          }
        ],
        "line": 19
      },
      "3": {
        "loc": {
          "start": {
            "line": 21,
            "column": 2
          },
          "end": {
            "line": 23,
            "column": 3
          }
        },
        "type": "if",
        "locations": [
          {
            "start": {
              "line": 21,
              "column": 2
            },
            "end": {
              "line": 23,
              "column": 3
            }
          },
          {
            "start": {},
            "end": {}
          }
        ],
        "line": 21
      }
    },
    "s": {
      "0": 16,
      "1": 4,
      "2": 2,
      "3": 2,
      "4": 0,
      "5": 1,
      "6": 0,
      "7": 0,
      "8": 0,
      "9": 0,
      "10": 0,
      "11": 0,
      "12": 0,
      "13": 1,
      "14": 0,
      "15": 0,
      "16": 0,
      "17": 0,
      "18": 0,
      "19": 0
    },
    "f": {
      "0": 4,
      "1": 1,
      "2": 1,
      "3": 2,
      "4": 1,
      "5": 0
    },
    "b": {
      "0": [
        16,
        0
      ],
      "1": [
        2,
        0
      ],
      "2": [
        0,
        0
      ],
      "3": [
        0,
        0
      ]
    },
    "inputSourceMap": {
      "version": 3,
      "sources": [
        "/Users/theblooming/Documents/OpenClassRooms/projet_4_opc/Datashare/frontend/src/services/Auth/auth.service.ts"
      ],
      "mappings": "AAAA,MAAM,UAAU,YAAY,IAAI,gBAAgB;AAMhD,sBAAsB,MAAM,OAAe,UAAyC;AAChF,QAAM,MAAM,MAAM,MAAM,GAAG,OAAO,eAAe;AAAA,IAC7C,QAAQ;AAAA,IACR,SAAS,EAAE,gBAAgB,mBAAmB;AAAA,IAC9C,MAAM,KAAK,UAAU,EAAE,OAAO,SAAS,CAAC;AAAA,EAC5C,CAAC;AAED,MAAI,CAAC,IAAI,IAAI;AACT,UAAM,IAAI,MAAM,kCAAkC;AAAA,EACtD;AAEA,SAAO,IAAI,KAAK;AACpB;AAEA,sBAAsB,SAAS,OAAe,UAAyC;AACnF,QAAM,MAAM,MAAM,MAAM,GAAG,OAAO,kBAAkB;AAAA,IAChD,QAAQ;AAAA,IACR,SAAS,EAAE,gBAAgB,mBAAmB;AAAA,IAC9C,MAAM,KAAK,UAAU,EAAE,OAAO,SAAS,CAAC;AAAA,EAC5C,CAAC;AAED,MAAI,CAAC,IAAI,IAAI;AACT,UAAM,IAAI,MAAM,uCAAuC;AAAA,EAC3D;AAEA,SAAO,IAAI,KAAK;AACpB;AAEO,gBAAS,UAAU,OAAsB;AAC5C,eAAa,QAAQ,cAAc,KAAK;AAC5C;",
      "names": []
    },
    "_coverageSchema": "1a1c01bbd47fc00a2c39e90264f33305004495a9",
    "hash": "7744255370d593f5bd04ad97c769aa12cf9adcf8"
  },
  "/Users/theblooming/Documents/OpenClassRooms/projet_4_opc/Datashare/frontend/src/components/Callout/Callout.tsx": {
    "path": "/Users/theblooming/Documents/OpenClassRooms/projet_4_opc/Datashare/frontend/src/components/Callout/Callout.tsx",
    "statementMap": {
      "0": {
        "start": {
          "line": 5,
          "column": 14
        },
        "end": {
          "line": 9,
          "column": 1
        }
      },
      "1": {
        "start": {
          "line": 11,
          "column": 2
        },
        "end": {
          "line": 22,
          "column": 11
        }
      },
      "2": {
        "start": {
          "line": 24,
          "column": 0
        },
        "end": {
          "line": 24,
          "column": 13
        }
      },
      "3": {
        "start": {
          "line": 26,
          "column": 0
        },
        "end": {
          "line": 26,
          "column": 28
        }
      },
      "4": {
        "start": {
          "line": 28,
          "column": 20
        },
        "end": {
          "line": 28,
          "column": 97
        }
      },
      "5": {
        "start": {
          "line": 29,
          "column": 0
        },
        "end": {
          "line": 43,
          "column": 1
        }
      },
      "6": {
        "start": {
          "line": 30,
          "column": 2
        },
        "end": {
          "line": 34,
          "column": 3
        }
      },
      "7": {
        "start": {
          "line": 31,
          "column": 4
        },
        "end": {
          "line": 33,
          "column": 6
        }
      },
      "8": {
        "start": {
          "line": 35,
          "column": 2
        },
        "end": {
          "line": 42,
          "column": 5
        }
      },
      "9": {
        "start": {
          "line": 36,
          "column": 4
        },
        "end": {
          "line": 36,
          "column": 180
        }
      },
      "10": {
        "start": {
          "line": 37,
          "column": 4
        },
        "end": {
          "line": 41,
          "column": 7
        }
      },
      "11": {
        "start": {
          "line": 38,
          "column": 6
        },
        "end": {
          "line": 38,
          "column": 31
        }
      },
      "12": {
        "start": {
          "line": 38,
          "column": 24
        },
        "end": {
          "line": 38,
          "column": 31
        }
      },
      "13": {
        "start": {
          "line": 39,
          "column": 32
        },
        "end": {
          "line": 39,
          "column": 229
        }
      },
      "14": {
        "start": {
          "line": 40,
          "column": 6
        },
        "end": {
          "line": 40,
          "column": 75
        }
      },
      "15": {
        "start": {
          "line": 40,
          "column": 29
        },
        "end": {
          "line": 40,
          "column": 75
        }
      },
      "16": {
        "start": {
          "line": 45,
          "column": 2
        },
        "end": {
          "line": 45,
          "column": 159
        }
      },
      "17": {
        "start": {
          "line": 48,
          "column": 2
        },
        "end": {
          "line": 48,
          "column": 62
        }
      }
    },
    "fnMap": {
      "0": {
        "name": "Callout",
        "decl": {
          "start": {
            "line": 10,
            "column": 24
          },
          "end": {
            "line": 10,
            "column": 31
          }
        },
        "loc": {
          "start": {
            "line": 10,
            "column": 62
          },
          "end": {
            "line": 23,
            "column": 1
          }
        },
        "line": 10
      },
      "1": {
        "name": "(anonymous_1)",
        "decl": {
          "start": {
            "line": 35,
            "column": 52
          },
          "end": {
            "line": 35,
            "column": 53
          }
        },
        "loc": {
          "start": {
            "line": 35,
            "column": 72
          },
          "end": {
            "line": 42,
            "column": 3
          }
        },
        "line": 35
      },
      "2": {
        "name": "(anonymous_2)",
        "decl": {
          "start": {
            "line": 37,
            "column": 27
          },
          "end": {
            "line": 37,
            "column": 28
          }
        },
        "loc": {
          "start": {
            "line": 37,
            "column": 44
          },
          "end": {
            "line": 41,
            "column": 5
          }
        },
        "line": 37
      },
      "3": {
        "name": "$RefreshReg$",
        "decl": {
          "start": {
            "line": 44,
            "column": 9
          },
          "end": {
            "line": 44,
            "column": 21
          }
        },
        "loc": {
          "start": {
            "line": 44,
            "column": 32
          },
          "end": {
            "line": 46,
            "column": 1
          }
        },
        "line": 44
      },
      "4": {
        "name": "$RefreshSig$",
        "decl": {
          "start": {
            "line": 47,
            "column": 9
          },
          "end": {
            "line": 47,
            "column": 21
          }
        },
        "loc": {
          "start": {
            "line": 47,
            "column": 24
          },
          "end": {
            "line": 49,
            "column": 1
          }
        },
        "line": 47
      }
    },
    "branchMap": {
      "0": {
        "loc": {
          "start": {
            "line": 28,
            "column": 20
          },
          "end": {
            "line": 28,
            "column": 97
          }
        },
        "type": "binary-expr",
        "locations": [
          {
            "start": {
              "line": 28,
              "column": 20
            },
            "end": {
              "line": 28,
              "column": 60
            }
          },
          {
            "start": {
              "line": 28,
              "column": 64
            },
            "end": {
              "line": 28,
              "column": 97
            }
          }
        ],
        "line": 28
      },
      "1": {
        "loc": {
          "start": {
            "line": 29,
            "column": 0
          },
          "end": {
            "line": 43,
            "column": 1
          }
        },
        "type": "if",
        "locations": [
          {
            "start": {
              "line": 29,
              "column": 0
            },
            "end": {
              "line": 43,
              "column": 1
            }
          },
          {
            "start": {},
            "end": {}
          }
        ],
        "line": 29
      },
      "2": {
        "loc": {
          "start": {
            "line": 29,
            "column": 4
          },
          "end": {
            "line": 29,
            "column": 35
          }
        },
        "type": "binary-expr",
        "locations": [
          {
            "start": {
              "line": 29,
              "column": 4
            },
            "end": {
              "line": 29,
              "column": 19
            }
          },
          {
            "start": {
              "line": 29,
              "column": 23
            },
            "end": {
              "line": 29,
              "column": 35
            }
          }
        ],
        "line": 29
      },
      "3": {
        "loc": {
          "start": {
            "line": 30,
            "column": 2
          },
          "end": {
            "line": 34,
            "column": 3
          }
        },
        "type": "if",
        "locations": [
          {
            "start": {
              "line": 30,
              "column": 2
            },
            "end": {
              "line": 34,
              "column": 3
            }
          },
          {
            "start": {},
            "end": {}
          }
        ],
        "line": 30
      },
      "4": {
        "loc": {
          "start": {
            "line": 38,
            "column": 6
          },
          "end": {
            "line": 38,
            "column": 31
          }
        },
        "type": "if",
        "locations": [
          {
            "start": {
              "line": 38,
              "column": 6
            },
            "end": {
              "line": 38,
              "column": 31
            }
          },
          {
            "start": {},
            "end": {}
          }
        ],
        "line": 38
      },
      "5": {
        "loc": {
          "start": {
            "line": 40,
            "column": 6
          },
          "end": {
            "line": 40,
            "column": 75
          }
        },
        "type": "if",
        "locations": [
          {
            "start": {
              "line": 40,
              "column": 6
            },
            "end": {
              "line": 40,
              "column": 75
            }
          },
          {
            "start": {},
            "end": {}
          }
        ],
        "line": 40
      }
    },
    "s": {
      "0": 16,
      "1": 36,
      "2": 16,
      "3": 16,
      "4": 16,
      "5": 16,
      "6": 16,
      "7": 0,
      "8": 16,
      "9": 16,
      "10": 16,
      "11": 0,
      "12": 0,
      "13": 0,
      "14": 0,
      "15": 0,
      "16": 16,
      "17": 0
    },
    "f": {
      "0": 36,
      "1": 16,
      "2": 0,
      "3": 16,
      "4": 0
    },
    "b": {
      "0": [
        16,
        0
      ],
      "1": [
        16,
        0
      ],
      "2": [
        16,
        16
      ],
      "3": [
        0,
        16
      ],
      "4": [
        0,
        0
      ],
      "5": [
        0,
        0
      ]
    },
    "inputSourceMap": {
      "version": 3,
      "mappings": "AAoBY;AApBZ,OAAOA,eAAe;AACtB,OAAOC,iBAAiB;AACxB,OAAOC,cAAc;AASrB,MAAMC,QAAqC;AAAA,EACvCC,OAAOJ;AAAAA,EACPK,SAASJ;AAAAA,EACTK,MAAMJ;AACV;AAEA,wBAAwBK,QAAQ,EAAEC,SAASC,gBAA8B,GAAG;AACxE,SACI,uBAAC,OAAE,WAAW,0CAA0CA,iBAAiB,MAAK,SAC1E;AAAA,2BAAC,SAAI,KAAKN,MAAMM,eAAe,GAAG,KAAI,IAAG,eAAY,UAArD;AAAA;AAAA;AAAA;AAAA,WAA2D;AAAA,IAC1DD;AAAAA,OAFL;AAAA;AAAA;AAAA;AAAA,SAGA;AAER;AAACE,KAPuBH;AAAO,IAAAG;AAAA,aAAAA,IAAA",
      "names": [
        "ErrorIcon",
        "WarningIcon",
        "InfoIcon",
        "ICONS",
        "error",
        "warning",
        "info",
        "Callout",
        "message",
        "informationType",
        "_c"
      ],
      "ignoreList": [],
      "sources": [
        "/Users/theblooming/Documents/OpenClassRooms/projet_4_opc/Datashare/frontend/src/components/Callout/Callout.tsx"
      ],
      "file": "/Users/theblooming/Documents/OpenClassRooms/projet_4_opc/Datashare/frontend/src/components/Callout/Callout.tsx"
    },
    "_coverageSchema": "1a1c01bbd47fc00a2c39e90264f33305004495a9",
    "hash": "1805ee86097f9276729a26136042b2200e88e85d"
  },
  "/Users/theblooming/Documents/OpenClassRooms/projet_4_opc/Datashare/frontend/src/pages/Login/Login.tsx": {
    "path": "/Users/theblooming/Documents/OpenClassRooms/projet_4_opc/Datashare/frontend/src/pages/Login/Login.tsx",
    "statementMap": {
      "0": {
        "start": {
          "line": 2,
          "column": 9
        },
        "end": {
          "line": 2,
          "column": 23
        }
      },
      "1": {
        "start": {
          "line": 11,
          "column": 2
        },
        "end": {
          "line": 11,
          "column": 7
        }
      },
      "2": {
        "start": {
          "line": 12,
          "column": 28
        },
        "end": {
          "line": 12,
          "column": 40
        }
      },
      "3": {
        "start": {
          "line": 13,
          "column": 34
        },
        "end": {
          "line": 13,
          "column": 46
        }
      },
      "4": {
        "start": {
          "line": 14,
          "column": 28
        },
        "end": {
          "line": 14,
          "column": 40
        }
      },
      "5": {
        "start": {
          "line": 15,
          "column": 23
        },
        "end": {
          "line": 24,
          "column": 3
        }
      },
      "6": {
        "start": {
          "line": 16,
          "column": 4
        },
        "end": {
          "line": 16,
          "column": 23
        }
      },
      "7": {
        "start": {
          "line": 17,
          "column": 4
        },
        "end": {
          "line": 17,
          "column": 17
        }
      },
      "8": {
        "start": {
          "line": 18,
          "column": 4
        },
        "end": {
          "line": 23,
          "column": 5
        }
      },
      "9": {
        "start": {
          "line": 19,
          "column": 18
        },
        "end": {
          "line": 19,
          "column": 46
        }
      },
      "10": {
        "start": {
          "line": 20,
          "column": 6
        },
        "end": {
          "line": 20,
          "column": 34
        }
      },
      "11": {
        "start": {
          "line": 22,
          "column": 6
        },
        "end": {
          "line": 22,
          "column": 51
        }
      },
      "12": {
        "start": {
          "line": 25,
          "column": 2
        },
        "end": {
          "line": 125,
          "column": 11
        }
      },
      "13": {
        "start": {
          "line": 52,
          "column": 33
        },
        "end": {
          "line": 52,
          "column": 57
        }
      },
      "14": {
        "start": {
          "line": 73,
          "column": 33
        },
        "end": {
          "line": 73,
          "column": 60
        }
      },
      "15": {
        "start": {
          "line": 127,
          "column": 0
        },
        "end": {
          "line": 127,
          "column": 42
        }
      },
      "16": {
        "start": {
          "line": 128,
          "column": 0
        },
        "end": {
          "line": 128,
          "column": 11
        }
      },
      "17": {
        "start": {
          "line": 130,
          "column": 0
        },
        "end": {
          "line": 130,
          "column": 26
        }
      },
      "18": {
        "start": {
          "line": 132,
          "column": 20
        },
        "end": {
          "line": 132,
          "column": 97
        }
      },
      "19": {
        "start": {
          "line": 133,
          "column": 0
        },
        "end": {
          "line": 147,
          "column": 1
        }
      },
      "20": {
        "start": {
          "line": 134,
          "column": 2
        },
        "end": {
          "line": 138,
          "column": 3
        }
      },
      "21": {
        "start": {
          "line": 135,
          "column": 4
        },
        "end": {
          "line": 137,
          "column": 6
        }
      },
      "22": {
        "start": {
          "line": 139,
          "column": 2
        },
        "end": {
          "line": 146,
          "column": 5
        }
      },
      "23": {
        "start": {
          "line": 140,
          "column": 4
        },
        "end": {
          "line": 140,
          "column": 171
        }
      },
      "24": {
        "start": {
          "line": 141,
          "column": 4
        },
        "end": {
          "line": 145,
          "column": 7
        }
      },
      "25": {
        "start": {
          "line": 142,
          "column": 6
        },
        "end": {
          "line": 142,
          "column": 31
        }
      },
      "26": {
        "start": {
          "line": 142,
          "column": 24
        },
        "end": {
          "line": 142,
          "column": 31
        }
      },
      "27": {
        "start": {
          "line": 143,
          "column": 32
        },
        "end": {
          "line": 143,
          "column": 220
        }
      },
      "28": {
        "start": {
          "line": 144,
          "column": 6
        },
        "end": {
          "line": 144,
          "column": 75
        }
      },
      "29": {
        "start": {
          "line": 144,
          "column": 29
        },
        "end": {
          "line": 144,
          "column": 75
        }
      },
      "30": {
        "start": {
          "line": 149,
          "column": 2
        },
        "end": {
          "line": 149,
          "column": 150
        }
      },
      "31": {
        "start": {
          "line": 152,
          "column": 2
        },
        "end": {
          "line": 152,
          "column": 62
        }
      },
      "32": {
        "start": {
          "line": 15,
          "column": 23
        },
        "end": {
          "line": 23,
          "column": 3
        }
      },
      "33": {
        "start": {
          "line": 18,
          "column": 4
        },
        "end": {
          "line": 22,
          "column": 5
        }
      },
      "34": {
        "start": {
          "line": 19,
          "column": 6
        },
        "end": {
          "line": 19,
          "column": 35
        }
      },
      "35": {
        "start": {
          "line": 21,
          "column": 6
        },
        "end": {
          "line": 21,
          "column": 51
        }
      },
      "36": {
        "start": {
          "line": 24,
          "column": 2
        },
        "end": {
          "line": 124,
          "column": 11
        }
      },
      "37": {
        "start": {
          "line": 51,
          "column": 33
        },
        "end": {
          "line": 51,
          "column": 57
        }
      },
      "38": {
        "start": {
          "line": 72,
          "column": 33
        },
        "end": {
          "line": 72,
          "column": 60
        }
      },
      "39": {
        "start": {
          "line": 126,
          "column": 0
        },
        "end": {
          "line": 126,
          "column": 42
        }
      },
      "40": {
        "start": {
          "line": 127,
          "column": 0
        },
        "end": {
          "line": 127,
          "column": 11
        }
      },
      "41": {
        "start": {
          "line": 129,
          "column": 0
        },
        "end": {
          "line": 129,
          "column": 26
        }
      },
      "42": {
        "start": {
          "line": 131,
          "column": 20
        },
        "end": {
          "line": 131,
          "column": 97
        }
      },
      "43": {
        "start": {
          "line": 132,
          "column": 0
        },
        "end": {
          "line": 146,
          "column": 1
        }
      },
      "44": {
        "start": {
          "line": 133,
          "column": 2
        },
        "end": {
          "line": 137,
          "column": 3
        }
      },
      "45": {
        "start": {
          "line": 134,
          "column": 4
        },
        "end": {
          "line": 136,
          "column": 6
        }
      },
      "46": {
        "start": {
          "line": 138,
          "column": 2
        },
        "end": {
          "line": 145,
          "column": 5
        }
      },
      "47": {
        "start": {
          "line": 139,
          "column": 4
        },
        "end": {
          "line": 139,
          "column": 171
        }
      },
      "48": {
        "start": {
          "line": 140,
          "column": 4
        },
        "end": {
          "line": 144,
          "column": 7
        }
      },
      "49": {
        "start": {
          "line": 141,
          "column": 6
        },
        "end": {
          "line": 141,
          "column": 31
        }
      },
      "50": {
        "start": {
          "line": 141,
          "column": 24
        },
        "end": {
          "line": 141,
          "column": 31
        }
      },
      "51": {
        "start": {
          "line": 142,
          "column": 32
        },
        "end": {
          "line": 142,
          "column": 220
        }
      },
      "52": {
        "start": {
          "line": 143,
          "column": 6
        },
        "end": {
          "line": 143,
          "column": 75
        }
      },
      "53": {
        "start": {
          "line": 143,
          "column": 29
        },
        "end": {
          "line": 143,
          "column": 75
        }
      },
      "54": {
        "start": {
          "line": 148,
          "column": 2
        },
        "end": {
          "line": 148,
          "column": 150
        }
      },
      "55": {
        "start": {
          "line": 151,
          "column": 2
        },
        "end": {
          "line": 151,
          "column": 62
        }
      }
    },
    "fnMap": {
      "0": {
        "name": "Login",
        "decl": {
          "start": {
            "line": 10,
            "column": 24
          },
          "end": {
            "line": 10,
            "column": 29
          }
        },
        "loc": {
          "start": {
            "line": 10,
            "column": 32
          },
          "end": {
            "line": 126,
            "column": 1
          }
        },
        "line": 10
      },
      "1": {
        "name": "(anonymous_1)",
        "decl": {
          "start": {
            "line": 15,
            "column": 23
          },
          "end": {
            "line": 15,
            "column": 24
          }
        },
        "loc": {
          "start": {
            "line": 15,
            "column": 36
          },
          "end": {
            "line": 24,
            "column": 3
          }
        },
        "line": 15
      },
      "2": {
        "name": "(anonymous_2)",
        "decl": {
          "start": {
            "line": 52,
            "column": 26
          },
          "end": {
            "line": 52,
            "column": 27
          }
        },
        "loc": {
          "start": {
            "line": 52,
            "column": 33
          },
          "end": {
            "line": 52,
            "column": 57
          }
        },
        "line": 52
      },
      "3": {
        "name": "(anonymous_3)",
        "decl": {
          "start": {
            "line": 73,
            "column": 26
          },
          "end": {
            "line": 73,
            "column": 27
          }
        },
        "loc": {
          "start": {
            "line": 73,
            "column": 33
          },
          "end": {
            "line": 73,
            "column": 60
          }
        },
        "line": 73
      },
      "4": {
        "name": "(anonymous_4)",
        "decl": {
          "start": {
            "line": 139,
            "column": 52
          },
          "end": {
            "line": 139,
            "column": 53
          }
        },
        "loc": {
          "start": {
            "line": 139,
            "column": 72
          },
          "end": {
            "line": 146,
            "column": 3
          }
        },
        "line": 139
      },
      "5": {
        "name": "(anonymous_5)",
        "decl": {
          "start": {
            "line": 141,
            "column": 27
          },
          "end": {
            "line": 141,
            "column": 28
          }
        },
        "loc": {
          "start": {
            "line": 141,
            "column": 44
          },
          "end": {
            "line": 145,
            "column": 5
          }
        },
        "line": 141
      },
      "6": {
        "name": "$RefreshReg$",
        "decl": {
          "start": {
            "line": 148,
            "column": 9
          },
          "end": {
            "line": 148,
            "column": 21
          }
        },
        "loc": {
          "start": {
            "line": 148,
            "column": 32
          },
          "end": {
            "line": 150,
            "column": 1
          }
        },
        "line": 148
      },
      "7": {
        "name": "$RefreshSig$",
        "decl": {
          "start": {
            "line": 151,
            "column": 9
          },
          "end": {
            "line": 151,
            "column": 21
          }
        },
        "loc": {
          "start": {
            "line": 151,
            "column": 24
          },
          "end": {
            "line": 153,
            "column": 1
          }
        },
        "line": 151
      },
      "8": {
        "name": "Login",
        "decl": {
          "start": {
            "line": 10,
            "column": 24
          },
          "end": {
            "line": 10,
            "column": 29
          }
        },
        "loc": {
          "start": {
            "line": 10,
            "column": 32
          },
          "end": {
            "line": 125,
            "column": 1
          }
        },
        "line": 10
      },
      "9": {
        "name": "(anonymous_1)",
        "decl": {
          "start": {
            "line": 15,
            "column": 23
          },
          "end": {
            "line": 15,
            "column": 24
          }
        },
        "loc": {
          "start": {
            "line": 15,
            "column": 36
          },
          "end": {
            "line": 23,
            "column": 3
          }
        },
        "line": 15
      },
      "10": {
        "name": "(anonymous_2)",
        "decl": {
          "start": {
            "line": 51,
            "column": 26
          },
          "end": {
            "line": 51,
            "column": 27
          }
        },
        "loc": {
          "start": {
            "line": 51,
            "column": 33
          },
          "end": {
            "line": 51,
            "column": 57
          }
        },
        "line": 51
      },
      "11": {
        "name": "(anonymous_3)",
        "decl": {
          "start": {
            "line": 72,
            "column": 26
          },
          "end": {
            "line": 72,
            "column": 27
          }
        },
        "loc": {
          "start": {
            "line": 72,
            "column": 33
          },
          "end": {
            "line": 72,
            "column": 60
          }
        },
        "line": 72
      },
      "12": {
        "name": "(anonymous_4)",
        "decl": {
          "start": {
            "line": 138,
            "column": 52
          },
          "end": {
            "line": 138,
            "column": 53
          }
        },
        "loc": {
          "start": {
            "line": 138,
            "column": 72
          },
          "end": {
            "line": 145,
            "column": 3
          }
        },
        "line": 138
      },
      "13": {
        "name": "(anonymous_5)",
        "decl": {
          "start": {
            "line": 140,
            "column": 27
          },
          "end": {
            "line": 140,
            "column": 28
          }
        },
        "loc": {
          "start": {
            "line": 140,
            "column": 44
          },
          "end": {
            "line": 144,
            "column": 5
          }
        },
        "line": 140
      },
      "14": {
        "name": "$RefreshReg$",
        "decl": {
          "start": {
            "line": 147,
            "column": 9
          },
          "end": {
            "line": 147,
            "column": 21
          }
        },
        "loc": {
          "start": {
            "line": 147,
            "column": 32
          },
          "end": {
            "line": 149,
            "column": 1
          }
        },
        "line": 147
      },
      "15": {
        "name": "$RefreshSig$",
        "decl": {
          "start": {
            "line": 150,
            "column": 9
          },
          "end": {
            "line": 150,
            "column": 21
          }
        },
        "loc": {
          "start": {
            "line": 150,
            "column": 24
          },
          "end": {
            "line": 152,
            "column": 1
          }
        },
        "line": 150
      }
    },
    "branchMap": {
      "0": {
        "loc": {
          "start": {
            "line": 86,
            "column": 12
          },
          "end": {
            "line": 90,
            "column": 20
          }
        },
        "type": "binary-expr",
        "locations": [
          {
            "start": {
              "line": 86,
              "column": 12
            },
            "end": {
              "line": 86,
              "column": 17
            }
          },
          {
            "start": {
              "line": 86,
              "column": 37
            },
            "end": {
              "line": 90,
              "column": 20
            }
          }
        ],
        "line": 86
      },
      "1": {
        "loc": {
          "start": {
            "line": 132,
            "column": 20
          },
          "end": {
            "line": 132,
            "column": 97
          }
        },
        "type": "binary-expr",
        "locations": [
          {
            "start": {
              "line": 132,
              "column": 20
            },
            "end": {
              "line": 132,
              "column": 60
            }
          },
          {
            "start": {
              "line": 132,
              "column": 64
            },
            "end": {
              "line": 132,
              "column": 97
            }
          }
        ],
        "line": 132
      },
      "2": {
        "loc": {
          "start": {
            "line": 133,
            "column": 0
          },
          "end": {
            "line": 147,
            "column": 1
          }
        },
        "type": "if",
        "locations": [
          {
            "start": {
              "line": 133,
              "column": 0
            },
            "end": {
              "line": 147,
              "column": 1
            }
          },
          {
            "start": {},
            "end": {}
          }
        ],
        "line": 133
      },
      "3": {
        "loc": {
          "start": {
            "line": 133,
            "column": 4
          },
          "end": {
            "line": 133,
            "column": 35
          }
        },
        "type": "binary-expr",
        "locations": [
          {
            "start": {
              "line": 133,
              "column": 4
            },
            "end": {
              "line": 133,
              "column": 19
            }
          },
          {
            "start": {
              "line": 133,
              "column": 23
            },
            "end": {
              "line": 133,
              "column": 35
            }
          }
        ],
        "line": 133
      },
      "4": {
        "loc": {
          "start": {
            "line": 134,
            "column": 2
          },
          "end": {
            "line": 138,
            "column": 3
          }
        },
        "type": "if",
        "locations": [
          {
            "start": {
              "line": 134,
              "column": 2
            },
            "end": {
              "line": 138,
              "column": 3
            }
          },
          {
            "start": {},
            "end": {}
          }
        ],
        "line": 134
      },
      "5": {
        "loc": {
          "start": {
            "line": 142,
            "column": 6
          },
          "end": {
            "line": 142,
            "column": 31
          }
        },
        "type": "if",
        "locations": [
          {
            "start": {
              "line": 142,
              "column": 6
            },
            "end": {
              "line": 142,
              "column": 31
            }
          },
          {
            "start": {},
            "end": {}
          }
        ],
        "line": 142
      },
      "6": {
        "loc": {
          "start": {
            "line": 144,
            "column": 6
          },
          "end": {
            "line": 144,
            "column": 75
          }
        },
        "type": "if",
        "locations": [
          {
            "start": {
              "line": 144,
              "column": 6
            },
            "end": {
              "line": 144,
              "column": 75
            }
          },
          {
            "start": {},
            "end": {}
          }
        ],
        "line": 144
      },
      "7": {
        "loc": {
          "start": {
            "line": 85,
            "column": 12
          },
          "end": {
            "line": 89,
            "column": 20
          }
        },
        "type": "binary-expr",
        "locations": [
          {
            "start": {
              "line": 85,
              "column": 12
            },
            "end": {
              "line": 85,
              "column": 17
            }
          },
          {
            "start": {
              "line": 85,
              "column": 37
            },
            "end": {
              "line": 89,
              "column": 20
            }
          }
        ],
        "line": 85
      },
      "8": {
        "loc": {
          "start": {
            "line": 131,
            "column": 20
          },
          "end": {
            "line": 131,
            "column": 97
          }
        },
        "type": "binary-expr",
        "locations": [
          {
            "start": {
              "line": 131,
              "column": 20
            },
            "end": {
              "line": 131,
              "column": 60
            }
          },
          {
            "start": {
              "line": 131,
              "column": 64
            },
            "end": {
              "line": 131,
              "column": 97
[...]
        "type": "binary-expr",
        "locations": [
          {
            "start": {
              "line": 13,
              "column": 35
            },
            "end": {
              "line": 13,
              "column": 46
            }
          },
          {
            "start": {
              "line": 13,
              "column": 50
            },
            "end": {
              "line": 13,
              "column": 54
            }
          }
        ],
        "line": 13
      },
      "1": {
        "loc": {
          "start": {
            "line": 22,
            "column": 4
          },
          "end": {
            "line": 22,
            "column": 26
          }
        },
        "type": "if",
        "locations": [
          {
            "start": {
              "line": 22,
              "column": 4
            },
            "end": {
              "line": 22,
              "column": 26
            }
          },
          {
            "start": {},
            "end": {}
          }
        ],
        "line": 22
      },
      "2": {
        "loc": {
          "start": {
            "line": 23,
            "column": 4
          },
          "end": {
            "line": 28,
            "column": 5
          }
        },
        "type": "if",
        "locations": [
          {
            "start": {
              "line": 23,
              "column": 4
            },
            "end": {
              "line": 28,
              "column": 5
            }
          },
          {
            "start": {},
            "end": {}
          }
        ],
        "line": 23
      },
      "3": {
        "loc": {
          "start": {
            "line": 34,
            "column": 4
          },
          "end": {
            "line": 34,
            "column": 22
          }
        },
        "type": "if",
        "locations": [
          {
            "start": {
              "line": 34,
              "column": 4
            },
            "end": {
              "line": 34,
              "column": 22
            }
          },
          {
            "start": {},
            "end": {}
          }
        ],
        "line": 34
      },
      "4": {
        "loc": {
          "start": {
            "line": 38,
            "column": 41
          },
          "end": {
            "line": 38,
            "column": 59
          }
        },
        "type": "binary-expr",
        "locations": [
          {
            "start": {
              "line": 38,
              "column": 41
            },
            "end": {
              "line": 38,
              "column": 49
            }
          },
          {
            "start": {
              "line": 38,
              "column": 53
            },
            "end": {
              "line": 38,
              "column": 59
            }
          }
        ],
        "line": 38
      },
      "5": {
        "loc": {
          "start": {
            "line": 42,
            "column": 6
          },
          "end": {
            "line": 42,
            "column": 61
          }
        },
        "type": "if",
        "locations": [
          {
            "start": {
              "line": 42,
              "column": 6
            },
            "end": {
              "line": 42,
              "column": 61
            }
          },
          {
            "start": {},
            "end": {}
          }
        ],
        "line": 42
      },
      "6": {
        "loc": {
          "start": {
            "line": 47,
            "column": 4
          },
          "end": {
            "line": 47,
            "column": 30
          }
        },
        "type": "if",
        "locations": [
          {
            "start": {
              "line": 47,
              "column": 4
            },
            "end": {
              "line": 47,
              "column": 30
            }
          },
          {
            "start": {},
            "end": {}
          }
        ],
        "line": 47
      },
      "7": {
        "loc": {
          "start": {
            "line": 58,
            "column": 6
          },
          "end": {
            "line": 146,
            "column": 14
          }
        },
        "type": "binary-expr",
        "locations": [
          {
            "start": {
              "line": 58,
              "column": 7
            },
            "end": {
              "line": 58,
              "column": 27
            }
          },
          {
            "start": {
              "line": 58,
              "column": 31
            },
            "end": {
              "line": 58,
              "column": 48
            }
          },
          {
            "start": {
              "line": 58,
              "column": 69
            },
            "end": {
              "line": 146,
              "column": 14
            }
          }
        ],
        "line": 58
      },
      "8": {
        "loc": {
          "start": {
            "line": 76,
            "column": 73
          },
          "end": {
            "line": 76,
            "column": 125
          }
        },
        "type": "cond-expr",
        "locations": [
          {
            "start": {
              "line": 76,
              "column": 93
            },
            "end": {
              "line": 76,
              "column": 120
            }
          },
          {
            "start": {
              "line": 76,
              "column": 123
            },
            "end": {
              "line": 76,
              "column": 125
            }
          }
        ],
        "line": 76
      },
      "9": {
        "loc": {
          "start": {
            "line": 76,
            "column": 139
          },
          "end": {
            "line": 76,
            "column": 197
          }
        },
        "type": "cond-expr",
        "locations": [
          {
            "start": {
              "line": 76,
              "column": 146
            },
            "end": {
              "line": 76,
              "column": 192
            }
          },
          {
            "start": {
              "line": 76,
              "column": 195
            },
            "end": {
              "line": 76,
              "column": 197
            }
          }
        ],
        "line": 76
      },
      "10": {
        "loc": {
          "start": {
            "line": 81,
            "column": 12
          },
          "end": {
            "line": 85,
            "column": 20
          }
        },
        "type": "binary-expr",
        "locations": [
          {
            "start": {
              "line": 81,
              "column": 12
            },
            "end": {
              "line": 81,
              "column": 29
            }
          },
          {
            "start": {
              "line": 81,
              "column": 49
            },
            "end": {
              "line": 85,
              "column": 20
            }
          }
        ],
        "line": 81
      },
      "11": {
        "loc": {
          "start": {
            "line": 147,
            "column": 6
          },
          "end": {
            "line": 199,
            "column": 14
          }
        },
        "type": "binary-expr",
        "locations": [
          {
            "start": {
              "line": 147,
              "column": 6
            },
            "end": {
              "line": 147,
              "column": 25
            }
          },
          {
            "start": {
              "line": 147,
              "column": 29
            },
            "end": {
              "line": 147,
              "column": 41
            }
          },
          {
            "start": {
              "line": 147,
              "column": 61
            },
            "end": {
              "line": 199,
              "column": 14
            }
          }
        ],
        "line": 147
      },
      "12": {
        "loc": {
          "start": {
            "line": 165,
            "column": 84
          },
          "end": {
            "line": 165,
            "column": 142
          }
        },
        "type": "cond-expr",
        "locations": [
          {
            "start": {
              "line": 165,
              "column": 91
            },
            "end": {
              "line": 165,
              "column": 137
            }
          },
          {
            "start": {
              "line": 165,
              "column": 140
            },
            "end": {
              "line": 165,
              "column": 142
            }
          }
        ],
        "line": 165
      },
      "13": {
        "loc": {
          "start": {
            "line": 228,
            "column": 20
          },
          "end": {
            "line": 228,
            "column": 97
          }
        },
        "type": "binary-expr",
        "locations": [
          {
            "start": {
              "line": 228,
              "column": 20
            },
            "end": {
              "line": 228,
              "column": 60
            }
          },
          {
            "start": {
              "line": 228,
              "column": 64
            },
            "end": {
              "line": 228,
              "column": 97
            }
          }
        ],
        "line": 228
      },
      "14": {
        "loc": {
          "start": {
            "line": 229,
            "column": 0
          },
          "end": {
            "line": 243,
            "column": 1
          }
        },
        "type": "if",
        "locations": [
          {
            "start": {
              "line": 229,
              "column": 0
            },
            "end": {
              "line": 243,
              "column": 1
            }
          },
          {
            "start": {},
            "end": {}
          }
        ],
        "line": 229
      },
      "15": {
        "loc": {
          "start": {
            "line": 229,
            "column": 4
          },
          "end": {
            "line": 229,
            "column": 35
          }
        },
        "type": "binary-expr",
        "locations": [
          {
            "start": {
              "line": 229,
              "column": 4
            },
            "end": {
              "line": 229,
              "column": 19
            }
          },
          {
            "start": {
              "line": 229,
              "column": 23
            },
            "end": {
              "line": 229,
              "column": 35
            }
          }
        ],
        "line": 229
      },
      "16": {
        "loc": {
          "start": {
            "line": 230,
            "column": 2
          },
          "end": {
            "line": 234,
            "column": 3
          }
        },
        "type": "if",
        "locations": [
          {
            "start": {
              "line": 230,
              "column": 2
            },
            "end": {
              "line": 234,
              "column": 3
            }
          },
          {
            "start": {},
            "end": {}
          }
        ],
        "line": 230
      },
      "17": {
        "loc": {
          "start": {
            "line": 238,
            "column": 6
          },
          "end": {
            "line": 238,
            "column": 31
          }
        },
        "type": "if",
        "locations": [
          {
            "start": {
              "line": 238,
              "column": 6
            },
            "end": {
              "line": 238,
              "column": 31
            }
          },
          {
            "start": {},
            "end": {}
          }
        ],
        "line": 238
      },
      "18": {
        "loc": {
          "start": {
            "line": 240,
            "column": 6
          },
          "end": {
            "line": 240,
            "column": 75
          }
        },
        "type": "if",
        "locations": [
          {
            "start": {
              "line": 240,
              "column": 6
            },
            "end": {
              "line": 240,
              "column": 75
            }
          },
          {
            "start": {},
            "end": {}
          }
        ],
        "line": 240
      }
    },
    "s": {
      "0": 8,
      "1": 0,
      "2": 0,
      "3": 0,
      "4": 0,
      "5": 0,
      "6": 0,
      "7": 0,
      "8": 0,
      "9": 0,
      "10": 0,
      "11": 0,
      "12": 0,
      "13": 0,
      "14": 0,
      "15": 0,
      "16": 0,
      "17": 0,
      "18": 0,
      "19": 0,
      "20": 0,
      "21": 0,
      "22": 0,
      "23": 0,
      "24": 0,
      "25": 0,
      "26": 0,
      "27": 0,
      "28": 0,
      "29": 0,
      "30": 0,
      "31": 0,
      "32": 0,
      "33": 0,
      "34": 0,
      "35": 0,
      "36": 0,
      "37": 0,
      "38": 0,
      "39": 0,
      "40": 0,
      "41": 0,
      "42": 0,
      "43": 0,
      "44": 0,
      "45": 8,
      "46": 0,
      "47": 8,
      "48": 8,
      "49": 8,
      "50": 8,
      "51": 8,
      "52": 0,
      "53": 8,
      "54": 8,
      "55": 8,
      "56": 0,
      "57": 0,
      "58": 0,
      "59": 0,
      "60": 0,
      "61": 8,
      "62": 8
    },
    "f": {
      "0": 0,
      "1": 0,
      "2": 0,
      "3": 0,
      "4": 0,
      "5": 0,
      "6": 0,
      "7": 0,
      "8": 8,
      "9": 0,
      "10": 8,
      "11": 8
    },
    "b": {
      "0": [
        0,
        0
      ],
      "1": [
        0,
        0
      ],
      "2": [
        0,
        0
      ],
      "3": [
        0,
        0
      ],
      "4": [
        0,
        0
      ],
      "5": [
        0,
        0
      ],
      "6": [
        0,
        0
      ],
      "7": [
        0,
        0,
        0
      ],
      "8": [
        0,
        0
      ],
      "9": [
        0,
        0
      ],
      "10": [
        0,
        0
      ],
      "11": [
        0,
        0,
        0
      ],
      "12": [
        0,
        0
      ],
      "13": [
        8,
        0
      ],
      "14": [
        8,
        0
      ],
      "15": [
        8,
        8
      ],
      "16": [
        0,
        8
      ],
      "17": [
        0,
        0
      ],
      "18": [
        0,
        0
      ]
    },
    "inputSourceMap": {
      "version": 3,
      "mappings": "AA2DY;;AA3DZ,SAASA,UAAUC,cAAc;AACjC,SAASC,mBAAmB;AAC5B,OAAOC,YAAY;AACnB,OAAO;AACP,SAASC,kBAAqC;AAG9C,wBAAwBC,SAAS;AAAAC,KAAA;AAC7B,QAAMC,WAAWL,YAAY;AAC7B,QAAMM,cAAcD,SAASE,OAAOC;AAEpC,QAAM,CAACD,OAAOE,QAAQ,IAAIX,SAAsB,UAAU;AAC1D,QAAM,CAACU,MAAME,OAAO,IAAIZ,SAAsBQ,eAAe,IAAI;AACjE,QAAM,CAACK,UAAUC,WAAW,IAAId,SAAS,EAAE;AAC3C,QAAM,CAACe,YAAYC,aAAa,IAAIhB,SAAS,GAAG;AAChD,QAAM,CAACiB,cAAcC,eAAe,IAAIlB,SAA8B,IAAI;AAC1E,QAAM,CAACmB,cAAcC,eAAe,IAAIpB,SAAS,EAAE;AACnD,QAAMqB,WAAWpB,OAAyB,IAAI;AAE9C,QAAMqB,WAAW,OAAO,OAAO;AAE/B,QAAMC,mBAAmBA,CAACC,MAA2C;AACjE,UAAMC,WAAWD,EAAEE,OAAOC,QAAQ,CAAC;AACnC,QAAI,CAACF,SAAU;AACf,QAAIA,SAASG,OAAON,UAAU;AAC1BV,cAAQa,QAAQ;AAChBL,sBAAgB,4CAA4C;AAC5DT,eAAS,OAAO;AAChB;AAAA,IACJ;AACAC,YAAQa,QAAQ;AAChBL,oBAAgB,EAAE;AAClBT,aAAS,UAAU;AAAA,EACvB;AAEA,QAAMkB,eAAe,YAAY;AAC7B,QAAI,CAACnB,KAAM;AAEX,QAAI;AACA,YAAMoB,YAAY,oBAAIC,KAAK;AAC3BD,gBAAUE,QAAQF,UAAUG,QAAQ,IAAIC,SAASnB,UAAU,CAAC;AAE5D,YAAMoB,MAAM,MAAM/B,WAAWM,MAAMG,YAAYuB,QAAWN,UAAUO,YAAY,CAAC;AACjFnB,sBAAgBiB,GAAG;AACnBxB,eAAS,SAAS;AAAA,IACtB,SAAS2B,KAAc;AACnB,UAAIA,eAAeC,MAAOnB,iBAAgBkB,IAAIE,OAAO;AACrD7B,eAAS,OAAO;AAAA,IACpB;AAAA,EACJ;AAEA,QAAM8B,iBAAiBA,MAAM;AACzB,QAAI,CAACxB,aAAc;AACnB,UAAMyB,OAAO,GAAGC,OAAOpC,SAASqC,MAAM,aAAa3B,aAAa4B,KAAK;AACrEC,cAAUC,UAAUC,UAAUN,IAAI;AAAA,EACtC;AAEA,SACI,uBAAC,SAAI,WAAU,eACX;AAAA,2BAAC,UAAO,SAAQ,WAAhB;AAAA;AAAA;AAAA;AAAA,WAAuB;AAAA,IACvB,uBAAC,SAAI,WAAU,mBACTjC;AAAAA,iBAAU,cAAcA,UAAU,YAChC,uBAAC,SAAI,WAAU,gBACX;AAAA,+BAAC,QAAG,WAAU,iBAAgB,kCAA9B;AAAA;AAAA;AAAA;AAAA,eAAgD;AAAA,QAChD,uBAAC,SAAI,WAAU,gBACX;AAAA,iCAAC,UAAK,WAAU,qBAAoB,kBAApC;AAAA;AAAA;AAAA;AAAA,iBAAsC;AAAA,UACtC,uBAAC,SAAI,WAAU,qBACX;AAAA,mCAAC,OAAE,WAAU,qBAAqBC,gBAAMuC,QAAxC;AAAA;AAAA;AAAA;AAAA,mBAA6C;AAAA,YAC7C,uBAAC,OAAE,WAAW,oBAAoBxC,UAAU,UAAU,8BAA8B,EAAE,IACjFC,kBAAQA,KAAKkB,QAAQ,OAAO,OAAOsB,QAAQ,CAAC,IAAI,QAAQ,MAD7D;AAAA;AAAA;AAAA;AAAA,mBAEA;AAAA,YACCzC,UAAU,WAAW,uBAAC,OAAE,WAAU,iBAAiBU,0BAA9B;AAAA;AAAA;AAAA;AAAA,mBAA2C;AAAA,eALrE;AAAA;AAAA;AAAA;AAAA,iBAMA;AAAA,UACA,uBAAC,YAAO,WAAU,sBAAqB,SAAS,MAAME,SAAS8B,SAASC,MAAM,GAAG,uBAAjF;AAAA;AAAA;AAAA;AAAA,iBAAwF;AAAA,aAT5F;AAAA;AAAA;AAAA;AAAA,eAUA;AAAA,QACA,uBAAC,WAAM,WAAU,iBAAgB,4BAAjC;AAAA;AAAA;AAAA;AAAA,eAA6C;AAAA,QAC7C,uBAAC,WAAM,WAAU,iBAAgB,MAAK,YAAW,aAAY,aAAY,OAAOvC,UAAU,UAAU,CAACW,MAAMV,YAAYU,EAAEE,OAAO2B,KAAK,KAArI;AAAA;AAAA;AAAA;AAAA,eAAuI;AAAA,QACvI,uBAAC,WAAM,WAAU,iBAAgB,0BAAjC;AAAA;AAAA;AAAA;AAAA,eAA2C;AAAA,QAC3C,uBAAC,YAAO,WAAU,kBAAiB,OAAOtC,YAAY,UAAU,CAACS,MAAMR,cAAcQ,EAAEE,OAAO2B,KAAK,GAC/F;AAAA,iCAAC,YAAO,OAAM,KAAI,2BAAlB;AAAA;AAAA;AAAA;AAAA,iBAA6B;AAAA,UAC7B,uBAAC,YAAO,OAAM,KAAI,uBAAlB;AAAA;AAAA;AAAA;AAAA,iBAAyB;AAAA,UACzB,uBAAC,YAAO,OAAM,KAAI,2BAAlB;AAAA;AAAA;AAAA;AAAA,iBAA6B;AAAA,aAHjC;AAAA;AAAA;AAAA;AAAA,eAIA;AAAA,QACA,uBAAC,YAAO,WAAU,sBAAqB,SAASxB,cAAc,UAAUpB,UAAU,SAAS,4BAA3F;AAAA;AAAA;AAAA;AAAA,eAAuG;AAAA,WArB3G;AAAA;AAAA;AAAA;AAAA,aAsBA;AAAA,MAEHA,UAAU,aAAaQ,gBACpB,uBAAC,SAAI,WAAU,gBACX;AAAA,+BAAC,QAAG,WAAU,iBAAgB,kCAA9B;AAAA;AAAA;AAAA;AAAA,eAAgD;AAAA,QAChD,uBAAC,SAAI,WAAU,gBACX;AAAA,iCAAC,UAAK,WAAU,qBAAoB,kBAApC;AAAA;AAAA;AAAA;AAAA,iBAAsC;AAAA,UACtC,uBAAC,SACG;AAAA,mCAAC,OAAE,WAAU,qBAAqBA,uBAAaqC,gBAA/C;AAAA;AAAA;AAAA;AAAA,mBAA4D;AAAA,YAC5D,uBAAC,OAAE,WAAU,qBAAqB5C,kBAAQA,KAAKkB,QAAQ,OAAO,OAAOsB,QAAQ,CAAC,IAAI,QAAQ,MAA1F;AAAA;AAAA;AAAA;AAAA,mBAA6F;AAAA,eAFjG;AAAA;AAAA;AAAA;AAAA,iBAGA;AAAA,aALJ;AAAA;AAAA;AAAA;AAAA,eAMA;AAAA,QACA,uBAAC,OAAE,WAAU,wBAAuB,wFAApC;AAAA;AAAA;AAAA;AAAA,eAA4G;AAAA,QAC5G,uBAAC,OAAE,WAAU,gBAAe,MAAM,aAAajC,aAAa4B,KAAK,IAAI,QAAO,UAAS,KAAI,cACpF,aAAGF,OAAOpC,SAASqC,MAAM,aAAa3B,aAAa4B,KAAK,MAD7D;AAAA;AAAA;AAAA;AAAA,eAEA;AAAA,QACA,uBAAC,YAAO,WAAU,oBAAmB,SAASJ,gBAAgB,iCAA9D;AAAA;AAAA;AAAA;AAAA,eAA+E;AAAA,WAbnF;AAAA;AAAA;AAAA;AAAA,aAcA;AAAA,SAzCR;AAAA;AAAA;AAAA;AAAA,WA2CA;AAAA,IACA,uBAAC,WAAM,KAAKpB,UAAU,MAAK,QAAO,OAAO,EAAEkC,SAAS,OAAO,GAAG,UAAUhC,oBAAxE;AAAA;AAAA;AAAA;AAAA,WAAyF;AAAA,IACzF,uBAAC,YAAO,WAAU,kBAAiB,yCAAnC;AAAA;AAAA;AAAA;AAAA,WAA4D;AAAA,OA/ChE;AAAA;AAAA;AAAA;AAAA,SAgDA;AAER;AAACjB,GArGuBD,QAAM;AAAA,UACTH,WAAW;AAAA;AAAA,KADRG;AAAM,IAAAmD;AAAA,aAAAA,IAAA",
      "names": [
        "useState",
        "useRef",
        "useLocation",
        "Header",
        "uploadFile",
        "Upload",
        "_s",
        "location",
        "initialFile",
        "state",
        "file",
        "setState",
        "setFile",
        "password",
        "setPassword",
        "expiration",
        "setExpiration",
        "uploadResult",
        "setUploadResult",
        "errorMessage",
        "setErrorMessage",
        "inputRef",
        "MAX_SIZE",
        "handleFileChange",
        "e",
        "selected",
        "target",
        "files",
        "size",
        "handleUpload",
        "expiresAt",
        "Date",
        "setDate",
        "getDate",
        "parseInt",
        "res",
        "undefined",
        "toISOString",
        "err",
        "Error",
        "message",
        "handleCopyLink",
        "link",
        "window",
        "origin",
        "token",
        "navigator",
        "clipboard",
        "writeText",
        "name",
        "toFixed",
        "current",
        "click",
        "value",
        "originalName",
        "display",
        "_c"
      ],
      "ignoreList": [],
      "sources": [
        "/Users/theblooming/Documents/OpenClassRooms/projet_4_opc/Datashare/frontend/src/pages/Upload/Upload.tsx"
      ],
      "file": "/Users/theblooming/Documents/OpenClassRooms/projet_4_opc/Datashare/frontend/src/pages/Upload/Upload.tsx"
    },
    "_coverageSchema": "1a1c01bbd47fc00a2c39e90264f33305004495a9",
    "hash": "e9a9edd17716407bcde0486e5ff9cc7ff5f20a81"
  }
}